<?xml version="1.0" encoding="UTF-8"?>
<robot generator="Robot 7.3.2 (Python 3.12.3 on darwin)" generated="2025-09-25T00:32:22.844132" rpa="false" schemaversion="5">
<suite id="s1" name="Test" source="/Users/jrosenueva/Desktop/QA/Training/Tests/test.robot">
<kw name="Launch And Login" type="SETUP">
<kw name="Launch Browser">
<kw name="Open Browser" owner="SeleniumLibrary">
<msg time="2025-09-25T00:32:22.934701" level="INFO">Opening browser 'chrome' to base url 'https://marmelab.com/react-admin-demo'.</msg>
<arg>${url}</arg>
<arg>chrome</arg>
<arg>options=add_argument("--start-maximized")</arg>
<doc>Opens a new browser instance to the optional ``url``.</doc>
<status status="PASS" start="2025-09-25T00:32:22.934532" elapsed="2.766114"/>
</kw>
<kw name="Wait Until Element Is Visible" owner="SeleniumLibrary">
<arg>${element_to_wait}</arg>
<arg>timeout=20s</arg>
<doc>Waits until the element ``locator`` is visible.</doc>
<status status="PASS" start="2025-09-25T00:32:25.702017" elapsed="0.435772"/>
</kw>
<arg>${URL}</arg>
<arg>${login_txt_username}</arg>
<status status="PASS" start="2025-09-25T00:32:22.934131" elapsed="3.204351"/>
</kw>
<kw name="Login User">
<kw name="Input Text" owner="SeleniumLibrary">
<msg time="2025-09-25T00:32:26.139672" level="INFO">Typing text 'demo' into text field '//input[@name="username"]'.</msg>
<arg>${login_txt_username}</arg>
<arg>${username}</arg>
<doc>Types the given ``text`` into the text field identified by ``locator``.</doc>
<status status="PASS" start="2025-09-25T00:32:26.139462" elapsed="0.125117"/>
</kw>
<kw name="Input Text" owner="SeleniumLibrary">
<msg time="2025-09-25T00:32:26.265271" level="INFO">Typing text 'demo' into text field '//input[@name="password"]'.</msg>
<arg>${login_txt_password}</arg>
<arg>${password}</arg>
<doc>Types the given ``text`` into the text field identified by ``locator``.</doc>
<status status="PASS" start="2025-09-25T00:32:26.264925" elapsed="0.064355"/>
</kw>
<kw name="Capture Page Screenshot" owner="SeleniumLibrary">
<msg time="2025-09-25T00:32:26.470637" level="INFO" html="true">&lt;/td&gt;&lt;/tr&gt;&lt;tr&gt;&lt;td colspan="3"&gt;&lt;a href="selenium-screenshot-40.png"&gt;&lt;img src="selenium-screenshot-40.png" width="800px"&gt;&lt;/a&gt;</msg>
<doc>Takes a screenshot of the current page and embeds it into a log file.</doc>
<status status="PASS" start="2025-09-25T00:32:26.329472" elapsed="0.141350"/>
</kw>
<kw name="Click Button" owner="SeleniumLibrary">
<msg time="2025-09-25T00:32:26.471401" level="INFO">Clicking button '//button[@type="submit"]'.</msg>
<arg>${login_btn_submit}</arg>
<doc>Clicks the button identified by ``locator``.</doc>
<status status="PASS" start="2025-09-25T00:32:26.470954" elapsed="0.046465"/>
</kw>
<kw name="Wait Until Element Is Visible" owner="SeleniumLibrary">
<arg>${dashboard_hdr}</arg>
<arg>error=Dashboard not found. Login Failed</arg>
<doc>Waits until the element ``locator`` is visible.</doc>
<status status="PASS" start="2025-09-25T00:32:26.517603" elapsed="0.078590"/>
</kw>
<kw name="Run Keyword And Return Status" owner="BuiltIn">
<kw name="Wait Until Element Is Visible" owner="SeleniumLibrary">
<arg>${dashboard_hdr}</arg>
<doc>Waits until the element ``locator`` is visible.</doc>
<status status="PASS" start="2025-09-25T00:32:26.597761" elapsed="0.013345"/>
</kw>
<msg time="2025-09-25T00:32:26.611252" level="INFO">${status} = True</msg>
<var>${status}</var>
<arg>Wait Until Element Is Visible</arg>
<arg>${dashboard_hdr}</arg>
<doc>Runs the given keyword with given arguments and returns the status as a Boolean value.</doc>
<status status="PASS" start="2025-09-25T00:32:26.597235" elapsed="0.014067"/>
</kw>
<if>
<branch type="IF" condition="${status}">
<kw name="Log To Console" owner="BuiltIn">
<arg>LOGIN SUCCESSFUL</arg>
<doc>Logs the given message to the console.</doc>
<status status="PASS" start="2025-09-25T00:32:26.611551" elapsed="0.000169"/>
</kw>
<status status="PASS" start="2025-09-25T00:32:26.611399" elapsed="0.000389"/>
</branch>
<branch type="ELSE">
<kw name="Log To Console" owner="BuiltIn">
<arg>LOGIN FAILED</arg>
<doc>Logs the given message to the console.</doc>
<status status="NOT RUN" start="2025-09-25T00:32:26.611975" elapsed="0.000097"/>
</kw>
<status status="NOT RUN" start="2025-09-25T00:32:26.611841" elapsed="0.000306"/>
</branch>
<status status="PASS" start="2025-09-25T00:32:26.611369" elapsed="0.000820"/>
</if>
<kw name="Sleep" owner="BuiltIn">
<msg time="2025-09-25T00:32:29.615659" level="INFO">Slept 3 seconds.</msg>
<arg>3s</arg>
<doc>Pauses the test executed for the given time.</doc>
<status status="PASS" start="2025-09-25T00:32:26.612262" elapsed="3.009189"/>
</kw>
<arg>${USERNAME}</arg>
<arg>${PASSWORD}</arg>
<status status="PASS" start="2025-09-25T00:32:26.138989" elapsed="3.483807"/>
</kw>
<status status="PASS" start="2025-09-25T00:32:22.933956" elapsed="6.689189"/>
</kw>
<test id="s1-t1" name="TEST-000004" line="23">
<kw name="Log Customers With Spending" owner="CustomerPage">
<kw name="Go To Customers Page" owner="CustomerPage">
<kw name="Click Element" owner="SeleniumLibrary">
<msg time="2025-09-25T00:32:29.629790" level="INFO">Clicking element '(//p[text()="Customers"])[2]'.</msg>
<arg>${nav_btn_customers}</arg>
<doc>Click the element identified by ``locator``.</doc>
<status status="PASS" start="2025-09-25T00:32:29.628882" elapsed="0.058283"/>
</kw>
<kw name="Wait Until Element Is Visible" owner="SeleniumLibrary">
<arg>//table//tbody//tr</arg>
<doc>Waits until the element ``locator`` is visible.</doc>
<status status="PASS" start="2025-09-25T00:32:29.687416" elapsed="0.461547"/>
</kw>
<status status="PASS" start="2025-09-25T00:32:29.628279" elapsed="0.520800"/>
</kw>
<kw name="Wait Until Element Is Visible" owner="SeleniumLibrary">
<arg>${table_row}</arg>
<doc>Waits until the element ``locator`` is visible.</doc>
<status status="PASS" start="2025-09-25T00:32:30.149174" elapsed="0.006139"/>
</kw>
<kw name="Get Element Count" owner="SeleniumLibrary">
<msg time="2025-09-25T00:32:30.159551" level="INFO">${row_count} = 25</msg>
<var>${row_count}</var>
<arg>${table_row}</arg>
<doc>Returns the number of elements matching ``locator``.</doc>
<status status="PASS" start="2025-09-25T00:32:30.155437" elapsed="0.004207"/>
</kw>
<kw name="Create List" owner="BuiltIn">
<msg time="2025-09-25T00:32:30.159871" level="INFO">${users_with_spending} = []</msg>
<var>${users_with_spending}</var>
<doc>Returns a list containing given items.</doc>
<status status="PASS" start="2025-09-25T00:32:30.159744" elapsed="0.000170"/>
</kw>
<for flavor="IN RANGE">
<iter>
<kw name="Get Text" owner="SeleniumLibrary">
<msg time="2025-09-25T00:32:30.171975" level="INFO">${fetched_name} = Lue Bode</msg>
<var>${fetched_name}</var>
<arg>(${table_row})[${index}]//td[2][1]</arg>
<doc>Returns the text value of the element identified by ``locator``.</doc>
<status status="PASS" start="2025-09-25T00:32:30.160666" elapsed="0.011390"/>
</kw>
<kw name="Get Text" owner="SeleniumLibrary">
<msg time="2025-09-25T00:32:30.184005" level="INFO">${total_spent_text} = $0.00</msg>
<var>${total_spent_text}</var>
<arg>(${table_row})[${index}]//td[5]</arg>
<doc>Returns the text value of the element identified by ``locator``.</doc>
<status status="PASS" start="2025-09-25T00:32:30.172142" elapsed="0.011995"/>
</kw>
<kw name="Parse Total Spent" owner="CustomLibrary">
<msg time="2025-09-25T00:32:30.184505" level="INFO">${amount} = 0.0</msg>
<var>${amount}</var>
<arg>${total_spent_text}</arg>
<status status="PASS" start="2025-09-25T00:32:30.184284" elapsed="0.000281"/>
</kw>
<kw name="Evaluate" owner="BuiltIn">
<msg time="2025-09-25T00:32:30.184881" level="INFO">${user_dict} = {'name': 'Lue Bode', 'spent': '0.0'}</msg>
<var>${user_dict}</var>
<arg>{'name': '${fetched_name}', 'spent': '${amount}'}</arg>
<doc>Evaluates the given expression in Python and returns the result.</doc>
<status status="PASS" start="2025-09-25T00:32:30.184656" elapsed="0.000272"/>
</kw>
<kw name="Run Keyword If" owner="BuiltIn">
<arg>${amount} &gt; 0</arg>
<arg>Append To List</arg>
<arg>${users_with_spending}</arg>
<arg>${user_dict}</arg>
<doc>Runs the given keyword with the given arguments, if ``condition`` is true.</doc>
<status status="PASS" start="2025-09-25T00:32:30.185028" elapsed="0.000132"/>
</kw>
<var name="${index}">1</var>
<status status="PASS" start="2025-09-25T00:32:30.160543" elapsed="0.024929"/>
</iter>
<iter>
<kw name="Get Text" owner="SeleniumLibrary">
<msg time="2025-09-25T00:32:30.198717" level="INFO">${fetched_name} = Broderick Kihn</msg>
<var>${fetched_name}</var>
<arg>(${table_row})[${index}]//td[2][1]</arg>
<doc>Returns the text value of the element identified by ``locator``.</doc>
<status status="PASS" start="2025-09-25T00:32:30.185765" elapsed="0.013235"/>
</kw>
<kw name="Get Text" owner="SeleniumLibrary">
<msg time="2025-09-25T00:32:30.209819" level="INFO">${total_spent_text} = $0.00</msg>
<var>${total_spent_text}</var>
<arg>(${table_row})[${index}]//td[5]</arg>
<doc>Returns the text value of the element identified by ``locator``.</doc>
<status status="PASS" start="2025-09-25T00:32:30.199196" elapsed="0.010741"/>
</kw>
<kw name="Parse Total Spent" owner="CustomLibrary">
<msg time="2025-09-25T00:32:30.210387" level="INFO">${amount} = 0.0</msg>
<var>${amount}</var>
<arg>${total_spent_text}</arg>
<status status="PASS" start="2025-09-25T00:32:30.210202" elapsed="0.000244"/>
</kw>
<kw name="Evaluate" owner="BuiltIn">
<msg time="2025-09-25T00:32:30.210756" level="INFO">${user_dict} = {'name': 'Broderick Kihn', 'spent': '0.0'}</msg>
<var>${user_dict}</var>
<arg>{'name': '${fetched_name}', 'spent': '${amount}'}</arg>
<doc>Evaluates the given expression in Python and returns the result.</doc>
<status status="PASS" start="2025-09-25T00:32:30.210548" elapsed="0.000261"/>
</kw>
<kw name="Run Keyword If" owner="BuiltIn">
<arg>${amount} &gt; 0</arg>
<arg>Append To List</arg>
<arg>${users_with_spending}</arg>
<arg>${user_dict}</arg>
<doc>Runs the given keyword with the given arguments, if ``condition`` is true.</doc>
<status status="PASS" start="2025-09-25T00:32:30.210899" elapsed="0.000155"/>
</kw>
<var name="${index}">2</var>
<status status="PASS" start="2025-09-25T00:32:30.185617" elapsed="0.025489"/>
</iter>
<iter>
<kw name="Get Text" owner="SeleniumLibrary">
<msg time="2025-09-25T00:32:30.221260" level="INFO">${fetched_name} = Billy Pfannerstill</msg>
<var>${fetched_name}</var>
<arg>(${table_row})[${index}]//td[2][1]</arg>
<doc>Returns the text value of the element identified by ``locator``.</doc>
<status status="PASS" start="2025-09-25T00:32:30.211362" elapsed="0.009996"/>
</kw>
<kw name="Get Text" owner="SeleniumLibrary">
<msg time="2025-09-25T00:32:30.234428" level="INFO">${total_spent_text} = $0.00</msg>
<var>${total_spent_text}</var>
<arg>(${table_row})[${index}]//td[5]</arg>
<doc>Returns the text value of the element identified by ``locator``.</doc>
<status status="PASS" start="2025-09-25T00:32:30.221480" elapsed="0.013044"/>
</kw>
<kw name="Parse Total Spent" owner="CustomLibrary">
<msg time="2025-09-25T00:32:30.234779" level="INFO">${amount} = 0.0</msg>
<var>${amount}</var>
<arg>${total_spent_text}</arg>
<status status="PASS" start="2025-09-25T00:32:30.234640" elapsed="0.000177"/>
</kw>
<kw name="Evaluate" owner="BuiltIn">
<msg time="2025-09-25T00:32:30.235078" level="INFO">${user_dict} = {'name': 'Billy Pfannerstill', 'spent': '0.0'}</msg>
<var>${user_dict}</var>
<arg>{'name': '${fetched_name}', 'spent': '${amount}'}</arg>
<doc>Evaluates the given expression in Python and returns the result.</doc>
<status status="PASS" start="2025-09-25T00:32:30.234885" elapsed="0.000234"/>
</kw>
<kw name="Run Keyword If" owner="BuiltIn">
<arg>${amount} &gt; 0</arg>
<arg>Append To List</arg>
<arg>${users_with_spending}</arg>
<arg>${user_dict}</arg>
<doc>Runs the given keyword with the given arguments, if ``condition`` is true.</doc>
<status status="PASS" start="2025-09-25T00:32:30.235189" elapsed="0.000092"/>
</kw>
<var name="${index}">3</var>
<status status="PASS" start="2025-09-25T00:32:30.211270" elapsed="0.024049"/>
</iter>
<iter>
<kw name="Get Text" owner="SeleniumLibrary">
<msg time="2025-09-25T00:32:30.247497" level="INFO">${fetched_name} = Lula Altenwerth</msg>
<var>${fetched_name}</var>
<arg>(${table_row})[${index}]//td[2][1]</arg>
<doc>Returns the text value of the element identified by ``locator``.</doc>
<status status="PASS" start="2025-09-25T00:32:30.235468" elapsed="0.012130"/>
</kw>
<kw name="Get Text" owner="SeleniumLibrary">
<msg time="2025-09-25T00:32:30.287675" level="INFO">${total_spent_text} = $0.00</msg>
<var>${total_spent_text}</var>
<arg>(${table_row})[${index}]//td[5]</arg>
<doc>Returns the text value of the element identified by ``locator``.</doc>
<status status="PASS" start="2025-09-25T00:32:30.247716" elapsed="0.040183"/>
</kw>
<kw name="Parse Total Spent" owner="CustomLibrary">
<msg time="2025-09-25T00:32:30.288510" level="INFO">${amount} = 0.0</msg>
<var>${amount}</var>
<arg>${total_spent_text}</arg>
<status status="PASS" start="2025-09-25T00:32:30.288170" elapsed="0.000440"/>
</kw>
<kw name="Evaluate" owner="BuiltIn">
<msg time="2025-09-25T00:32:30.295176" level="INFO">${user_dict} = {'name': 'Lula Altenwerth', 'spent': '0.0'}</msg>
<var>${user_dict}</var>
<arg>{'name': '${fetched_name}', 'spent': '${amount}'}</arg>
<doc>Evaluates the given expression in Python and returns the result.</doc>
<status status="PASS" start="2025-09-25T00:32:30.288779" elapsed="0.006518"/>
</kw>
<kw name="Run Keyword If" owner="BuiltIn">
<arg>${amount} &gt; 0</arg>
<arg>Append To List</arg>
<arg>${users_with_spending}</arg>
<arg>${user_dict}</arg>
<doc>Runs the given keyword with the given arguments, if ``condition`` is true.</doc>
<status status="PASS" start="2025-09-25T00:32:30.295795" elapsed="0.000381"/>
</kw>
<var name="${index}">4</var>
<status status="PASS" start="2025-09-25T00:32:30.235402" elapsed="0.060893"/>
</iter>
<iter>
<kw name="Get Text" owner="SeleniumLibrary">
<msg time="2025-09-25T00:32:30.336373" level="INFO">${fetched_name} = Murphy Wunsch</msg>
<var>${fetched_name}</var>
<arg>(${table_row})[${index}]//td[2][1]</arg>
<doc>Returns the text value of the element identified by ``locator``.</doc>
<status status="PASS" start="2025-09-25T00:32:30.296686" elapsed="0.040034"/>
</kw>
<kw name="Get Text" owner="SeleniumLibrary">
<msg time="2025-09-25T00:32:30.348859" level="INFO">${total_spent_text} = $0.00</msg>
<var>${total_spent_text}</var>
<arg>(${table_row})[${index}]//td[5]</arg>
<doc>Returns the text value of the element identified by ``locator``.</doc>
<status status="PASS" start="2025-09-25T00:32:30.337105" elapsed="0.011873"/>
</kw>
<kw name="Parse Total Spent" owner="CustomLibrary">
<msg time="2025-09-25T00:32:30.349266" level="INFO">${amount} = 0.0</msg>
<var>${amount}</var>
<arg>${total_spent_text}</arg>
<status status="PASS" start="2025-09-25T00:32:30.349101" elapsed="0.000211"/>
</kw>
<kw name="Evaluate" owner="BuiltIn">
<msg time="2025-09-25T00:32:30.349733" level="INFO">${user_dict} = {'name': 'Murphy Wunsch', 'spent': '0.0'}</msg>
<var>${user_dict}</var>
<arg>{'name': '${fetched_name}', 'spent': '${amount}'}</arg>
<doc>Evaluates the given expression in Python and returns the result.</doc>
<status status="PASS" start="2025-09-25T00:32:30.349388" elapsed="0.000539"/>
</kw>
<kw name="Run Keyword If" owner="BuiltIn">
<arg>${amount} &gt; 0</arg>
<arg>Append To List</arg>
<arg>${users_with_spending}</arg>
<arg>${user_dict}</arg>
<doc>Runs the given keyword with the given arguments, if ``condition`` is true.</doc>
<status status="PASS" start="2025-09-25T00:32:30.350039" elapsed="0.000345"/>
</kw>
<var name="${index}">5</var>
<status status="PASS" start="2025-09-25T00:32:30.296508" elapsed="0.053928"/>
</iter>
<iter>
<kw name="Get Text" owner="SeleniumLibrary">
<msg time="2025-09-25T00:32:30.362222" level="INFO">${fetched_name} = Noah West</msg>
<var>${fetched_name}</var>
<arg>(${table_row})[${index}]//td[2][1]</arg>
<doc>Returns the text value of the element identified by ``locator``.</doc>
<status status="PASS" start="2025-09-25T00:32:30.350623" elapsed="0.011717"/>
</kw>
<kw name="Get Text" owner="SeleniumLibrary">
<msg time="2025-09-25T00:32:30.372526" level="INFO">${total_spent_text} = $0.00</msg>
<var>${total_spent_text}</var>
<arg>(${table_row})[${index}]//td[5]</arg>
<doc>Returns the text value of the element identified by ``locator``.</doc>
<status status="PASS" start="2025-09-25T00:32:30.362472" elapsed="0.010203"/>
</kw>
<kw name="Parse Total Spent" owner="CustomLibrary">
<msg time="2025-09-25T00:32:30.373709" level="INFO">${amount} = 0.0</msg>
<var>${amount}</var>
<arg>${total_spent_text}</arg>
<status status="PASS" start="2025-09-25T00:32:30.373331" elapsed="0.000459"/>
</kw>
<kw name="Evaluate" owner="BuiltIn">
<msg time="2025-09-25T00:32:30.374051" level="INFO">${user_dict} = {'name': 'Noah West', 'spent': '0.0'}</msg>
<var>${user_dict}</var>
<arg>{'name': '${fetched_name}', 'spent': '${amount}'}</arg>
<doc>Evaluates the given expression in Python and returns the result.</doc>
<status status="PASS" start="2025-09-25T00:32:30.373879" elapsed="0.000218"/>
</kw>
<kw name="Run Keyword If" owner="BuiltIn">
<arg>${amount} &gt; 0</arg>
<arg>Append To List</arg>
<arg>${users_with_spending}</arg>
<arg>${user_dict}</arg>
<doc>Runs the given keyword with the given arguments, if ``condition`` is true.</doc>
<status status="PASS" start="2025-09-25T00:32:30.374243" elapsed="0.000332"/>
</kw>
<var name="${index}">6</var>
<status status="PASS" start="2025-09-25T00:32:30.350542" elapsed="0.024097"/>
</iter>
<iter>
<kw name="Get Text" owner="SeleniumLibrary">
<msg time="2025-09-25T00:32:30.385084" level="INFO">${fetched_name} = Nora Robel</msg>
<var>${fetched_name}</var>
<arg>(${table_row})[${index}]//td[2][1]</arg>
<doc>Returns the text value of the element identified by ``locator``.</doc>
<status status="PASS" start="2025-09-25T00:32:30.374869" elapsed="0.010313"/>
</kw>
<kw name="Get Text" owner="SeleniumLibrary">
<msg time="2025-09-25T00:32:30.394275" level="INFO">${total_spent_text} = $75.84</msg>
<var>${total_spent_text}</var>
<arg>(${table_row})[${index}]//td[5]</arg>
<doc>Returns the text value of the element identified by ``locator``.</doc>
<status status="PASS" start="2025-09-25T00:32:30.385293" elapsed="0.009077"/>
</kw>
<kw name="Parse Total Spent" owner="CustomLibrary">
<msg time="2025-09-25T00:32:30.394612" level="INFO">${amount} = 75.84</msg>
<var>${amount}</var>
<arg>${total_spent_text}</arg>
<status status="PASS" start="2025-09-25T00:32:30.394474" elapsed="0.000181"/>
</kw>
<kw name="Evaluate" owner="BuiltIn">
<msg time="2025-09-25T00:32:30.394874" level="INFO">${user_dict} = {'name': 'Nora Robel', 'spent': '75.84'}</msg>
<var>${user_dict}</var>
<arg>{'name': '${fetched_name}', 'spent': '${amount}'}</arg>
<doc>Evaluates the given expression in Python and returns the result.</doc>
<status status="PASS" start="2025-09-25T00:32:30.394725" elapsed="0.000190"/>
</kw>
<kw name="Run Keyword If" owner="BuiltIn">
<kw name="Append To List" owner="Collections">
<arg>${users_with_spending}</arg>
<arg>${user_dict}</arg>
<doc>Adds ``values`` to the end of ``list``.</doc>
<status status="PASS" start="2025-09-25T00:32:30.395196" elapsed="0.000120"/>
</kw>
<arg>${amount} &gt; 0</arg>
<arg>Append To List</arg>
<arg>${users_with_spending}</arg>
<arg>${user_dict}</arg>
<doc>Runs the given keyword with the given arguments, if ``condition`` is true.</doc>
<status status="PASS" start="2025-09-25T00:32:30.395012" elapsed="0.000358"/>
</kw>
<var name="${index}">7</var>
<status status="PASS" start="2025-09-25T00:32:30.374781" elapsed="0.020624"/>
</iter>
<iter>
<kw name="Get Text" owner="SeleniumLibrary">
<msg time="2025-09-25T00:32:30.405646" level="INFO">${fetched_name} = Curt Fisher</msg>
<var>${fetched_name}</var>
<arg>(${table_row})[${index}]//td[2][1]</arg>
<doc>Returns the text value of the element identified by ``locator``.</doc>
<status status="PASS" start="2025-09-25T00:32:30.395548" elapsed="0.010191"/>
</kw>
<kw name="Get Text" owner="SeleniumLibrary">
<msg time="2025-09-25T00:32:30.415019" level="INFO">${total_spent_text} = $0.00</msg>
<var>${total_spent_text}</var>
<arg>(${table_row})[${index}]//td[5]</arg>
<doc>Returns the text value of the element identified by ``locator``.</doc>
<status status="PASS" start="2025-09-25T00:32:30.405850" elapsed="0.009250"/>
</kw>
<kw name="Parse Total Spent" owner="CustomLibrary">
<msg time="2025-09-25T00:32:30.415336" level="INFO">${amount} = 0.0</msg>
<var>${amount}</var>
<arg>${total_spent_text}</arg>
<status status="PASS" start="2025-09-25T00:32:30.415205" elapsed="0.000175"/>
</kw>
<kw name="Evaluate" owner="BuiltIn">
<msg time="2025-09-25T00:32:30.415602" level="INFO">${user_dict} = {'name': 'Curt Fisher', 'spent': '0.0'}</msg>
<var>${user_dict}</var>
<arg>{'name': '${fetched_name}', 'spent': '${amount}'}</arg>
<doc>Evaluates the given expression in Python and returns the result.</doc>
<status status="PASS" start="2025-09-25T00:32:30.415454" elapsed="0.000189"/>
</kw>
<kw name="Run Keyword If" owner="BuiltIn">
<arg>${amount} &gt; 0</arg>
<arg>Append To List</arg>
<arg>${users_with_spending}</arg>
<arg>${user_dict}</arg>
<doc>Runs the given keyword with the given arguments, if ``condition`` is true.</doc>
<status status="PASS" start="2025-09-25T00:32:30.415718" elapsed="0.000097"/>
</kw>
<var name="${index}">8</var>
<status status="PASS" start="2025-09-25T00:32:30.395486" elapsed="0.020369"/>
</iter>
<iter>
<kw name="Get Text" owner="SeleniumLibrary">
<msg time="2025-09-25T00:32:30.433182" level="INFO">${fetched_name} = Jeremie Goldner</msg>
<var>${fetched_name}</var>
<arg>(${table_row})[${index}]//td[2][1]</arg>
<doc>Returns the text value of the element identified by ``locator``.</doc>
<status status="PASS" start="2025-09-25T00:32:30.416000" elapsed="0.017307"/>
</kw>
<kw name="Get Text" owner="SeleniumLibrary">
<msg time="2025-09-25T00:32:30.448692" level="INFO">${total_spent_text} = $0.00</msg>
<var>${total_spent_text}</var>
<arg>(${table_row})[${index}]//td[5]</arg>
<doc>Returns the text value of the element identified by ``locator``.</doc>
<status status="PASS" start="2025-09-25T00:32:30.433498" elapsed="0.015293"/>
</kw>
<kw name="Parse Total Spent" owner="CustomLibrary">
<msg time="2025-09-25T00:32:30.449083" level="INFO">${amount} = 0.0</msg>
<var>${amount}</var>
<arg>${total_spent_text}</arg>
<status status="PASS" start="2025-09-25T00:32:30.448915" elapsed="0.000258"/>
</kw>
<kw name="Evaluate" owner="BuiltIn">
<msg time="2025-09-25T00:32:30.449453" level="INFO">${user_dict} = {'name': 'Jeremie Goldner', 'spent': '0.0'}</msg>
<var>${user_dict}</var>
<arg>{'name': '${fetched_name}', 'spent': '${amount}'}</arg>
<doc>Evaluates the given expression in Python and returns the result.</doc>
<status status="PASS" start="2025-09-25T00:32:30.449269" elapsed="0.000256"/>
</kw>
<kw name="Run Keyword If" owner="BuiltIn">
<arg>${amount} &gt; 0</arg>
<arg>Append To List</arg>
<arg>${users_with_spending}</arg>
<arg>${user_dict}</arg>
<doc>Runs the given keyword with the given arguments, if ``condition`` is true.</doc>
<status status="PASS" start="2025-09-25T00:32:30.449626" elapsed="0.000108"/>
</kw>
<var name="${index}">9</var>
<status status="PASS" start="2025-09-25T00:32:30.415936" elapsed="0.033842"/>
</iter>
<iter>
<kw name="Get Text" owner="SeleniumLibrary">
<msg time="2025-09-25T00:32:30.459981" level="INFO">${fetched_name} = C
Conor Dietrich</msg>
<var>${fetched_name}</var>
<arg>(${table_row})[${index}]//td[2][1]</arg>
<doc>Returns the text value of the element identified by ``locator``.</doc>
<status status="PASS" start="2025-09-25T00:32:30.449939" elapsed="0.010132"/>
</kw>
<kw name="Get Text" owner="SeleniumLibrary">
<msg time="2025-09-25T00:32:30.468861" level="INFO">${total_spent_text} = $0.00</msg>
<var>${total_spent_text}</var>
<arg>(${table_row})[${index}]//td[5]</arg>
<doc>Returns the text value of the element identified by ``locator``.</doc>
<status status="PASS" start="2025-09-25T00:32:30.460183" elapsed="0.008768"/>
</kw>
<kw name="Parse Total Spent" owner="CustomLibrary">
<msg time="2025-09-25T00:32:30.469193" level="INFO">${amount} = 0.0</msg>
<var>${amount}</var>
<arg>${total_spent_text}</arg>
<status status="PASS" start="2025-09-25T00:32:30.469050" elapsed="0.000185"/>
</kw>
<kw name="Evaluate" owner="BuiltIn">
<msg time="2025-09-25T00:32:30.469608" level="FAIL">Evaluating expression "{'name': 'C\nConor Dietrich', 'spent': '0.0'}" failed: SyntaxError: unterminated string literal (detected at line 1) (&lt;string&gt;, line 1)</msg>
<var>${user_dict}</var>
<arg>{'name': '${fetched_name}', 'spent': '${amount}'}</arg>
<doc>Evaluates the given expression in Python and returns the result.</doc>
<status status="FAIL" start="2025-09-25T00:32:30.469306" elapsed="0.002955">Evaluating expression "{'name': 'C\nConor Dietrich', 'spent': '0.0'}" failed: SyntaxError: unterminated string literal (detected at line 1) (&lt;string&gt;, line 1)</status>
</kw>
<kw name="Run Keyword If" owner="BuiltIn">
<arg>${amount} &gt; 0</arg>
<arg>Append To List</arg>
<arg>${users_with_spending}</arg>
<arg>${user_dict}</arg>
<doc>Runs the given keyword with the given arguments, if ``condition`` is true.</doc>
<status status="NOT RUN" start="2025-09-25T00:32:30.472666" elapsed="0.000106"/>
</kw>
<var name="${index}">10</var>
<status status="FAIL" start="2025-09-25T00:32:30.449869" elapsed="0.022993">Evaluating expression "{'name': 'C\nConor Dietrich', 'spent': '0.0'}" failed: SyntaxError: unterminated string literal (detected at line 1) (&lt;string&gt;, line 1)</status>
</iter>
<var>${index}</var>
<value>1</value>
<value>${row_count + 1}</value>
<status status="FAIL" start="2025-09-25T00:32:30.160020" elapsed="0.312921">Evaluating expression "{'name': 'C\nConor Dietrich', 'spent': '0.0'}" failed: SyntaxError: unterminated string literal (detected at line 1) (&lt;string&gt;, line 1)</status>
</for>
<kw name="Set Variable" owner="BuiltIn">
<var>${counter}</var>
<arg>1</arg>
<doc>Returns the given values which can then be assigned to a variables.</doc>
<status status="NOT RUN" start="2025-09-25T00:32:30.473104" elapsed="0.000052"/>
</kw>
<for flavor="IN">
<iter>
<kw name="Get From Dictionary" owner="Collections">
<var>${name}</var>
<arg>${user}</arg>
<arg>name</arg>
<doc>Returns a value from the given ``dictionary`` based on the given ``key``.</doc>
<status status="NOT RUN" start="2025-09-25T00:32:30.473356" elapsed="0.000043"/>
</kw>
<kw name="Get From Dictionary" owner="Collections">
<var>${spent}</var>
<arg>${user}</arg>
<arg>spent</arg>
<doc>Returns a value from the given ``dictionary`` based on the given ``key``.</doc>
<status status="NOT RUN" start="2025-09-25T00:32:30.473463" elapsed="0.000040"/>
</kw>
<kw name="Log To Console" owner="BuiltIn">
<arg>${counter}. ${name}: $${spent:,.0f}</arg>
<doc>Logs the given message to the console.</doc>
<status status="NOT RUN" start="2025-09-25T00:32:30.473583" elapsed="0.000059"/>
</kw>
<kw name="Evaluate" owner="BuiltIn">
<var>${counter}</var>
<arg>${counter} + 1</arg>
<doc>Evaluates the given expression in Python and returns the result.</doc>
<status status="NOT RUN" start="2025-09-25T00:32:30.473715" elapsed="0.000037"/>
</kw>
<var name="${user}"/>
<status status="NOT RUN" start="2025-09-25T00:32:30.473291" elapsed="0.000495"/>
</iter>
<var>${user}</var>
<value>@{users_with_spending}</value>
<status status="NOT RUN" start="2025-09-25T00:32:30.473214" elapsed="0.000610"/>
</for>
<return>
<value>${users_with_spending}</value>
<status status="NOT RUN" start="2025-09-25T00:32:30.473879" elapsed="0.000044"/>
</return>
<status status="FAIL" start="2025-09-25T00:32:29.627325" elapsed="0.846675">Evaluating expression "{'name': 'C\nConor Dietrich', 'spent': '0.0'}" failed: SyntaxError: unterminated string literal (detected at line 1) (&lt;string&gt;, line 1)</status>
</kw>
<status status="FAIL" start="2025-09-25T00:32:29.623931" elapsed="0.850486">Evaluating expression "{'name': 'C\nConor Dietrich', 'spent': '0.0'}" failed: SyntaxError: unterminated string literal (detected at line 1) (&lt;string&gt;, line 1)</status>
</test>
<kw name="Close Browser" owner="SeleniumLibrary" type="TEARDOWN">
<doc>Closes the current browser.</doc>
<status status="PASS" start="2025-09-25T00:32:30.476703" elapsed="0.083998"/>
</kw>
<status status="FAIL" start="2025-09-25T00:32:22.846101" elapsed="7.714713"/>
</suite>
<statistics>
<total>
<stat pass="0" fail="1" skip="0">All Tests</stat>
</total>
<tag>
</tag>
<suite>
<stat name="Test" id="s1" pass="0" fail="1" skip="0">Test</stat>
</suite>
</statistics>
<errors>
</errors>
</robot>
