<?xml version="1.0" encoding="UTF-8"?>
<robot generator="Robot 7.3.2 (Python 3.12.3 on darwin)" generated="2025-09-25T08:54:13.572356" rpa="false" schemaversion="5">
<suite id="s1" name="Test" source="/Users/jrosenueva/Documents/GitHub/QA-Training/Tests/test.robot">
<kw name="Launch And Login" type="SETUP">
<kw name="Launch Browser">
<kw name="Open Browser" owner="SeleniumLibrary">
<msg time="2025-09-25T08:54:13.701131" level="INFO">Opening browser 'chrome' to base url 'https://marmelab.com/react-admin-demo'.</msg>
<arg>${url}</arg>
<arg>chrome</arg>
<arg>options=add_argument("--start-maximized")</arg>
<doc>Opens a new browser instance to the optional ``url``.</doc>
<status status="PASS" start="2025-09-25T08:54:13.701019" elapsed="17.529327"/>
</kw>
<kw name="Wait Until Element Is Visible" owner="SeleniumLibrary">
<arg>${element_to_wait}</arg>
<arg>timeout=20s</arg>
<doc>Waits until the element ``locator`` is visible.</doc>
<status status="PASS" start="2025-09-25T08:54:31.234622" elapsed="2.210488"/>
</kw>
<arg>${URL}</arg>
<arg>${login_txt_username}</arg>
<status status="PASS" start="2025-09-25T08:54:13.700687" elapsed="19.744576"/>
</kw>
<kw name="Login User">
<kw name="Input Text" owner="SeleniumLibrary">
<msg time="2025-09-25T08:54:33.446130" level="INFO">Typing text 'demo' into text field '//input[@name="username"]'.</msg>
<arg>${login_txt_username}</arg>
<arg>${username}</arg>
<doc>Types the given ``text`` into the text field identified by ``locator``.</doc>
<status status="PASS" start="2025-09-25T08:54:33.445719" elapsed="0.603296"/>
</kw>
<kw name="Input Text" owner="SeleniumLibrary">
<msg time="2025-09-25T08:54:34.049436" level="INFO">Typing text 'demo' into text field '//input[@name="password"]'.</msg>
<arg>${login_txt_password}</arg>
<arg>${password}</arg>
<doc>Types the given ``text`` into the text field identified by ``locator``.</doc>
<status status="PASS" start="2025-09-25T08:54:34.049197" elapsed="0.075517"/>
</kw>
<kw name="Capture Page Screenshot" owner="SeleniumLibrary">
<msg time="2025-09-25T08:54:34.317438" level="INFO" html="true">&lt;/td&gt;&lt;/tr&gt;&lt;tr&gt;&lt;td colspan="3"&gt;&lt;a href="selenium-screenshot-19.png"&gt;&lt;img src="selenium-screenshot-19.png" width="800px"&gt;&lt;/a&gt;</msg>
<doc>Takes a screenshot of the current page and embeds it into a log file.</doc>
<status status="PASS" start="2025-09-25T08:54:34.124849" elapsed="0.192672"/>
</kw>
<kw name="Click Button" owner="SeleniumLibrary">
<msg time="2025-09-25T08:54:34.317777" level="INFO">Clicking button '//button[@type="submit"]'.</msg>
<arg>${login_btn_submit}</arg>
<doc>Clicks the button identified by ``locator``.</doc>
<status status="PASS" start="2025-09-25T08:54:34.317632" elapsed="0.078526"/>
</kw>
<kw name="Wait Until Element Is Visible" owner="SeleniumLibrary">
<arg>${dashboard_hdr}</arg>
<arg>error=Dashboard not found. Login Failed</arg>
<doc>Waits until the element ``locator`` is visible.</doc>
<status status="PASS" start="2025-09-25T08:54:34.396292" elapsed="0.040433"/>
</kw>
<kw name="Run Keyword And Return Status" owner="BuiltIn">
<kw name="Wait Until Element Is Visible" owner="SeleniumLibrary">
<arg>${dashboard_hdr}</arg>
<doc>Waits until the element ``locator`` is visible.</doc>
<status status="PASS" start="2025-09-25T08:54:34.436990" elapsed="0.005639"/>
</kw>
<msg time="2025-09-25T08:54:34.442760" level="INFO">${status} = True</msg>
<var>${status}</var>
<arg>Wait Until Element Is Visible</arg>
<arg>${dashboard_hdr}</arg>
<doc>Runs the given keyword with given arguments and returns the status as a Boolean value.</doc>
<status status="PASS" start="2025-09-25T08:54:34.436866" elapsed="0.005928"/>
</kw>
<if>
<branch type="IF" condition="${status}">
<kw name="Log To Console" owner="BuiltIn">
<arg>LOGIN SUCCESSFUL</arg>
<doc>Logs the given message to the console.</doc>
<status status="PASS" start="2025-09-25T08:54:34.443221" elapsed="0.000191"/>
</kw>
<status status="PASS" start="2025-09-25T08:54:34.442998" elapsed="0.000441"/>
</branch>
<branch type="ELSE">
<kw name="Log To Console" owner="BuiltIn">
<arg>LOGIN FAILED</arg>
<doc>Logs the given message to the console.</doc>
<status status="NOT RUN" start="2025-09-25T08:54:34.443528" elapsed="0.000013"/>
</kw>
<status status="NOT RUN" start="2025-09-25T08:54:34.443468" elapsed="0.000092"/>
</branch>
<status status="PASS" start="2025-09-25T08:54:34.442904" elapsed="0.000670"/>
</if>
<kw name="Sleep" owner="BuiltIn">
<msg time="2025-09-25T08:54:37.445154" level="INFO">Slept 3 seconds.</msg>
<arg>3s</arg>
<doc>Pauses the test executed for the given time.</doc>
<status status="PASS" start="2025-09-25T08:54:34.443627" elapsed="3.001811"/>
</kw>
<arg>${USERNAME}</arg>
<arg>${PASSWORD}</arg>
<status status="PASS" start="2025-09-25T08:54:33.445499" elapsed="4.000189"/>
</kw>
<status status="PASS" start="2025-09-25T08:54:13.700564" elapsed="23.745293"/>
</kw>
<test id="s1-t1" name="TEST-000001" line="14">
<kw name="Add And Verify First Five Customers" owner="CustomerPage">
<kw name="Get Random Users" owner="CustomLibrary">
<msg time="2025-09-25T08:54:43.557382" level="INFO">[{'id': 1, 'name': 'Leanne Graham', 'username': 'Bret', 'email': 'Sincere@april.biz', 'address': {'street': 'Kulas Light', 'suite': 'Apt. 556', 'city': 'Gwenborough', 'zipcode': '92998-3874', 'geo': {'lat': '-37.3159', 'lng': '81.1496'}}, 'phone': '1-770-736-8031 x56442', 'website': 'hildegard.org', 'company': {'name': 'Romaguera-Crona', 'catchPhrase': 'Multi-layered client-server neural-net', 'bs': 'harness real-time e-markets'}, 'birthday': '08042006', 'password': '3VhQebo8', 'stateAbbr': 'KAGG'}, {'id': 2, 'name': 'Ervin Howell', 'username': 'Antonette', 'email': 'Shanna@melissa.tv', 'address': {'street': 'Victor Plains', 'suite': 'Suite 879', 'city': 'Wisokyburgh', 'zipcode': '90566-7771', 'geo': {'lat': '-43.9509', 'lng': '-34.4618'}}, 'phone': '010-692-6593 x09125', 'website': 'anastasia.net', 'company': {'name': 'Deckow-Crist', 'catchPhrase': 'Proactive didactic contingency', 'bs': 'synergize scalable supply-chains'}, 'birthday': '10042000', 'password': 'N@VUswiT', 'stateAbbr': 'VSWW'}, {'id': 3, 'name': 'Clementine Bauch', 'username': 'Samantha', 'email': 'Nathan@yesenia.net', 'address': {'street': 'Douglas Extension', 'suite': 'Suite 847', 'city': 'McKenziehaven', 'zipcode': '59590-4157', 'geo': {'lat': '-68.6102', 'lng': '-47.0653'}}, 'phone': '1-463-123-4447', 'website': 'ramiro.info', 'company': {'name': 'Romaguera-Jacobson', 'catchPhrase': 'Face to face bifurcated interface', 'bs': 'e-enable strategic applications'}, 'birthday': '05272000', 'password': '8%e1gXcQ', 'stateAbbr': 'DSMM'}, {'id': 4, 'name': 'Patricia Lebsack', 'username': 'Karianne', 'email': 'Julianne.OConner@kory.org', 'address': {'street': 'Hoeger Mall', 'suite': 'Apt. 692', 'city': 'South Elvis', 'zipcode': '53919-4257', 'geo': {'lat': '29.4572', 'lng': '-164.2990'}}, 'phone': '493-170-9623 x156', 'website': 'kale.biz', 'company': {'name': 'Robel-Corkery', 'catchPhrase': 'Multi-tiered zero tolerance productivity', 'bs': 'transition cutting-edge web services'}, 'birthday': '04142003', 'password': 'QX5$M2k2', 'stateAbbr': 'HASS'}, {'id': 5, 'name': 'Chelsey Dietrich', 'username': 'Kamren', 'email': 'Lucio_Hettinger@annie.ca', 'address': {'street': 'Skiles Walks', 'suite': 'Suite 351', 'city': 'Roscoeview', 'zipcode': '33263', 'geo': {'lat': '-31.8129', 'lng': '62.5342'}}, 'phone': '(254)954-1289', 'website': 'demarco.info', 'company': {'name': 'Keebler LLC', 'catchPhrase': 'User-centric fault-tolerant solution', 'bs': 'revolutionize end-to-end systems'}, 'birthday': '04072002', 'password': '11OW8Aph', 'stateAbbr': 'SSRR'}, {'id': 6, 'name': 'Mrs. Dennis Schulist', 'username': 'Leopoldo_Corkery', 'email': 'Karley_Dach@jasper.info', 'address': {'street': 'Norberto Crossing', 'suite': 'Apt. 950', 'city': 'South Christy', 'zipcode': '23505-1337', 'geo': {'lat': '-71.4197', 'lng': '71.7478'}}, 'phone': '1-477-935-8478 x6430', 'website': 'ola.org', 'company': {'name': 'Considine-Lockman', 'catchPhrase': 'Synchronised bottom-line interface', 'bs': 'e-enable innovative applications'}, 'birthday': '08112001', 'password': 'j7r5R0@2', 'stateAbbr': 'NASS'}, {'id': 7, 'name': 'Kurtis Weissnat', 'username': 'Elwyn.Skiles', 'email': 'Telly.Hoeger@billy.biz', 'address': {'street': 'Rex Trail', 'suite': 'Suite 280', 'city': 'Howemouth', 'zipcode': '58804-1099', 'geo': {'lat': '24.8918', 'lng': '21.8984'}}, 'phone': '210.067.6132', 'website': 'elvis.io', 'company': {'name': 'Johns Group', 'catchPhrase': 'Configurable multimedia task-force', 'bs': 'generate enterprise e-tailers'}, 'birthday': '06212003', 'password': 'MGbboZSU', 'stateAbbr': 'RSHH'}, {'id': 8, 'name': 'Nicholas Runolfsdottir V', 'username': 'Maxime_Nienow', 'email': 'Sherwood@rosamond.me', 'address': {'street': 'Ellsworth Summit', 'suite': 'Suite 729', 'city': 'Aliyaview', 'zipcode': '45169', 'geo': {'lat': '-14.3990', 'lng': '-120.7677'}}, 'phone': '586.493.6943 x140', 'website': 'jacynthe.com', 'company': {'name': 'Abernathy Group', 'catchPhrase': 'Implemented secondary concept', 'bs': 'e-enable extensible e-tailers'}, 'birthday': '08172004', 'password': 'QzypJF%o', 'stateAbbr': 'ESAA'}, {'id': 9, 'name': 'Glenna Reichert', 'username': 'Delphine', 'email': 'Chaim_McDermott@dana.io', 'address': {'street': 'Dayna Park', 'suite': 'Suite 449', 'city': 'Bartholomebury', 'zipcode': '76495-3109', 'geo': {'lat': '24.6463', 'lng': '-168.8889'}}, 'phone': '(775)976-6794 x41206', 'website': 'conrad.com', 'company': {'name': 'Yost and Sons', 'catchPhrase': 'Switchable contextually-based project', 'bs': 'aggregate real-time technologies'}, 'birthday': '09132000', 'password': 'Q3M75$Ge', 'stateAbbr': 'DSBB'}, {'id': 10, 'name': 'Clementina DuBuque', 'username': 'Moriah.Stanton', 'email': 'Rey.Padberg@karina.biz', 'address': {'street': 'Kattie Turnpike', 'suite': 'Suite 198', 'city': 'Lebsackbury', 'zipcode': '31428-2261', 'geo': {'lat': '-38.2386', 'lng': '57.2232'}}, 'phone': '024-648-3804', 'website': 'ambrose.net', 'company': {'name': 'Hoeger LLC', 'catchPhrase': 'Centralized empowering task-force', 'bs': 'target end-to-end models'}, 'birthday': '01092000', 'password': 'jfstubng', 'stateAbbr': 'KSLL'}]</msg>
<msg time="2025-09-25T08:54:43.557617" level="INFO">/Users/jrosenueva/Desktop/QA/Training/.venv/lib/python3.12/site-packages/urllib3/connectionpool.py:1097: InsecureRequestWarning: Unverified HTTPS request is being made to host 'jsonplaceholder.typicode.com'. Adding certificate verification is strongly advised. See: https://urllib3.readthedocs.io/en/latest/advanced-usage.html#tls-warnings
  warnings.warn(</msg>
<msg time="2025-09-25T08:54:43.557904" level="INFO">${customers} = [{'id': 1, 'name': 'Leanne Graham', 'username': 'Bret', 'email': 'Sincere@april.biz', 'address': {'street': 'Kulas Light', 'suite': 'Apt. 556', 'city': 'Gwenborough', 'zipcode': '92998-3874', 'geo': {...</msg>
<var>${customers}</var>
<status status="PASS" start="2025-09-25T08:54:37.447625" elapsed="6.110303"/>
</kw>
<for flavor="IN">
<iter>
<kw name="Go To Customers Page" owner="CustomerPage">
<kw name="Click Element" owner="SeleniumLibrary">
<msg time="2025-09-25T08:54:43.558635" level="INFO">Clicking element '(//p[text()="Customers"])[2]'.</msg>
<arg>${nav_btn_customers}</arg>
<doc>Click the element identified by ``locator``.</doc>
<status status="PASS" start="2025-09-25T08:54:43.558478" elapsed="0.040885"/>
</kw>
<kw name="Wait Until Element Is Visible" owner="SeleniumLibrary">
<arg>//table//tbody//tr</arg>
<doc>Waits until the element ``locator`` is visible.</doc>
<status status="PASS" start="2025-09-25T08:54:43.599514" elapsed="0.455799"/>
</kw>
<status status="PASS" start="2025-09-25T08:54:43.558292" elapsed="0.497081"/>
</kw>
<kw name="Create User" owner="CustomerPage">
<kw name="Click Element" owner="SeleniumLibrary">
<msg time="2025-09-25T08:54:44.055762" level="INFO">Clicking element '//a[@aria-label="Create"]'.</msg>
<arg>${customers_btn_create}</arg>
<doc>Click the element identified by ``locator``.</doc>
<status status="PASS" start="2025-09-25T08:54:44.055670" elapsed="0.029927"/>
</kw>
<kw name="Wait Until Element Is Visible" owner="SeleniumLibrary">
<arg>${customers_txt_firstname}</arg>
<doc>Waits until the element ``locator`` is visible.</doc>
<status status="PASS" start="2025-09-25T08:54:44.085759" elapsed="0.214033"/>
</kw>
<kw name="Evaluate" owner="BuiltIn">
<msg time="2025-09-25T08:54:44.302478" level="INFO">${first} = Leanne</msg>
<var>${first}</var>
<arg>"${customer['name']}".split(" ")[0]</arg>
<doc>Evaluates the given expression in Python and returns the result.</doc>
<status status="PASS" start="2025-09-25T08:54:44.299894" elapsed="0.002612"/>
</kw>
<kw name="Evaluate" owner="BuiltIn">
<msg time="2025-09-25T08:54:44.303052" level="INFO">${last} = Graham</msg>
<var>${last}</var>
<arg>"${customer['name']}".split(" ")[1]</arg>
<doc>Evaluates the given expression in Python and returns the result.</doc>
<status status="PASS" start="2025-09-25T08:54:44.302612" elapsed="0.000460"/>
</kw>
<kw name="Input Text" owner="SeleniumLibrary">
<msg time="2025-09-25T08:54:44.303295" level="INFO">Typing text 'Leanne' into text field '//input[@name="first_name"]'.</msg>
<arg>${customers_txt_firstname}</arg>
<arg>${first}</arg>
<doc>Types the given ``text`` into the text field identified by ``locator``.</doc>
<status status="PASS" start="2025-09-25T08:54:44.303152" elapsed="0.034221"/>
</kw>
<kw name="Input Text" owner="SeleniumLibrary">
<msg time="2025-09-25T08:54:44.337715" level="INFO">Typing text 'Graham' into text field '//input[@name="last_name"]'.</msg>
<arg>${customers_txt_lastname}</arg>
<arg>${last}</arg>
<doc>Types the given ``text`` into the text field identified by ``locator``.</doc>
<status status="PASS" start="2025-09-25T08:54:44.337545" elapsed="0.036240"/>
</kw>
<kw name="Input Text" owner="SeleniumLibrary">
<msg time="2025-09-25T08:54:44.374347" level="INFO">Typing text 'Sincere@april.biz' into text field '//input[@name="email"]'.</msg>
<arg>${customers_txt_email}</arg>
<arg>${customer["email"]}</arg>
<doc>Types the given ``text`` into the text field identified by ``locator``.</doc>
<status status="PASS" start="2025-09-25T08:54:44.373909" elapsed="0.042283"/>
</kw>
<kw name="Input Text" owner="SeleniumLibrary">
<msg time="2025-09-25T08:54:44.416783" level="INFO">Typing text '08042006' into text field '//input[@name="birthday"]'.</msg>
<arg>${customers_txt_birthday}</arg>
<arg>${customer["birthday"]}</arg>
<doc>Types the given ``text`` into the text field identified by ``locator``.</doc>
<status status="PASS" start="2025-09-25T08:54:44.416345" elapsed="0.036805"/>
</kw>
<kw name="Input Text" owner="SeleniumLibrary">
<msg time="2025-09-25T08:54:44.453802" level="INFO">Typing text 'Kulas Light Apt. 556' into text field '//textarea[@name="address"]'.</msg>
<arg>${customers_txt_address}</arg>
<arg>${customer["address"]["street"]} ${customer["address"]["suite"]}</arg>
<doc>Types the given ``text`` into the text field identified by ``locator``.</doc>
<status status="PASS" start="2025-09-25T08:54:44.453279" elapsed="0.043539"/>
</kw>
<kw name="Input Text" owner="SeleniumLibrary">
<msg time="2025-09-25T08:54:44.497343" level="INFO">Typing text 'Gwenborough' into text field '//input[@name="city"]'.</msg>
<arg>${customers_txt_city}</arg>
<arg>${customer["address"]["city"]}</arg>
<doc>Types the given ``text`` into the text field identified by ``locator``.</doc>
<status status="PASS" start="2025-09-25T08:54:44.496947" elapsed="0.037162"/>
</kw>
<kw name="Input Text" owner="SeleniumLibrary">
<msg time="2025-09-25T08:54:44.534651" level="INFO">Typing text 'KAGG' into text field '//input[@name="stateAbbr"]'.</msg>
<arg>${customers_txt_stateAbbr}</arg>
<arg>${customer["stateAbbr"]}</arg>
<doc>Types the given ``text`` into the text field identified by ``locator``.</doc>
<status status="PASS" start="2025-09-25T08:54:44.534230" elapsed="0.034128"/>
</kw>
<kw name="Input Text" owner="SeleniumLibrary">
<msg time="2025-09-25T08:54:44.568853" level="INFO">Typing text '92998-3874' into text field '//input[@name="zipcode"]'.</msg>
<arg>${customers_txt_zipcode}</arg>
<arg>${customer["address"]["zipcode"]}</arg>
<doc>Types the given ``text`` into the text field identified by ``locator``.</doc>
<status status="PASS" start="2025-09-25T08:54:44.568470" elapsed="0.039108"/>
</kw>
<kw name="Input Text" owner="SeleniumLibrary">
<msg time="2025-09-25T08:54:44.608036" level="INFO">Typing text '3VhQebo8' into text field '//input[@name="password"]'.</msg>
<arg>${customers_txt_password}</arg>
<arg>${customer["password"]}</arg>
<doc>Types the given ``text`` into the text field identified by ``locator``.</doc>
<status status="PASS" start="2025-09-25T08:54:44.607686" elapsed="0.063443"/>
</kw>
<kw name="Input Text" owner="SeleniumLibrary">
<msg time="2025-09-25T08:54:44.671606" level="INFO">Typing text '3VhQebo8' into text field '//input[@name="confirm_password"]'.</msg>
<arg>${customers_txt_confirm_password}</arg>
<arg>${customer["password"]}</arg>
<doc>Types the given ``text`` into the text field identified by ``locator``.</doc>
<status status="PASS" start="2025-09-25T08:54:44.671244" elapsed="0.034806"/>
</kw>
<kw name="Click Button" owner="SeleniumLibrary">
<msg time="2025-09-25T08:54:44.706291" level="INFO">Clicking button '//button[@aria-label="Save"]'.</msg>
<arg>${customers_btn_save}</arg>
<doc>Clicks the button identified by ``locator``.</doc>
<status status="PASS" start="2025-09-25T08:54:44.706161" elapsed="0.048701"/>
</kw>
<kw name="Wait Until Page Contains" owner="SeleniumLibrary">
<arg>Customer created</arg>
<doc>Waits until ``text`` appears on the current page.</doc>
<status status="PASS" start="2025-09-25T08:54:44.755005" elapsed="0.424364"/>
</kw>
<arg>${customer}</arg>
<status status="PASS" start="2025-09-25T08:54:44.055499" elapsed="1.123940"/>
</kw>
<kw name="Verify Customer Details Match" owner="CustomerPage">
<kw name="Go To Customers Page" owner="CustomerPage">
<kw name="Click Element" owner="SeleniumLibrary">
<msg time="2025-09-25T08:54:45.179919" level="INFO">Clicking element '(//p[text()="Customers"])[2]'.</msg>
<arg>${nav_btn_customers}</arg>
<doc>Click the element identified by ``locator``.</doc>
<status status="PASS" start="2025-09-25T08:54:45.179827" elapsed="0.026020"/>
</kw>
<kw name="Wait Until Element Is Visible" owner="SeleniumLibrary">
<arg>//table//tbody//tr</arg>
<doc>Waits until the element ``locator`` is visible.</doc>
<status status="PASS" start="2025-09-25T08:54:45.205984" elapsed="0.220025"/>
</kw>
<status status="PASS" start="2025-09-25T08:54:45.179739" elapsed="0.246342"/>
</kw>
<kw name="Refresh Current Page" owner="App">
<kw name="Click Button" owner="SeleniumLibrary">
<msg time="2025-09-25T08:54:45.426444" level="INFO">Clicking button '//button[@aria-label="Refresh"]'.</msg>
<arg>${btn_refresh}</arg>
<doc>Clicks the button identified by ``locator``.</doc>
<status status="PASS" start="2025-09-25T08:54:45.426332" elapsed="0.314171"/>
</kw>
<kw name="Wait Until Element Is Visible" owner="SeleniumLibrary">
<arg>${loading_icon}</arg>
<doc>Waits until the element ``locator`` is visible.</doc>
<status status="PASS" start="2025-09-25T08:54:45.740663" elapsed="0.026210"/>
</kw>
<kw name="Wait Until Element Is Not Visible" owner="SeleniumLibrary">
<arg>${loading_icon}</arg>
<doc>Waits until the element ``locator`` is not visible.</doc>
<status status="PASS" start="2025-09-25T08:54:45.766980" elapsed="0.423644"/>
</kw>
<status status="PASS" start="2025-09-25T08:54:45.426189" elapsed="0.764512"/>
</kw>
<kw name="Click Element" owner="SeleniumLibrary">
<msg time="2025-09-25T08:54:46.191167" level="INFO">Clicking element '//a[.//div[contains(normalize-space(.),"Leanne Graham")]]'.</msg>
<arg>//a[.//div[contains(normalize-space(.),"${customer["name"]}")]]</arg>
<doc>Click the element identified by ``locator``.</doc>
<status status="PASS" start="2025-09-25T08:54:46.190775" elapsed="0.031162"/>
</kw>
<kw name="Wait Until Element Is Visible" owner="SeleniumLibrary">
<arg>${customers_txt_firstname}</arg>
<doc>Waits until the element ``locator`` is visible.</doc>
<status status="PASS" start="2025-09-25T08:54:46.222068" elapsed="0.210015"/>
</kw>
<kw name="Evaluate" owner="BuiltIn">
<msg time="2025-09-25T08:54:46.432586" level="INFO">${first} = Leanne</msg>
<var>${first}</var>
<arg>"${customer['name']}".split(" ")[0]</arg>
<doc>Evaluates the given expression in Python and returns the result.</doc>
<status status="PASS" start="2025-09-25T08:54:46.432203" elapsed="0.000403"/>
</kw>
<kw name="Evaluate" owner="BuiltIn">
<msg time="2025-09-25T08:54:46.432916" level="INFO">${last} = Graham</msg>
<var>${last}</var>
<arg>"${customer['name']}".split(" ")[1]</arg>
<doc>Evaluates the given expression in Python and returns the result.</doc>
<status status="PASS" start="2025-09-25T08:54:46.432660" elapsed="0.000268"/>
</kw>
<kw name="Reformat Birthday" owner="CustomLibrary">
<msg time="2025-09-25T08:54:46.433218" level="INFO">${birthday} = 2006-08-04</msg>
<var>${birthday}</var>
<arg>${customer["birthday"]}</arg>
<status status="PASS" start="2025-09-25T08:54:46.432982" elapsed="0.000247"/>
</kw>
<kw name="Get Element Attribute" owner="SeleniumLibrary">
<msg time="2025-09-25T08:54:46.439039" level="INFO">${firstname} = Leanne</msg>
<var>${firstname}</var>
<arg>${customers_txt_firstname}</arg>
<arg>value</arg>
<doc>Returns the value of ``attribute`` from the element ``locator``.</doc>
<status status="PASS" start="2025-09-25T08:54:46.433279" elapsed="0.005779"/>
</kw>
<kw name="Should Be Equal As Strings" owner="BuiltIn">
<arg>${firstname}</arg>
<arg>${first}</arg>
<doc>Fails if objects are unequal after converting them to strings.</doc>
<status status="PASS" start="2025-09-25T08:54:46.439179" elapsed="0.000128"/>
</kw>
<kw name="Get Element Attribute" owner="SeleniumLibrary">
<msg time="2025-09-25T08:54:46.444620" level="INFO">${lastname} = Graham</msg>
<var>${lastname}</var>
<arg>${customers_txt_lastname}</arg>
<arg>value</arg>
<doc>Returns the value of ``attribute`` from the element ``locator``.</doc>
<status status="PASS" start="2025-09-25T08:54:46.439356" elapsed="0.005283"/>
</kw>
<kw name="Should Be Equal As Strings" owner="BuiltIn">
<arg>${lastname}</arg>
<arg>${last}</arg>
<doc>Fails if objects are unequal after converting them to strings.</doc>
<status status="PASS" start="2025-09-25T08:54:46.444709" elapsed="0.000097"/>
</kw>
<kw name="Get Element Attribute" owner="SeleniumLibrary">
<msg time="2025-09-25T08:54:46.449279" level="INFO">${email} = Sincere@april.biz</msg>
<var>${email}</var>
<arg>${customers_txt_email}</arg>
<arg>value</arg>
<doc>Returns the value of ``attribute`` from the element ``locator``.</doc>
<status status="PASS" start="2025-09-25T08:54:46.444854" elapsed="0.004440"/>
</kw>
<kw name="Should Be Equal As Strings" owner="BuiltIn">
<arg>${email}</arg>
<arg>${customer["email"]}</arg>
<doc>Fails if objects are unequal after converting them to strings.</doc>
<status status="PASS" start="2025-09-25T08:54:46.449356" elapsed="0.000309"/>
</kw>
<kw name="Get Element Attribute" owner="SeleniumLibrary">
<msg time="2025-09-25T08:54:46.454514" level="INFO">${bday} = 2006-08-04</msg>
<var>${bday}</var>
<arg>${customers_txt_birthday}</arg>
<arg>value</arg>
<doc>Returns the value of ``attribute`` from the element ``locator``.</doc>
<status status="PASS" start="2025-09-25T08:54:46.449725" elapsed="0.004809"/>
</kw>
<kw name="Should Be Equal As Strings" owner="BuiltIn">
<arg>${bday}</arg>
<arg>${birthday}</arg>
<doc>Fails if objects are unequal after converting them to strings.</doc>
<status status="PASS" start="2025-09-25T08:54:46.454587" elapsed="0.000090"/>
</kw>
<kw name="Get Element Attribute" owner="SeleniumLibrary">
<msg time="2025-09-25T08:54:46.460047" level="INFO">${address} = Kulas Light Apt. 556</msg>
<var>${address}</var>
<arg>${customers_txt_address}</arg>
<arg>value</arg>
<doc>Returns the value of ``attribute`` from the element ``locator``.</doc>
<status status="PASS" start="2025-09-25T08:54:46.454721" elapsed="0.005348"/>
</kw>
<kw name="Should Be Equal As Strings" owner="BuiltIn">
<arg>${address}</arg>
<arg>${customer["address"]["street"]} ${customer["address"]["suite"]}</arg>
<doc>Fails if objects are unequal after converting them to strings.</doc>
<status status="PASS" start="2025-09-25T08:54:46.460149" elapsed="0.000464"/>
</kw>
<kw name="Get Element Attribute" owner="SeleniumLibrary">
<msg time="2025-09-25T08:54:46.465778" level="INFO">${city} = Gwenborough</msg>
<var>${city}</var>
<arg>${customers_txt_city}</arg>
<arg>value</arg>
<doc>Returns the value of ``attribute`` from the element ``locator``.</doc>
<status status="PASS" start="2025-09-25T08:54:46.460678" elapsed="0.005114"/>
</kw>
<kw name="Should Be Equal As Strings" owner="BuiltIn">
<arg>${city}</arg>
<arg>${customer["address"]["city"]}</arg>
<doc>Fails if objects are unequal after converting them to strings.</doc>
<status status="PASS" start="2025-09-25T08:54:46.465864" elapsed="0.000272"/>
</kw>
<kw name="Get Element Attribute" owner="SeleniumLibrary">
<msg time="2025-09-25T08:54:46.471302" level="INFO">${state} = KAGG</msg>
<var>${state}</var>
<arg>${customers_txt_stateAbbr}</arg>
<arg>value</arg>
<doc>Returns the value of ``attribute`` from the element ``locator``.</doc>
<status status="PASS" start="2025-09-25T08:54:46.466191" elapsed="0.005133"/>
</kw>
<kw name="Should Be Equal As Strings" owner="BuiltIn">
<arg>${state}</arg>
<arg>${customer["stateAbbr"]}</arg>
<doc>Fails if objects are unequal after converting them to strings.</doc>
<status status="PASS" start="2025-09-25T08:54:46.471380" elapsed="0.000288"/>
</kw>
<kw name="Get Element Attribute" owner="SeleniumLibrary">
<msg time="2025-09-25T08:54:46.477026" level="INFO">${zipcode} = 92998-3874</msg>
<var>${zipcode}</var>
<arg>${customers_txt_zipcode}</arg>
<arg>value</arg>
<doc>Returns the value of ``attribute`` from the element ``locator``.</doc>
<status status="PASS" start="2025-09-25T08:54:46.471731" elapsed="0.005311"/>
</kw>
<kw name="Should Be Equal As Strings" owner="BuiltIn">
<arg>${zipcode}</arg>
<arg>${customer["address"]["zipcode"]}</arg>
<doc>Fails if objects are unequal after converting them to strings.</doc>
<status status="PASS" start="2025-09-25T08:54:46.477097" elapsed="0.000279"/>
</kw>
<kw name="Get Element Attribute" owner="SeleniumLibrary">
<msg time="2025-09-25T08:54:46.482583" level="INFO">${password} = 3VhQebo8</msg>
<var>${password}</var>
<arg>${customers_txt_password}</arg>
<arg>value</arg>
<doc>Returns the value of ``attribute`` from the element ``locator``.</doc>
<status status="PASS" start="2025-09-25T08:54:46.477425" elapsed="0.005173"/>
</kw>
<kw name="Should Be Equal As Strings" owner="BuiltIn">
<arg>${password}</arg>
<arg>${customer["password"]}</arg>
<doc>Fails if objects are unequal after converting them to strings.</doc>
<status status="PASS" start="2025-09-25T08:54:46.482667" elapsed="0.000301"/>
</kw>
<arg>${customer}</arg>
<status status="PASS" start="2025-09-25T08:54:45.179584" elapsed="1.303418"/>
</kw>
<kw name="Verify Customer Is Added" owner="CustomerPage">
<kw name="Go To Customers Page" owner="CustomerPage">
<kw name="Click Element" owner="SeleniumLibrary">
<msg time="2025-09-25T08:54:46.483429" level="INFO">Clicking element '(//p[text()="Customers"])[2]'.</msg>
<arg>${nav_btn_customers}</arg>
<doc>Click the element identified by ``locator``.</doc>
<status status="PASS" start="2025-09-25T08:54:46.483344" elapsed="0.025185"/>
</kw>
<kw name="Wait Until Element Is Visible" owner="SeleniumLibrary">
<arg>//table//tbody//tr</arg>
<doc>Waits until the element ``locator`` is visible.</doc>
<status status="PASS" start="2025-09-25T08:54:46.508640" elapsed="0.229053"/>
</kw>
<status status="PASS" start="2025-09-25T08:54:46.483272" elapsed="0.254482"/>
</kw>
<kw name="Refresh Current Page" owner="App">
<kw name="Click Button" owner="SeleniumLibrary">
<msg time="2025-09-25T08:54:46.738110" level="INFO">Clicking button '//button[@aria-label="Refresh"]'.</msg>
<arg>${btn_refresh}</arg>
<doc>Clicks the button identified by ``locator``.</doc>
<status status="PASS" start="2025-09-25T08:54:46.738000" elapsed="0.145525"/>
</kw>
<kw name="Wait Until Element Is Visible" owner="SeleniumLibrary">
<arg>${loading_icon}</arg>
<doc>Waits until the element ``locator`` is visible.</doc>
<status status="PASS" start="2025-09-25T08:54:46.883657" elapsed="0.224327"/>
</kw>
<kw name="Wait Until Element Is Not Visible" owner="SeleniumLibrary">
<arg>${loading_icon}</arg>
<doc>Waits until the element ``locator`` is not visible.</doc>
<status status="PASS" start="2025-09-25T08:54:47.108119" elapsed="0.221903"/>
</kw>
<status status="PASS" start="2025-09-25T08:54:46.737847" elapsed="0.592448"/>
</kw>
<kw name="Get Text" owner="SeleniumLibrary">
<msg time="2025-09-25T08:54:47.346001" level="INFO">${fetched_name} = Leanne Graham</msg>
<var>${fetched_name}</var>
<arg>((${table_row})[1]//td)[2]</arg>
<doc>Returns the text value of the element identified by ``locator``.</doc>
<status status="PASS" start="2025-09-25T08:54:47.330648" elapsed="0.015379"/>
</kw>
<if>
<branch type="IF" condition="&quot;\\n&quot; in &quot;&quot;&quot;${fetched_name}&quot;&quot;&quot;">
<kw name="Evaluate" owner="BuiltIn">
<var>${fetched_name}</var>
<arg>"""${fetched_name}""".replace("\\n","")[1:]</arg>
<doc>Evaluates the given expression in Python and returns the result.</doc>
<status status="NOT RUN" start="2025-09-25T08:54:47.346465" elapsed="0.000019"/>
</kw>
<status status="NOT RUN" start="2025-09-25T08:54:47.346102" elapsed="0.000407"/>
</branch>
<status status="PASS" start="2025-09-25T08:54:47.346085" elapsed="0.000478"/>
</if>
<kw name="Should Be Equal As Strings" owner="BuiltIn">
<arg>${customer["name"].split(" ")[0]} ${customer["name"].split(" ")[1]}</arg>
<arg>${fetched_name}</arg>
<doc>Fails if objects are unequal after converting them to strings.</doc>
<status status="PASS" start="2025-09-25T08:54:47.346608" elapsed="0.000502"/>
</kw>
<arg>${customer}</arg>
<status status="PASS" start="2025-09-25T08:54:46.483143" elapsed="0.864044"/>
</kw>
<var name="${customer}">{'id': 1, 'name': 'Leanne Graham', 'username': 'Bret', 'email': 'Sincere@april.biz', 'address': {'street': 'Kulas Light', 'suite': 'Apt. 556', 'city': 'Gwenborough', 'zipcode': '92998-3874', 'geo': {'...</var>
<status status="PASS" start="2025-09-25T08:54:43.558183" elapsed="3.789043"/>
</iter>
<iter>
<kw name="Go To Customers Page" owner="CustomerPage">
<kw name="Click Element" owner="SeleniumLibrary">
<msg time="2025-09-25T08:54:47.347886" level="INFO">Clicking element '(//p[text()="Customers"])[2]'.</msg>
<arg>${nav_btn_customers}</arg>
<doc>Click the element identified by ``locator``.</doc>
<status status="PASS" start="2025-09-25T08:54:47.347753" elapsed="0.023953"/>
</kw>
<kw name="Wait Until Element Is Visible" owner="SeleniumLibrary">
<arg>//table//tbody//tr</arg>
<doc>Waits until the element ``locator`` is visible.</doc>
<status status="PASS" start="2025-09-25T08:54:47.371818" elapsed="0.016206"/>
</kw>
<status status="PASS" start="2025-09-25T08:54:47.347512" elapsed="0.040603"/>
</kw>
<kw name="Create User" owner="CustomerPage">
<kw name="Click Element" owner="SeleniumLibrary">
<msg time="2025-09-25T08:54:47.388678" level="INFO">Clicking element '//a[@aria-label="Create"]'.</msg>
<arg>${customers_btn_create}</arg>
<doc>Click the element identified by ``locator``.</doc>
<status status="PASS" start="2025-09-25T08:54:47.388582" elapsed="0.043775"/>
</kw>
<kw name="Wait Until Element Is Visible" owner="SeleniumLibrary">
<arg>${customers_txt_firstname}</arg>
<doc>Waits until the element ``locator`` is visible.</doc>
<status status="PASS" start="2025-09-25T08:54:47.432475" elapsed="0.023574"/>
</kw>
<kw name="Evaluate" owner="BuiltIn">
<msg time="2025-09-25T08:54:47.456500" level="INFO">${first} = Ervin</msg>
<var>${first}</var>
<arg>"${customer['name']}".split(" ")[0]</arg>
<doc>Evaluates the given expression in Python and returns the result.</doc>
<status status="PASS" start="2025-09-25T08:54:47.456153" elapsed="0.000362"/>
</kw>
<kw name="Evaluate" owner="BuiltIn">
<msg time="2025-09-25T08:54:47.456816" level="INFO">${last} = Howell</msg>
<var>${last}</var>
<arg>"${customer['name']}".split(" ")[1]</arg>
<doc>Evaluates the given expression in Python and returns the result.</doc>
<status status="PASS" start="2025-09-25T08:54:47.456568" elapsed="0.000260"/>
</kw>
<kw name="Input Text" owner="SeleniumLibrary">
<msg time="2025-09-25T08:54:47.456974" level="INFO">Typing text 'Ervin' into text field '//input[@name="first_name"]'.</msg>
<arg>${customers_txt_firstname}</arg>
<arg>${first}</arg>
<doc>Types the given ``text`` into the text field identified by ``locator``.</doc>
<status status="PASS" start="2025-09-25T08:54:47.456876" elapsed="0.031803"/>
</kw>
<kw name="Input Text" owner="SeleniumLibrary">
<msg time="2025-09-25T08:54:47.488934" level="INFO">Typing text 'Howell' into text field '//input[@name="last_name"]'.</msg>
<arg>${customers_txt_lastname}</arg>
<arg>${last}</arg>
<doc>Types the given ``text`` into the text field identified by ``locator``.</doc>
<status status="PASS" start="2025-09-25T08:54:47.488788" elapsed="0.034280"/>
</kw>
<kw name="Input Text" owner="SeleniumLibrary">
<msg time="2025-09-25T08:54:47.523584" level="INFO">Typing text 'Shanna@melissa.tv' into text field '//input[@name="email"]'.</msg>
<arg>${customers_txt_email}</arg>
<arg>${customer["email"]}</arg>
<doc>Types the given ``text`` into the text field identified by ``locator``.</doc>
<status status="PASS" start="2025-09-25T08:54:47.523204" elapsed="0.064909"/>
</kw>
<kw name="Input Text" owner="SeleniumLibrary">
<msg time="2025-09-25T08:54:47.588760" level="INFO">Typing text '10042000' into text field '//input[@name="birthday"]'.</msg>
<arg>${customers_txt_birthday}</arg>
<arg>${customer["birthday"]}</arg>
<doc>Types the given ``text`` into the text field identified by ``locator``.</doc>
<status status="PASS" start="2025-09-25T08:54:47.588255" elapsed="0.036857"/>
</kw>
<kw name="Input Text" owner="SeleniumLibrary">
<msg time="2025-09-25T08:54:47.625732" level="INFO">Typing text 'Victor Plains Suite 879' into text field '//textarea[@name="address"]'.</msg>
<arg>${customers_txt_address}</arg>
<arg>${customer["address"]["street"]} ${customer["address"]["suite"]}</arg>
<doc>Types the given ``text`` into the text field identified by ``locator``.</doc>
<status status="PASS" start="2025-09-25T08:54:47.625236" elapsed="0.043104"/>
</kw>
<kw name="Input Text" owner="SeleniumLibrary">
<msg time="2025-09-25T08:54:47.668860" level="INFO">Typing text 'Wisokyburgh' into text field '//input[@name="city"]'.</msg>
<arg>${customers_txt_city}</arg>
<arg>${customer["address"]["city"]}</arg>
<doc>Types the given ``text`` into the text field identified by ``locator``.</doc>
<status status="PASS" start="2025-09-25T08:54:47.668465" elapsed="0.036468"/>
</kw>
<kw name="Input Text" owner="SeleniumLibrary">
<msg time="2025-09-25T08:54:47.705384" level="INFO">Typing text 'VSWW' into text field '//input[@name="stateAbbr"]'.</msg>
<arg>${customers_txt_stateAbbr}</arg>
<arg>${customer["stateAbbr"]}</arg>
<doc>Types the given ``text`` into the text field identified by ``locator``.</doc>
<status status="PASS" start="2025-09-25T08:54:47.705044" elapsed="0.032728"/>
</kw>
<kw name="Input Text" owner="SeleniumLibrary">
<msg time="2025-09-25T08:54:47.738209" level="INFO">Typing text '90566-7771' into text field '//input[@name="zipcode"]'.</msg>
<arg>${customers_txt_zipcode}</arg>
<arg>${customer["address"]["zipcode"]}</arg>
<doc>Types the given ``text`` into the text field identified by ``locator``.</doc>
<status status="PASS" start="2025-09-25T08:54:47.737890" elapsed="0.036178"/>
</kw>
<kw name="Input Text" owner="SeleniumLibrary">
<msg time="2025-09-25T08:54:47.774518" level="INFO">Typing text 'N@VUswiT' into text field '//input[@name="password"]'.</msg>
<arg>${customers_txt_password}</arg>
<arg>${customer["password"]}</arg>
<doc>Types the given ``text`` into the text field identified by ``locator``.</doc>
<status status="PASS" start="2025-09-25T08:54:47.774169" elapsed="0.036805"/>
</kw>
<kw name="Input Text" owner="SeleniumLibrary">
<msg time="2025-09-25T08:54:47.811488" level="INFO">Typing text 'N@VUswiT' into text field '//input[@name="confirm_password"]'.</msg>
<arg>${customers_txt_confirm_password}</arg>
<arg>${customer["password"]}</arg>
<doc>Types the given ``text`` into the text field identified by ``locator``.</doc>
<status status="PASS" start="2025-09-25T08:54:47.811090" elapsed="0.038294"/>
</kw>
<kw name="Click Button" owner="SeleniumLibrary">
<msg time="2025-09-25T08:54:47.849622" level="INFO">Clicking button '//button[@aria-label="Save"]'.</msg>
<arg>${customers_btn_save}</arg>
<doc>Clicks the button identified by ``locator``.</doc>
<status status="PASS" start="2025-09-25T08:54:47.849492" elapsed="0.034531"/>
</kw>
<kw name="Wait Until Page Contains" owner="SeleniumLibrary">
<arg>Customer created</arg>
<doc>Waits until ``text`` appears on the current page.</doc>
<status status="PASS" start="2025-09-25T08:54:47.884141" elapsed="0.420142"/>
</kw>
<arg>${customer}</arg>
<status status="PASS" start="2025-09-25T08:54:47.388315" elapsed="0.916029"/>
</kw>
<kw name="Verify Customer Details Match" owner="CustomerPage">
<kw name="Go To Customers Page" owner="CustomerPage">
<kw name="Click Element" owner="SeleniumLibrary">
<msg time="2025-09-25T08:54:48.304801" level="INFO">Clicking element '(//p[text()="Customers"])[2]'.</msg>
<arg>${nav_btn_customers}</arg>
<doc>Click the element identified by ``locator``.</doc>
<status status="PASS" start="2025-09-25T08:54:48.304707" elapsed="0.025763"/>
</kw>
<kw name="Wait Until Element Is Visible" owner="SeleniumLibrary">
<arg>//table//tbody//tr</arg>
<doc>Waits until the element ``locator`` is visible.</doc>
<status status="PASS" start="2025-09-25T08:54:48.330620" elapsed="0.210842"/>
</kw>
<status status="PASS" start="2025-09-25T08:54:48.304619" elapsed="0.236910"/>
</kw>
<kw name="Refresh Current Page" owner="App">
<kw name="Click Button" owner="SeleniumLibrary">
<msg time="2025-09-25T08:54:48.541901" level="INFO">Clicking button '//button[@aria-label="Refresh"]'.</msg>
<arg>${btn_refresh}</arg>
<doc>Clicks the button identified by ``locator``.</doc>
<status status="PASS" start="2025-09-25T08:54:48.541790" elapsed="0.210194"/>
</kw>
<kw name="Wait Until Element Is Visible" owner="SeleniumLibrary">
<arg>${loading_icon}</arg>
<doc>Waits until the element ``locator`` is visible.</doc>
<status status="PASS" start="2025-09-25T08:54:48.752284" elapsed="0.009111"/>
</kw>
<kw name="Wait Until Element Is Not Visible" owner="SeleniumLibrary">
<arg>${loading_icon}</arg>
<doc>Waits until the element ``locator`` is not visible.</doc>
<status status="PASS" start="2025-09-25T08:54:48.761533" elapsed="0.428525"/>
</kw>
<status status="PASS" start="2025-09-25T08:54:48.541642" elapsed="0.648478"/>
</kw>
<kw name="Click Element" owner="SeleniumLibrary">
<msg time="2025-09-25T08:54:49.190572" level="INFO">Clicking element '//a[.//div[contains(normalize-space(.),"Ervin Howell")]]'.</msg>
<arg>//a[.//div[contains(normalize-space(.),"${customer["name"]}")]]</arg>
<doc>Click the element identified by ``locator``.</doc>
<status status="PASS" start="2025-09-25T08:54:49.190197" elapsed="0.029225"/>
</kw>
<kw name="Wait Until Element Is Visible" owner="SeleniumLibrary">
<arg>${customers_txt_firstname}</arg>
<doc>Waits until the element ``locator`` is visible.</doc>
<status status="PASS" start="2025-09-25T08:54:49.219557" elapsed="0.047061"/>
</kw>
<kw name="Evaluate" owner="BuiltIn">
<msg time="2025-09-25T08:54:49.267100" level="INFO">${first} = Ervin</msg>
<var>${first}</var>
<arg>"${customer['name']}".split(" ")[0]</arg>
<doc>Evaluates the given expression in Python and returns the result.</doc>
<status status="PASS" start="2025-09-25T08:54:49.266737" elapsed="0.000380"/>
</kw>
<kw name="Evaluate" owner="BuiltIn">
<msg time="2025-09-25T08:54:49.267451" level="INFO">${last} = Howell</msg>
<var>${last}</var>
<arg>"${customer['name']}".split(" ")[1]</arg>
<doc>Evaluates the given expression in Python and returns the result.</doc>
<status status="PASS" start="2025-09-25T08:54:49.267173" elapsed="0.000294"/>
</kw>
<kw name="Reformat Birthday" owner="CustomLibrary">
<msg time="2025-09-25T08:54:49.267753" level="INFO">${birthday} = 2000-10-04</msg>
<var>${birthday}</var>
<arg>${customer["birthday"]}</arg>
<status status="PASS" start="2025-09-25T08:54:49.267521" elapsed="0.000242"/>
</kw>
<kw name="Get Element Attribute" owner="SeleniumLibrary">
<msg time="2025-09-25T08:54:49.273035" level="INFO">${firstname} = Ervin</msg>
<var>${firstname}</var>
<arg>${customers_txt_firstname}</arg>
<arg>value</arg>
<doc>Returns the value of ``attribute`` from the element ``locator``.</doc>
<status status="PASS" start="2025-09-25T08:54:49.267808" elapsed="0.005248"/>
</kw>
<kw name="Should Be Equal As Strings" owner="BuiltIn">
<arg>${firstname}</arg>
<arg>${first}</arg>
<doc>Fails if objects are unequal after converting them to strings.</doc>
<status status="PASS" start="2025-09-25T08:54:49.273128" elapsed="0.000098"/>
</kw>
<kw name="Get Element Attribute" owner="SeleniumLibrary">
<msg time="2025-09-25T08:54:49.279340" level="INFO">${lastname} = Howell</msg>
<var>${lastname}</var>
<arg>${customers_txt_lastname}</arg>
<arg>value</arg>
<doc>Returns the value of ``attribute`` from the element ``locator``.</doc>
<status status="PASS" start="2025-09-25T08:54:49.273276" elapsed="0.006082"/>
</kw>
<kw name="Should Be Equal As Strings" owner="BuiltIn">
<arg>${lastname}</arg>
<arg>${last}</arg>
<doc>Fails if objects are unequal after converting them to strings.</doc>
<status status="PASS" start="2025-09-25T08:54:49.279420" elapsed="0.000085"/>
</kw>
<kw name="Get Element Attribute" owner="SeleniumLibrary">
<msg time="2025-09-25T08:54:49.284679" level="INFO">${email} = Shanna@melissa.tv</msg>
<var>${email}</var>
<arg>${customers_txt_email}</arg>
<arg>value</arg>
<doc>Returns the value of ``attribute`` from the element ``locator``.</doc>
<status status="PASS" start="2025-09-25T08:54:49.279555" elapsed="0.005145"/>
</kw>
<kw name="Should Be Equal As Strings" owner="BuiltIn">
<arg>${email}</arg>
<arg>${customer["email"]}</arg>
<doc>Fails if objects are unequal after converting them to strings.</doc>
<status status="PASS" start="2025-09-25T08:54:49.284764" elapsed="0.000293"/>
</kw>
<kw name="Get Element Attribute" owner="SeleniumLibrary">
<msg time="2025-09-25T08:54:49.290257" level="INFO">${bday} = 2000-10-04</msg>
<var>${bday}</var>
<arg>${customers_txt_birthday}</arg>
<arg>value</arg>
<doc>Returns the value of ``attribute`` from the element ``locator``.</doc>
<status status="PASS" start="2025-09-25T08:54:49.285110" elapsed="0.005164"/>
</kw>
<kw name="Should Be Equal As Strings" owner="BuiltIn">
<arg>${bday}</arg>
<arg>${birthday}</arg>
<doc>Fails if objects are unequal after converting them to strings.</doc>
<status status="PASS" start="2025-09-25T08:54:49.290335" elapsed="0.000086"/>
</kw>
<kw name="Get Element Attribute" owner="SeleniumLibrary">
<msg time="2025-09-25T08:54:49.296062" level="INFO">${address} = Victor Plains Suite 879</msg>
<var>${address}</var>
<arg>${customers_txt_address}</arg>
<arg>value</arg>
<doc>Returns the value of ``attribute`` from the element ``locator``.</doc>
<status status="PASS" start="2025-09-25T08:54:49.290468" elapsed="0.005622"/>
</kw>
<kw name="Should Be Equal As Strings" owner="BuiltIn">
<arg>${address}</arg>
<arg>${customer["address"]["street"]} ${customer["address"]["suite"]}</arg>
<doc>Fails if objects are unequal after converting them to strings.</doc>
<status status="PASS" start="2025-09-25T08:54:49.296149" elapsed="0.000467"/>
</kw>
<kw name="Get Element Attribute" owner="SeleniumLibrary">
<msg time="2025-09-25T08:54:49.301789" level="INFO">${city} = Wisokyburgh</msg>
<var>${city}</var>
<arg>${customers_txt_city}</arg>
<arg>value</arg>
<doc>Returns the value of ``attribute`` from the element ``locator``.</doc>
<status status="PASS" start="2025-09-25T08:54:49.296682" elapsed="0.005122"/>
</kw>
<kw name="Should Be Equal As Strings" owner="BuiltIn">
<arg>${city}</arg>
<arg>${customer["address"]["city"]}</arg>
<doc>Fails if objects are unequal after converting them to strings.</doc>
<status status="PASS" start="2025-09-25T08:54:49.301855" elapsed="0.000301"/>
</kw>
<kw name="Get Element Attribute" owner="SeleniumLibrary">
<msg time="2025-09-25T08:54:49.307310" level="INFO">${state} = VSWW</msg>
<var>${state}</var>
<arg>${customers_txt_stateAbbr}</arg>
<arg>value</arg>
<doc>Returns the value of ``attribute`` from the element ``locator``.</doc>
<status status="PASS" start="2025-09-25T08:54:49.302215" elapsed="0.005108"/>
</kw>
<kw name="Should Be Equal As Strings" owner="BuiltIn">
<arg>${state}</arg>
<arg>${customer["stateAbbr"]}</arg>
<doc>Fails if objects are unequal after converting them to strings.</doc>
<status status="PASS" start="2025-09-25T08:54:49.307389" elapsed="0.000287"/>
</kw>
<kw name="Get Element Attribute" owner="SeleniumLibrary">
<msg time="2025-09-25T08:54:49.312955" level="INFO">${zipcode} = 90566-7771</msg>
<var>${zipcode}</var>
<arg>${customers_txt_zipcode}</arg>
<arg>value</arg>
<doc>Returns the value of ``attribute`` from the element ``locator``.</doc>
<status status="PASS" start="2025-09-25T08:54:49.307722" elapsed="0.005249"/>
</kw>
<kw name="Should Be Equal As Strings" owner="BuiltIn">
<arg>${zipcode}</arg>
<arg>${customer["address"]["zipcode"]}</arg>
<doc>Fails if objects are unequal after converting them to strings.</doc>
<status status="PASS" start="2025-09-25T08:54:49.313040" elapsed="0.000286"/>
</kw>
<kw name="Get Element Attribute" owner="SeleniumLibrary">
<msg time="2025-09-25T08:54:49.318193" level="INFO">${password} = N@VUswiT</msg>
<var>${password}</var>
<arg>${customers_txt_password}</arg>
<arg>value</arg>
<doc>Returns the value of ``attribute`` from the element ``locator``.</doc>
<status status="PASS" start="2025-09-25T08:54:49.313375" elapsed="0.005003"/>
</kw>
<kw name="Should Be Equal As Strings" owner="BuiltIn">
<arg>${password}</arg>
<arg>${customer["password"]}</arg>
<doc>Fails if objects are unequal after converting them to strings.</doc>
<status status="PASS" start="2025-09-25T08:54:49.318437" elapsed="0.000271"/>
</kw>
<arg>${customer}</arg>
<status status="PASS" start="2025-09-25T08:54:48.304472" elapsed="1.014269"/>
</kw>
<kw name="Verify Customer Is Added" owner="CustomerPage">
<kw name="Go To Customers Page" owner="CustomerPage">
<kw name="Click Element" owner="SeleniumLibrary">
<msg time="2025-09-25T08:54:49.319114" level="INFO">Clicking element '(//p[text()="Customers"])[2]'.</msg>
<arg>${nav_btn_customers}</arg>
<doc>Click the element identified by ``locator``.</doc>
<status status="PASS" start="2025-09-25T08:54:49.319041" elapsed="0.028720"/>
</kw>
<kw name="Wait Until Element Is Visible" owner="SeleniumLibrary">
<arg>//table//tbody//tr</arg>
<doc>Waits until the element ``locator`` is visible.</doc>
<status status="PASS" start="2025-09-25T08:54:49.347878" elapsed="0.047836"/>
</kw>
<status status="PASS" start="2025-09-25T08:54:49.318956" elapsed="0.076821"/>
</kw>
<kw name="Refresh Current Page" owner="App">
<kw name="Click Button" owner="SeleniumLibrary">
<msg time="2025-09-25T08:54:49.396093" level="INFO">Clicking button '//button[@aria-label="Refresh"]'.</msg>
<arg>${btn_refresh}</arg>
<doc>Clicks the button identified by ``locator``.</doc>
<status status="PASS" start="2025-09-25T08:54:49.395994" elapsed="0.324418"/>
</kw>
<kw name="Wait Until Element Is Visible" owner="SeleniumLibrary">
<arg>${loading_icon}</arg>
<doc>Waits until the element ``locator`` is visible.</doc>
<status status="PASS" start="2025-09-25T08:54:49.720529" elapsed="0.213604"/>
</kw>
<kw name="Wait Until Element Is Not Visible" owner="SeleniumLibrary">
<arg>${loading_icon}</arg>
<doc>Waits until the element ``locator`` is not visible.</doc>
<status status="PASS" start="2025-09-25T08:54:49.934233" elapsed="0.213517"/>
</kw>
<status status="PASS" start="2025-09-25T08:54:49.395867" elapsed="0.751947"/>
</kw>
<kw name="Get Text" owner="SeleniumLibrary">
<msg time="2025-09-25T08:54:50.154543" level="INFO">${fetched_name} = Ervin Howell</msg>
<var>${fetched_name}</var>
<arg>((${table_row})[1]//td)[2]</arg>
<doc>Returns the text value of the element identified by ``locator``.</doc>
<status status="PASS" start="2025-09-25T08:54:50.147887" elapsed="0.006677"/>
</kw>
<if>
<branch type="IF" condition="&quot;\\n&quot; in &quot;&quot;&quot;${fetched_name}&quot;&quot;&quot;">
<kw name="Evaluate" owner="BuiltIn">
<var>${fetched_name}</var>
<arg>"""${fetched_name}""".replace("\\n","")[1:]</arg>
<doc>Evaluates the given expression in Python and returns the result.</doc>
<status status="NOT RUN" start="2025-09-25T08:54:50.154750" elapsed="0.000014"/>
</kw>
<status status="NOT RUN" start="2025-09-25T08:54:50.154625" elapsed="0.000157"/>
</branch>
<status status="PASS" start="2025-09-25T08:54:50.154610" elapsed="0.000190"/>
</if>
<kw name="Should Be Equal As Strings" owner="BuiltIn">
<arg>${customer["name"].split(" ")[0]} ${customer["name"].split(" ")[1]}</arg>
<arg>${fetched_name}</arg>
<doc>Fails if objects are unequal after converting them to strings.</doc>
<status status="PASS" start="2025-09-25T08:54:50.154836" elapsed="0.000422"/>
</kw>
<arg>${customer}</arg>
<status status="PASS" start="2025-09-25T08:54:49.318837" elapsed="0.836453"/>
</kw>
<var name="${customer}">{'id': 2, 'name': 'Ervin Howell', 'username': 'Antonette', 'email': 'Shanna@melissa.tv', 'address': {'street': 'Victor Plains', 'suite': 'Suite 879', 'city': 'Wisokyburgh', 'zipcode': '90566-7771', 'g...</var>
<status status="PASS" start="2025-09-25T08:54:47.347384" elapsed="2.807924"/>
</iter>
<iter>
<kw name="Go To Customers Page" owner="CustomerPage">
<kw name="Click Element" owner="SeleniumLibrary">
<msg time="2025-09-25T08:54:50.155608" level="INFO">Clicking element '(//p[text()="Customers"])[2]'.</msg>
<arg>${nav_btn_customers}</arg>
<doc>Click the element identified by ``locator``.</doc>
<status status="PASS" start="2025-09-25T08:54:50.155532" elapsed="0.029168"/>
</kw>
<kw name="Wait Until Element Is Visible" owner="SeleniumLibrary">
<arg>//table//tbody//tr</arg>
<doc>Waits until the element ``locator`` is visible.</doc>
<status status="PASS" start="2025-09-25T08:54:50.184839" elapsed="0.008386"/>
</kw>
<status status="PASS" start="2025-09-25T08:54:50.155435" elapsed="0.037877"/>
</kw>
<kw name="Create User" owner="CustomerPage">
<kw name="Click Element" owner="SeleniumLibrary">
<msg time="2025-09-25T08:54:50.193818" level="INFO">Clicking element '//a[@aria-label="Create"]'.</msg>
<arg>${customers_btn_create}</arg>
<doc>Click the element identified by ``locator``.</doc>
<status status="PASS" start="2025-09-25T08:54:50.193709" elapsed="0.038744"/>
</kw>
<kw name="Wait Until Element Is Visible" owner="SeleniumLibrary">
<arg>${customers_txt_firstname}</arg>
<doc>Waits until the element ``locator`` is visible.</doc>
<status status="PASS" start="2025-09-25T08:54:50.232562" elapsed="0.023580"/>
</kw>
<kw name="Evaluate" owner="BuiltIn">
<msg time="2025-09-25T08:54:50.256608" level="INFO">${first} = Clementine</msg>
<var>${first}</var>
<arg>"${customer['name']}".split(" ")[0]</arg>
<doc>Evaluates the given expression in Python and returns the result.</doc>
<status status="PASS" start="2025-09-25T08:54:50.256255" elapsed="0.000368"/>
</kw>
<kw name="Evaluate" owner="BuiltIn">
<msg time="2025-09-25T08:54:50.256921" level="INFO">${last} = Bauch</msg>
<var>${last}</var>
<arg>"${customer['name']}".split(" ")[1]</arg>
<doc>Evaluates the given expression in Python and returns the result.</doc>
<status status="PASS" start="2025-09-25T08:54:50.256676" elapsed="0.000256"/>
</kw>
<kw name="Input Text" owner="SeleniumLibrary">
<msg time="2025-09-25T08:54:50.257091" level="INFO">Typing text 'Clementine' into text field '//input[@name="first_name"]'.</msg>
<arg>${customers_txt_firstname}</arg>
<arg>${first}</arg>
<doc>Types the given ``text`` into the text field identified by ``locator``.</doc>
<status status="PASS" start="2025-09-25T08:54:50.256993" elapsed="0.034960"/>
</kw>
<kw name="Input Text" owner="SeleniumLibrary">
<msg time="2025-09-25T08:54:50.292194" level="INFO">Typing text 'Bauch' into text field '//input[@name="last_name"]'.</msg>
<arg>${customers_txt_lastname}</arg>
<arg>${last}</arg>
<doc>Types the given ``text`` into the text field identified by ``locator``.</doc>
<status status="PASS" start="2025-09-25T08:54:50.292058" elapsed="0.032894"/>
</kw>
<kw name="Input Text" owner="SeleniumLibrary">
<msg time="2025-09-25T08:54:50.325562" level="INFO">Typing text 'Nathan@yesenia.net' into text field '//input[@name="email"]'.</msg>
<arg>${customers_txt_email}</arg>
<arg>${customer["email"]}</arg>
<doc>Types the given ``text`` into the text field identified by ``locator``.</doc>
<status status="PASS" start="2025-09-25T08:54:50.325059" elapsed="0.036470"/>
</kw>
<kw name="Input Text" owner="SeleniumLibrary">
<msg time="2025-09-25T08:54:50.362013" level="INFO">Typing text '05272000' into text field '//input[@name="birthday"]'.</msg>
<arg>${customers_txt_birthday}</arg>
<arg>${customer["birthday"]}</arg>
<doc>Types the given ``text`` into the text field identified by ``locator``.</doc>
<status status="PASS" start="2025-09-25T08:54:50.361640" elapsed="0.037221"/>
</kw>
<kw name="Input Text" owner="SeleniumLibrary">
<msg time="2025-09-25T08:54:50.399426" level="INFO">Typing text 'Douglas Extension Suite 847' into text field '//textarea[@name="address"]'.</msg>
<arg>${customers_txt_address}</arg>
<arg>${customer["address"]["street"]} ${customer["address"]["suite"]}</arg>
<doc>Types the given ``text`` into the text field identified by ``locator``.</doc>
<status status="PASS" start="2025-09-25T08:54:50.398962" elapsed="0.039553"/>
</kw>
<kw name="Input Text" owner="SeleniumLibrary">
<msg time="2025-09-25T08:54:50.439729" level="INFO">Typing text 'McKenziehaven' into text field '//input[@name="city"]'.</msg>
<arg>${customers_txt_city}</arg>
<arg>${customer["address"]["city"]}</arg>
<doc>Types the given ``text`` into the text field identified by ``locator``.</doc>
<status status="PASS" start="2025-09-25T08:54:50.438615" elapsed="0.037806"/>
</kw>
<kw name="Input Text" owner="SeleniumLibrary">
<msg time="2025-09-25T08:54:50.477323" level="INFO">Typing text 'DSMM' into text field '//input[@name="stateAbbr"]'.</msg>
<arg>${customers_txt_stateAbbr}</arg>
<arg>${customer["stateAbbr"]}</arg>
<doc>Types the given ``text`` into the text field identified by ``locator``.</doc>
<status status="PASS" start="2025-09-25T08:54:50.476704" elapsed="0.031531"/>
</kw>
<kw name="Input Text" owner="SeleniumLibrary">
<msg time="2025-09-25T08:54:50.508671" level="INFO">Typing text '59590-4157' into text field '//input[@name="zipcode"]'.</msg>
<arg>${customers_txt_zipcode}</arg>
<arg>${customer["address"]["zipcode"]}</arg>
<doc>Types the given ``text`` into the text field identified by ``locator``.</doc>
<status status="PASS" start="2025-09-25T08:54:50.508334" elapsed="0.032876"/>
</kw>
<kw name="Input Text" owner="SeleniumLibrary">
<msg time="2025-09-25T08:54:50.541718" level="INFO">Typing text '8%e1gXcQ' into text field '//input[@name="password"]'.</msg>
<arg>${customers_txt_password}</arg>
<arg>${customer["password"]}</arg>
<doc>Types the given ``text`` into the text field identified by ``locator``.</doc>
<status status="PASS" start="2025-09-25T08:54:50.541327" elapsed="0.039390"/>
</kw>
<kw name="Input Text" owner="SeleniumLibrary">
<msg time="2025-09-25T08:54:50.581181" level="INFO">Typing text '8%e1gXcQ' into text field '//input[@name="confirm_password"]'.</msg>
<arg>${customers_txt_confirm_password}</arg>
<arg>${customer["password"]}</arg>
<doc>Types the given ``text`` into the text field identified by ``locator``.</doc>
<status status="PASS" start="2025-09-25T08:54:50.580825" elapsed="0.032581"/>
</kw>
<kw name="Click Button" owner="SeleniumLibrary">
<msg time="2025-09-25T08:54:50.613634" level="INFO">Clicking button '//button[@aria-label="Save"]'.</msg>
<arg>${customers_btn_save}</arg>
<doc>Clicks the button identified by ``locator``.</doc>
<status status="PASS" start="2025-09-25T08:54:50.613508" elapsed="0.035688"/>
</kw>
<kw name="Wait Until Page Contains" owner="SeleniumLibrary">
<arg>Customer created</arg>
<doc>Waits until ``text`` appears on the current page.</doc>
<status status="PASS" start="2025-09-25T08:54:50.649309" elapsed="0.420299"/>
</kw>
<arg>${customer}</arg>
<status status="PASS" start="2025-09-25T08:54:50.193454" elapsed="0.876217"/>
</kw>
<kw name="Verify Customer Details Match" owner="CustomerPage">
<kw name="Go To Customers Page" owner="CustomerPage">
<kw name="Click Element" owner="SeleniumLibrary">
<msg time="2025-09-25T08:54:51.070139" level="INFO">Clicking element '(//p[text()="Customers"])[2]'.</msg>
<arg>${nav_btn_customers}</arg>
<doc>Click the element identified by ``locator``.</doc>
<status status="PASS" start="2025-09-25T08:54:51.070050" elapsed="0.030701"/>
</kw>
<kw name="Wait Until Element Is Visible" owner="SeleniumLibrary">
<arg>//table//tbody//tr</arg>
<doc>Waits until the element ``locator`` is visible.</doc>
<status status="PASS" start="2025-09-25T08:54:51.100864" elapsed="0.044665"/>
</kw>
<status status="PASS" start="2025-09-25T08:54:51.069960" elapsed="0.075643"/>
</kw>
<kw name="Refresh Current Page" owner="App">
<kw name="Click Button" owner="SeleniumLibrary">
<msg time="2025-09-25T08:54:51.145951" level="INFO">Clicking button '//button[@aria-label="Refresh"]'.</msg>
<arg>${btn_refresh}</arg>
<doc>Clicks the button identified by ``locator``.</doc>
<status status="PASS" start="2025-09-25T08:54:51.145843" elapsed="0.334048"/>
</kw>
<kw name="Wait Until Element Is Visible" owner="SeleniumLibrary">
<arg>${loading_icon}</arg>
<doc>Waits until the element ``locator`` is visible.</doc>
<status status="PASS" start="2025-09-25T08:54:51.480007" elapsed="0.210356"/>
</kw>
<kw name="Wait Until Element Is Not Visible" owner="SeleniumLibrary">
<arg>${loading_icon}</arg>
<doc>Waits until the element ``locator`` is not visible.</doc>
<status status="PASS" start="2025-09-25T08:54:51.690474" elapsed="0.249916"/>
</kw>
<status status="PASS" start="2025-09-25T08:54:51.145706" elapsed="0.794756"/>
</kw>
<kw name="Click Element" owner="SeleniumLibrary">
<msg time="2025-09-25T08:54:51.941011" level="INFO">Clicking element '//a[.//div[contains(normalize-space(.),"Clementine Bauch")]]'.</msg>
<arg>//a[.//div[contains(normalize-space(.),"${customer["name"]}")]]</arg>
<doc>Click the element identified by ``locator``.</doc>
<status status="PASS" start="2025-09-25T08:54:51.940546" elapsed="0.029541"/>
</kw>
<kw name="Wait Until Element Is Visible" owner="SeleniumLibrary">
<arg>${customers_txt_firstname}</arg>
<doc>Waits until the element ``locator`` is visible.</doc>
<status status="PASS" start="2025-09-25T08:54:51.970227" elapsed="0.041533"/>
</kw>
<kw name="Evaluate" owner="BuiltIn">
<msg time="2025-09-25T08:54:52.012266" level="INFO">${first} = Clementine</msg>
<var>${first}</var>
<arg>"${customer['name']}".split(" ")[0]</arg>
<doc>Evaluates the given expression in Python and returns the result.</doc>
<status status="PASS" start="2025-09-25T08:54:52.011887" elapsed="0.000393"/>
</kw>
<kw name="Evaluate" owner="BuiltIn">
<msg time="2025-09-25T08:54:52.012602" level="INFO">${last} = Bauch</msg>
<var>${last}</var>
<arg>"${customer['name']}".split(" ")[1]</arg>
<doc>Evaluates the given expression in Python and returns the result.</doc>
<status status="PASS" start="2025-09-25T08:54:52.012345" elapsed="0.000268"/>
</kw>
<kw name="Reformat Birthday" owner="CustomLibrary">
<msg time="2025-09-25T08:54:52.012901" level="INFO">${birthday} = 2000-05-27</msg>
<var>${birthday}</var>
<arg>${customer["birthday"]}</arg>
<status status="PASS" start="2025-09-25T08:54:52.012668" elapsed="0.000244"/>
</kw>
<kw name="Get Element Attribute" owner="SeleniumLibrary">
<msg time="2025-09-25T08:54:52.018306" level="INFO">${firstname} = Clementine</msg>
<var>${firstname}</var>
<arg>${customers_txt_firstname}</arg>
<arg>value</arg>
<doc>Returns the value of ``attribute`` from the element ``locator``.</doc>
<status status="PASS" start="2025-09-25T08:54:52.012957" elapsed="0.005368"/>
</kw>
<kw name="Should Be Equal As Strings" owner="BuiltIn">
<arg>${firstname}</arg>
<arg>${first}</arg>
<doc>Fails if objects are unequal after converting them to strings.</doc>
<status status="PASS" start="2025-09-25T08:54:52.018390" elapsed="0.000097"/>
</kw>
<kw name="Get Element Attribute" owner="SeleniumLibrary">
<msg time="2025-09-25T08:54:52.024402" level="INFO">${lastname} = Bauch</msg>
<var>${lastname}</var>
<arg>${customers_txt_lastname}</arg>
<arg>value</arg>
<doc>Returns the value of ``attribute`` from the element ``locator``.</doc>
<status status="PASS" start="2025-09-25T08:54:52.018542" elapsed="0.005876"/>
</kw>
<kw name="Should Be Equal As Strings" owner="BuiltIn">
<arg>${lastname}</arg>
<arg>${last}</arg>
<doc>Fails if objects are unequal after converting them to strings.</doc>
<status status="PASS" start="2025-09-25T08:54:52.024480" elapsed="0.000079"/>
</kw>
<kw name="Get Element Attribute" owner="SeleniumLibrary">
<msg time="2025-09-25T08:54:52.029758" level="INFO">${email} = Nathan@yesenia.net</msg>
<var>${email}</var>
<arg>${customers_txt_email}</arg>
<arg>value</arg>
<doc>Returns the value of ``attribute`` from the element ``locator``.</doc>
<status status="PASS" start="2025-09-25T08:54:52.024615" elapsed="0.005160"/>
</kw>
<kw name="Should Be Equal As Strings" owner="BuiltIn">
<arg>${email}</arg>
<arg>${customer["email"]}</arg>
<doc>Fails if objects are unequal after converting them to strings.</doc>
<status status="PASS" start="2025-09-25T08:54:52.029840" elapsed="0.000308"/>
</kw>
<kw name="Get Element Attribute" owner="SeleniumLibrary">
<msg time="2025-09-25T08:54:52.035186" level="INFO">${bday} = 2000-05-27</msg>
<var>${bday}</var>
<arg>${customers_txt_birthday}</arg>
<arg>value</arg>
<doc>Returns the value of ``attribute`` from the element ``locator``.</doc>
<status status="PASS" start="2025-09-25T08:54:52.030203" elapsed="0.004999"/>
</kw>
<kw name="Should Be Equal As Strings" owner="BuiltIn">
<arg>${bday}</arg>
<arg>${birthday}</arg>
<doc>Fails if objects are unequal after converting them to strings.</doc>
<status status="PASS" start="2025-09-25T08:54:52.035297" elapsed="0.000081"/>
</kw>
<kw name="Get Element Attribute" owner="SeleniumLibrary">
<msg time="2025-09-25T08:54:52.040129" level="INFO">${address} = Douglas Extension Suite 847</msg>
<var>${address}</var>
<arg>${customers_txt_address}</arg>
<arg>value</arg>
<doc>Returns the value of ``attribute`` from the element ``locator``.</doc>
<status status="PASS" start="2025-09-25T08:54:52.035420" elapsed="0.004724"/>
</kw>
<kw name="Should Be Equal As Strings" owner="BuiltIn">
<arg>${address}</arg>
<arg>${customer["address"]["street"]} ${customer["address"]["suite"]}</arg>
<doc>Fails if objects are unequal after converting them to strings.</doc>
<status status="PASS" start="2025-09-25T08:54:52.040194" elapsed="0.000420"/>
</kw>
<kw name="Get Element Attribute" owner="SeleniumLibrary">
<msg time="2025-09-25T08:54:52.045910" level="INFO">${city} = McKenziehaven</msg>
<var>${city}</var>
<arg>${customers_txt_city}</arg>
<arg>value</arg>
<doc>Returns the value of ``attribute`` from the element ``locator``.</doc>
<status status="PASS" start="2025-09-25T08:54:52.040663" elapsed="0.005267"/>
</kw>
<kw name="Should Be Equal As Strings" owner="BuiltIn">
<arg>${city}</arg>
<arg>${customer["address"]["city"]}</arg>
<doc>Fails if objects are unequal after converting them to strings.</doc>
<status status="PASS" start="2025-09-25T08:54:52.045999" elapsed="0.000260"/>
</kw>
<kw name="Get Element Attribute" owner="SeleniumLibrary">
<msg time="2025-09-25T08:54:52.050978" level="INFO">${state} = DSMM</msg>
<var>${state}</var>
<arg>${customers_txt_stateAbbr}</arg>
<arg>value</arg>
<doc>Returns the value of ``attribute`` from the element ``locator``.</doc>
<status status="PASS" start="2025-09-25T08:54:52.046313" elapsed="0.004679"/>
</kw>
<kw name="Should Be Equal As Strings" owner="BuiltIn">
<arg>${state}</arg>
<arg>${customer["stateAbbr"]}</arg>
<doc>Fails if objects are unequal after converting them to strings.</doc>
<status status="PASS" start="2025-09-25T08:54:52.051042" elapsed="0.000265"/>
</kw>
<kw name="Get Element Attribute" owner="SeleniumLibrary">
<msg time="2025-09-25T08:54:52.056182" level="INFO">${zipcode} = 59590-4157</msg>
<var>${zipcode}</var>
<arg>${customers_txt_zipcode}</arg>
<arg>value</arg>
<doc>Returns the value of ``attribute`` from the element ``locator``.</doc>
<status status="PASS" start="2025-09-25T08:54:52.051354" elapsed="0.004843"/>
</kw>
<kw name="Should Be Equal As Strings" owner="BuiltIn">
<arg>${zipcode}</arg>
<arg>${customer["address"]["zipcode"]}</arg>
<doc>Fails if objects are unequal after converting them to strings.</doc>
<status status="PASS" start="2025-09-25T08:54:52.056256" elapsed="0.000251"/>
</kw>
<kw name="Get Element Attribute" owner="SeleniumLibrary">
<msg time="2025-09-25T08:54:52.062003" level="INFO">${password} = 8%e1gXcQ</msg>
<var>${password}</var>
<arg>${customers_txt_password}</arg>
<arg>value</arg>
<doc>Returns the value of ``attribute`` from the element ``locator``.</doc>
<status status="PASS" start="2025-09-25T08:54:52.056559" elapsed="0.005462"/>
</kw>
<kw name="Should Be Equal As Strings" owner="BuiltIn">
<arg>${password}</arg>
<arg>${customer["password"]}</arg>
<doc>Fails if objects are unequal after converting them to strings.</doc>
<status status="PASS" start="2025-09-25T08:54:52.062084" elapsed="0.000412"/>
</kw>
<arg>${customer}</arg>
<status status="PASS" start="2025-09-25T08:54:51.069808" elapsed="0.992729"/>
</kw>
<kw name="Verify Customer Is Added" owner="CustomerPage">
<kw name="Go To Customers Page" owner="CustomerPage">
<kw name="Click Element" owner="SeleniumLibrary">
<msg time="2025-09-25T08:54:52.063044" level="INFO">Clicking element '(//p[text()="Customers"])[2]'.</msg>
<arg>${nav_btn_customers}</arg>
<doc>Click the element identified by ``locator``.</doc>
<status status="PASS" start="2025-09-25T08:54:52.062972" elapsed="0.022906"/>
</kw>
<kw name="Wait Until Element Is Visible" owner="SeleniumLibrary">
<arg>//table//tbody//tr</arg>
<doc>Waits until the element ``locator`` is visible.</doc>
<status status="PASS" start="2025-09-25T08:54:52.085993" elapsed="0.214206"/>
</kw>
<status status="PASS" start="2025-09-25T08:54:52.062888" elapsed="0.237375"/>
</kw>
<kw name="Refresh Current Page" owner="App">
<kw name="Click Button" owner="SeleniumLibrary">
<msg time="2025-09-25T08:54:52.300626" level="INFO">Clicking button '//button[@aria-label="Refresh"]'.</msg>
<arg>${btn_refresh}</arg>
<doc>Clicks the button identified by ``locator``.</doc>
<status status="PASS" start="2025-09-25T08:54:52.300507" elapsed="0.205219"/>
</kw>
<kw name="Wait Until Element Is Visible" owner="SeleniumLibrary">
<arg>${loading_icon}</arg>
<doc>Waits until the element ``locator`` is visible.</doc>
<status status="PASS" start="2025-09-25T08:54:52.505842" elapsed="0.221100"/>
</kw>
<kw name="Wait Until Element Is Not Visible" owner="SeleniumLibrary">
<arg>${loading_icon}</arg>
<doc>Waits until the element ``locator`` is not visible.</doc>
<status status="PASS" start="2025-09-25T08:54:52.727153" elapsed="0.219334"/>
</kw>
<status status="PASS" start="2025-09-25T08:54:52.300348" elapsed="0.646203"/>
</kw>
<kw name="Get Text" owner="SeleniumLibrary">
<msg time="2025-09-25T08:54:52.953640" level="INFO">${fetched_name} = C
Clementine Bauch</msg>
<var>${fetched_name}</var>
<arg>((${table_row})[1]//td)[2]</arg>
<doc>Returns the text value of the element identified by ``locator``.</doc>
<status status="PASS" start="2025-09-25T08:54:52.946630" elapsed="0.007032"/>
</kw>
<if>
<branch type="IF" condition="&quot;\\n&quot; in &quot;&quot;&quot;${fetched_name}&quot;&quot;&quot;">
<kw name="Evaluate" owner="BuiltIn">
<msg time="2025-09-25T08:54:52.954557" level="INFO">${fetched_name} = Clementine Bauch</msg>
<var>${fetched_name}</var>
<arg>"""${fetched_name}""".replace("\\n","")[1:]</arg>
<doc>Evaluates the given expression in Python and returns the result.</doc>
<status status="PASS" start="2025-09-25T08:54:52.953847" elapsed="0.000723"/>
</kw>
<status status="PASS" start="2025-09-25T08:54:52.953722" elapsed="0.000869"/>
</branch>
<status status="PASS" start="2025-09-25T08:54:52.953707" elapsed="0.000904"/>
</if>
<kw name="Should Be Equal As Strings" owner="BuiltIn">
<arg>${customer["name"].split(" ")[0]} ${customer["name"].split(" ")[1]}</arg>
<arg>${fetched_name}</arg>
<doc>Fails if objects are unequal after converting them to strings.</doc>
<status status="PASS" start="2025-09-25T08:54:52.954654" elapsed="0.000396"/>
</kw>
<arg>${customer}</arg>
<status status="PASS" start="2025-09-25T08:54:52.062725" elapsed="0.892357"/>
</kw>
<var name="${customer}">{'id': 3, 'name': 'Clementine Bauch', 'username': 'Samantha', 'email': 'Nathan@yesenia.net', 'address': {'street': 'Douglas Extension', 'suite': 'Suite 847', 'city': 'McKenziehaven', 'zipcode': '59590...</var>
<status status="PASS" start="2025-09-25T08:54:50.155378" elapsed="2.799723"/>
</iter>
<iter>
<kw name="Go To Customers Page" owner="CustomerPage">
<kw name="Click Element" owner="SeleniumLibrary">
<msg time="2025-09-25T08:54:52.955392" level="INFO">Clicking element '(//p[text()="Customers"])[2]'.</msg>
<arg>${nav_btn_customers}</arg>
<doc>Click the element identified by ``locator``.</doc>
<status status="PASS" start="2025-09-25T08:54:52.955318" elapsed="0.028513"/>
</kw>
<kw name="Wait Until Element Is Visible" owner="SeleniumLibrary">
<arg>//table//tbody//tr</arg>
<doc>Waits until the element ``locator`` is visible.</doc>
<status status="PASS" start="2025-09-25T08:54:52.983949" elapsed="0.008106"/>
</kw>
<status status="PASS" start="2025-09-25T08:54:52.955221" elapsed="0.036886"/>
</kw>
<kw name="Create User" owner="CustomerPage">
<kw name="Click Element" owner="SeleniumLibrary">
<msg time="2025-09-25T08:54:52.992464" level="INFO">Clicking element '//a[@aria-label="Create"]'.</msg>
<arg>${customers_btn_create}</arg>
<doc>Click the element identified by ``locator``.</doc>
<status status="PASS" start="2025-09-25T08:54:52.992380" elapsed="0.042027"/>
</kw>
<kw name="Wait Until Element Is Visible" owner="SeleniumLibrary">
<arg>${customers_txt_firstname}</arg>
<doc>Waits until the element ``locator`` is visible.</doc>
<status status="PASS" start="2025-09-25T08:54:53.034563" elapsed="0.024605"/>
</kw>
<kw name="Evaluate" owner="BuiltIn">
<msg time="2025-09-25T08:54:53.059794" level="INFO">${first} = Patricia</msg>
<var>${first}</var>
<arg>"${customer['name']}".split(" ")[0]</arg>
<doc>Evaluates the given expression in Python and returns the result.</doc>
<status status="PASS" start="2025-09-25T08:54:53.059270" elapsed="0.000543"/>
</kw>
<kw name="Evaluate" owner="BuiltIn">
<msg time="2025-09-25T08:54:53.060138" level="INFO">${last} = Lebsack</msg>
<var>${last}</var>
<arg>"${customer['name']}".split(" ")[1]</arg>
<doc>Evaluates the given expression in Python and returns the result.</doc>
<status status="PASS" start="2025-09-25T08:54:53.059878" elapsed="0.000273"/>
</kw>
<kw name="Input Text" owner="SeleniumLibrary">
<msg time="2025-09-25T08:54:53.060342" level="INFO">Typing text 'Patricia' into text field '//input[@name="first_name"]'.</msg>
<arg>${customers_txt_firstname}</arg>
<arg>${first}</arg>
<doc>Types the given ``text`` into the text field identified by ``locator``.</doc>
<status status="PASS" start="2025-09-25T08:54:53.060209" elapsed="0.031604"/>
</kw>
<kw name="Input Text" owner="SeleniumLibrary">
<msg time="2025-09-25T08:54:53.092043" level="INFO">Typing text 'Lebsack' into text field '//input[@name="last_name"]'.</msg>
<arg>${customers_txt_lastname}</arg>
<arg>${last}</arg>
<doc>Types the given ``text`` into the text field identified by ``locator``.</doc>
<status status="PASS" start="2025-09-25T08:54:53.091914" elapsed="0.032210"/>
</kw>
<kw name="Input Text" owner="SeleniumLibrary">
<msg time="2025-09-25T08:54:53.124587" level="INFO">Typing text 'Julianne.OConner@kory.org' into text field '//input[@name="email"]'.</msg>
<arg>${customers_txt_email}</arg>
<arg>${customer["email"]}</arg>
<doc>Types the given ``text`` into the text field identified by ``locator``.</doc>
<status status="PASS" start="2025-09-25T08:54:53.124234" elapsed="0.038101"/>
</kw>
<kw name="Input Text" owner="SeleniumLibrary">
<msg time="2025-09-25T08:54:53.162847" level="INFO">Typing text '04142003' into text field '//input[@name="birthday"]'.</msg>
<arg>${customers_txt_birthday}</arg>
<arg>${customer["birthday"]}</arg>
<doc>Types the given ``text`` into the text field identified by ``locator``.</doc>
<status status="PASS" start="2025-09-25T08:54:53.162456" elapsed="0.034768"/>
</kw>
<kw name="Input Text" owner="SeleniumLibrary">
<msg time="2025-09-25T08:54:53.197836" level="INFO">Typing text 'Hoeger Mall Apt. 692' into text field '//textarea[@name="address"]'.</msg>
<arg>${customers_txt_address}</arg>
<arg>${customer["address"]["street"]} ${customer["address"]["suite"]}</arg>
<doc>Types the given ``text`` into the text field identified by ``locator``.</doc>
<status status="PASS" start="2025-09-25T08:54:53.197336" elapsed="0.042524"/>
</kw>
<kw name="Input Text" owner="SeleniumLibrary">
<msg time="2025-09-25T08:54:53.240367" level="INFO">Typing text 'South Elvis' into text field '//input[@name="city"]'.</msg>
<arg>${customers_txt_city}</arg>
<arg>${customer["address"]["city"]}</arg>
<doc>Types the given ``text`` into the text field identified by ``locator``.</doc>
<status status="PASS" start="2025-09-25T08:54:53.239984" elapsed="0.050623"/>
</kw>
<kw name="Input Text" owner="SeleniumLibrary">
<msg time="2025-09-25T08:54:53.291102" level="INFO">Typing text 'HASS' into text field '//input[@name="stateAbbr"]'.</msg>
<arg>${customers_txt_stateAbbr}</arg>
<arg>${customer["stateAbbr"]}</arg>
<doc>Types the given ``text`` into the text field identified by ``locator``.</doc>
<status status="PASS" start="2025-09-25T08:54:53.290722" elapsed="0.033213"/>
</kw>
<kw name="Input Text" owner="SeleniumLibrary">
<msg time="2025-09-25T08:54:53.324373" level="INFO">Typing text '53919-4257' into text field '//input[@name="zipcode"]'.</msg>
<arg>${customers_txt_zipcode}</arg>
<arg>${customer["address"]["zipcode"]}</arg>
<doc>Types the given ``text`` into the text field identified by ``locator``.</doc>
<status status="PASS" start="2025-09-25T08:54:53.324041" elapsed="0.034658"/>
</kw>
<kw name="Input Text" owner="SeleniumLibrary">
<msg time="2025-09-25T08:54:53.359158" level="INFO">Typing text 'QX5$M2k2' into text field '//input[@name="password"]'.</msg>
<arg>${customers_txt_password}</arg>
<arg>${customer["password"]}</arg>
<doc>Types the given ``text`` into the text field identified by ``locator``.</doc>
<status status="PASS" start="2025-09-25T08:54:53.358804" elapsed="0.032469"/>
</kw>
<kw name="Input Text" owner="SeleniumLibrary">
<msg time="2025-09-25T08:54:53.391722" level="INFO">Typing text 'QX5$M2k2' into text field '//input[@name="confirm_password"]'.</msg>
<arg>${customers_txt_confirm_password}</arg>
<arg>${customer["password"]}</arg>
<doc>Types the given ``text`` into the text field identified by ``locator``.</doc>
<status status="PASS" start="2025-09-25T08:54:53.391377" elapsed="0.032540"/>
</kw>
<kw name="Click Button" owner="SeleniumLibrary">
<msg time="2025-09-25T08:54:53.424144" level="INFO">Clicking button '//button[@aria-label="Save"]'.</msg>
<arg>${customers_btn_save}</arg>
<doc>Clicks the button identified by ``locator``.</doc>
<status status="PASS" start="2025-09-25T08:54:53.424021" elapsed="0.032471"/>
</kw>
<kw name="Wait Until Page Contains" owner="SeleniumLibrary">
<arg>Customer created</arg>
<doc>Waits until ``text`` appears on the current page.</doc>
<status status="PASS" start="2025-09-25T08:54:53.456601" elapsed="0.420596"/>
</kw>
<arg>${customer}</arg>
<status status="PASS" start="2025-09-25T08:54:52.992236" elapsed="0.885049"/>
</kw>
<kw name="Verify Customer Details Match" owner="CustomerPage">
<kw name="Go To Customers Page" owner="CustomerPage">
<kw name="Click Element" owner="SeleniumLibrary">
<msg time="2025-09-25T08:54:53.877800" level="INFO">Clicking element '(//p[text()="Customers"])[2]'.</msg>
<arg>${nav_btn_customers}</arg>
<doc>Click the element identified by ``locator``.</doc>
<status status="PASS" start="2025-09-25T08:54:53.877709" elapsed="0.027761"/>
</kw>
<kw name="Wait Until Element Is Visible" owner="SeleniumLibrary">
<arg>//table//tbody//tr</arg>
<doc>Waits until the element ``locator`` is visible.</doc>
<status status="PASS" start="2025-09-25T08:54:53.905618" elapsed="0.213750"/>
</kw>
<status status="PASS" start="2025-09-25T08:54:53.877608" elapsed="0.241917"/>
</kw>
<kw name="Refresh Current Page" owner="App">
<kw name="Click Button" owner="SeleniumLibrary">
<msg time="2025-09-25T08:54:54.120002" level="INFO">Clicking button '//button[@aria-label="Refresh"]'.</msg>
<arg>${btn_refresh}</arg>
<doc>Clicks the button identified by ``locator``.</doc>
<status status="PASS" start="2025-09-25T08:54:54.119884" elapsed="0.202501"/>
</kw>
<kw name="Wait Until Element Is Visible" owner="SeleniumLibrary">
<arg>${loading_icon}</arg>
<doc>Waits until the element ``locator`` is visible.</doc>
<status status="PASS" start="2025-09-25T08:54:54.322519" elapsed="0.227432"/>
</kw>
<kw name="Wait Until Element Is Not Visible" owner="SeleniumLibrary">
<arg>${loading_icon}</arg>
<doc>Waits until the element ``locator`` is not visible.</doc>
<status status="PASS" start="2025-09-25T08:54:54.550086" elapsed="0.216037"/>
</kw>
<status status="PASS" start="2025-09-25T08:54:54.119712" elapsed="0.646543"/>
</kw>
<kw name="Click Element" owner="SeleniumLibrary">
<msg time="2025-09-25T08:54:54.766839" level="INFO">Clicking element '//a[.//div[contains(normalize-space(.),"Patricia Lebsack")]]'.</msg>
<arg>//a[.//div[contains(normalize-space(.),"${customer["name"]}")]]</arg>
<doc>Click the element identified by ``locator``.</doc>
<status status="PASS" start="2025-09-25T08:54:54.766419" elapsed="0.026706"/>
</kw>
<kw name="Wait Until Element Is Visible" owner="SeleniumLibrary">
<arg>${customers_txt_firstname}</arg>
<doc>Waits until the element ``locator`` is visible.</doc>
<status status="PASS" start="2025-09-25T08:54:54.793266" elapsed="0.039145"/>
</kw>
<kw name="Evaluate" owner="BuiltIn">
<msg time="2025-09-25T08:54:54.832967" level="INFO">${first} = Patricia</msg>
<var>${first}</var>
<arg>"${customer['name']}".split(" ")[0]</arg>
<doc>Evaluates the given expression in Python and returns the result.</doc>
<status status="PASS" start="2025-09-25T08:54:54.832568" elapsed="0.000414"/>
</kw>
<kw name="Evaluate" owner="BuiltIn">
<msg time="2025-09-25T08:54:54.833324" level="INFO">${last} = Lebsack</msg>
<var>${last}</var>
<arg>"${customer['name']}".split(" ")[1]</arg>
<doc>Evaluates the given expression in Python and returns the result.</doc>
<status status="PASS" start="2025-09-25T08:54:54.833035" elapsed="0.000302"/>
</kw>
<kw name="Reformat Birthday" owner="CustomLibrary">
<msg time="2025-09-25T08:54:54.833634" level="INFO">${birthday} = 2003-04-14</msg>
<var>${birthday}</var>
<arg>${customer["birthday"]}</arg>
<status status="PASS" start="2025-09-25T08:54:54.833384" elapsed="0.000261"/>
</kw>
<kw name="Get Element Attribute" owner="SeleniumLibrary">
<msg time="2025-09-25T08:54:54.839037" level="INFO">${firstname} = Patricia</msg>
<var>${firstname}</var>
<arg>${customers_txt_firstname}</arg>
<arg>value</arg>
<doc>Returns the value of ``attribute`` from the element ``locator``.</doc>
[...]
<status status="PASS" start="2025-09-25T08:55:44.811857" elapsed="0.007929"/>
</kw>
<kw name="Run Keyword If" owner="BuiltIn">
<kw name="Set Variable" owner="BuiltIn">
<arg>N/A</arg>
<doc>Returns the given values which can then be assigned to a variables.</doc>
<status status="PASS" start="2025-09-25T08:55:44.819998" elapsed="0.000046"/>
</kw>
<msg time="2025-09-25T08:55:44.820080" level="INFO">${latest_purchase} = N/A</msg>
<var>${latest_purchase}</var>
<arg>'${latest_purchase}' == ''</arg>
<arg>Set Variable</arg>
<arg>N/A</arg>
<arg>ELSE</arg>
<arg>Set Variable</arg>
<arg>${latest_purchase}</arg>
<doc>Runs the given keyword with the given arguments, if ``condition`` is true.</doc>
<status status="PASS" start="2025-09-25T08:55:44.819862" elapsed="0.000229"/>
</kw>
<kw name="Run Keyword And Ignore Error" owner="BuiltIn">
<kw name="Get WebElement" owner="SeleniumLibrary">
<msg time="2025-09-25T08:55:44.941914" level="INFO" html="true">&lt;/td&gt;&lt;/tr&gt;&lt;tr&gt;&lt;td colspan="3"&gt;&lt;a href="selenium-screenshot-38.png"&gt;&lt;img src="selenium-screenshot-38.png" width="800px"&gt;&lt;/a&gt;</msg>
<msg time="2025-09-25T08:55:44.942001" level="FAIL">Element with locator '(//table//tbody//tr)[24]//td[8]//span' not found.</msg>
<arg>(${table_row})[${index}]//td[8]//span</arg>
<doc>Returns the first WebElement matching the given ``locator``.</doc>
<status status="FAIL" start="2025-09-25T08:55:44.820239" elapsed="0.122053">Element with locator '(//table//tbody//tr)[24]//td[8]//span' not found.</status>
</kw>
<msg time="2025-09-25T08:55:44.942384" level="INFO">${segment_element} = ('FAIL', "Element with locator '(//table//tbody//tr)[24]//td[8]//span' not found.")</msg>
<var>${segment_element}</var>
<arg>Get WebElement</arg>
<arg>(${table_row})[${index}]//td[8]//span</arg>
<doc>Runs the given keyword with the given arguments and ignores possible error.</doc>
<status status="PASS" start="2025-09-25T08:55:44.820188" elapsed="0.122209"/>
</kw>
<kw name="Run Keyword If" owner="BuiltIn">
<kw name="Set Variable" owner="BuiltIn">
<arg>N/A</arg>
<doc>Returns the given values which can then be assigned to a variables.</doc>
<status status="PASS" start="2025-09-25T08:55:44.942930" elapsed="0.000067"/>
</kw>
<msg time="2025-09-25T08:55:44.943046" level="INFO">${segments} = N/A</msg>
<var>${segments}</var>
<arg>'${segment_element[0]}' == 'FAIL'</arg>
<arg>Set Variable</arg>
<arg>N/A</arg>
<arg>ELSE</arg>
<arg>Get Text</arg>
<arg>${segment_element[1]}</arg>
<doc>Runs the given keyword with the given arguments, if ``condition`` is true.</doc>
<status status="PASS" start="2025-09-25T08:55:44.942482" elapsed="0.000576"/>
</kw>
<if>
<branch type="IF" condition="&quot;\\n&quot; in &quot;&quot;&quot;${fetched_name}&quot;&quot;&quot;">
<kw name="Evaluate" owner="BuiltIn">
<msg time="2025-09-25T08:55:44.943291" level="INFO">${fetched_name} = Reuben Bergstrom</msg>
<var>${fetched_name}</var>
<arg>"""${fetched_name}""".replace("\\n","")[1:]</arg>
<doc>Evaluates the given expression in Python and returns the result.</doc>
<status status="PASS" start="2025-09-25T08:55:44.943191" elapsed="0.000111"/>
</kw>
<status status="PASS" start="2025-09-25T08:55:44.943108" elapsed="0.000212"/>
</branch>
<status status="PASS" start="2025-09-25T08:55:44.943095" elapsed="0.000249"/>
</if>
<kw name="Log To Console" owner="BuiltIn">
<arg>Name : ${fetched_name}</arg>
<doc>Logs the given message to the console.</doc>
<status status="PASS" start="2025-09-25T08:55:44.943385" elapsed="0.000082"/>
</kw>
<kw name="Log To Console" owner="BuiltIn">
<arg>Last Seen : ${last_seen}</arg>
<doc>Logs the given message to the console.</doc>
<status status="PASS" start="2025-09-25T08:55:44.943508" elapsed="0.000059"/>
</kw>
<kw name="Log To Console" owner="BuiltIn">
<arg>Orders : ${orders}</arg>
<doc>Logs the given message to the console.</doc>
<status status="PASS" start="2025-09-25T08:55:44.943605" elapsed="0.000052"/>
</kw>
<kw name="Log To Console" owner="BuiltIn">
<arg>Total Spent : ${total_spent}</arg>
<doc>Logs the given message to the console.</doc>
<status status="PASS" start="2025-09-25T08:55:44.943694" elapsed="0.000049"/>
</kw>
<kw name="Log To Console" owner="BuiltIn">
<arg>Latest Purchase : ${latest_purchase}</arg>
<doc>Logs the given message to the console.</doc>
<status status="PASS" start="2025-09-25T08:55:44.943781" elapsed="0.000051"/>
</kw>
<kw name="Log To Console" owner="BuiltIn">
<arg>Newsletter : ${newsletter}</arg>
<doc>Logs the given message to the console.</doc>
<status status="PASS" start="2025-09-25T08:55:44.943867" elapsed="0.000047"/>
</kw>
<kw name="Log To Console" owner="BuiltIn">
<arg>Segments : ${segments}</arg>
<doc>Logs the given message to the console.</doc>
<status status="PASS" start="2025-09-25T08:55:44.943948" elapsed="0.000049"/>
</kw>
<kw name="Log To Console" owner="BuiltIn">
<arg>${SPACE}</arg>
<doc>Logs the given message to the console.</doc>
<status status="PASS" start="2025-09-25T08:55:44.944057" elapsed="0.000075"/>
</kw>
<var name="${index}">24</var>
<status status="PASS" start="2025-09-25T08:55:44.759257" elapsed="0.184907"/>
</iter>
<iter>
<kw name="Log To Console" owner="BuiltIn">
<arg>========== USER ${index} ==========</arg>
<doc>Logs the given message to the console.</doc>
<status status="PASS" start="2025-09-25T08:55:44.944315" elapsed="0.000083"/>
</kw>
<kw name="Get Text" owner="SeleniumLibrary">
<msg time="2025-09-25T08:55:44.953816" level="INFO">${fetched_name} = A
Anabel Swaniawski</msg>
<var>${fetched_name}</var>
<arg>(${table_row})[${index}]//td[2][1]</arg>
<doc>Returns the text value of the element identified by ``locator``.</doc>
<status status="PASS" start="2025-09-25T08:55:44.944447" elapsed="0.009391"/>
</kw>
<kw name="Get Text" owner="SeleniumLibrary">
<msg time="2025-09-25T08:55:44.963720" level="INFO">${last_seen} = 9/23/2025</msg>
<var>${last_seen}</var>
<arg>(${table_row})[${index}]//td[3]</arg>
<doc>Returns the text value of the element identified by ``locator``.</doc>
<status status="PASS" start="2025-09-25T08:55:44.953922" elapsed="0.009844"/>
</kw>
<kw name="Get Text" owner="SeleniumLibrary">
<msg time="2025-09-25T08:55:44.973126" level="INFO">${orders} = 0</msg>
<var>${orders}</var>
<arg>(${table_row})[${index}]//td[4]</arg>
<doc>Returns the text value of the element identified by ``locator``.</doc>
<status status="PASS" start="2025-09-25T08:55:44.963856" elapsed="0.009295"/>
</kw>
<kw name="Get Text" owner="SeleniumLibrary">
<msg time="2025-09-25T08:55:44.982708" level="INFO">${total_spent} = $0.00</msg>
<var>${total_spent}</var>
<arg>(${table_row})[${index}]//td[5]</arg>
<doc>Returns the text value of the element identified by ``locator``.</doc>
<status status="PASS" start="2025-09-25T08:55:44.973237" elapsed="0.009502"/>
</kw>
<kw name="Get Text" owner="SeleniumLibrary">
<msg time="2025-09-25T08:55:45.014890" level="INFO">${latest_purchase} = </msg>
<var>${latest_purchase}</var>
<arg>(${table_row})[${index}]//td[6]</arg>
<doc>Returns the text value of the element identified by ``locator``.</doc>
<status status="PASS" start="2025-09-25T08:55:44.982994" elapsed="0.031925"/>
</kw>
<kw name="Get Element Attribute" owner="SeleniumLibrary">
<msg time="2025-09-25T08:55:45.027546" level="INFO">${newsletter} = None</msg>
<var>${newsletter}</var>
<arg>(${table_row})[${index}]//td[7]</arg>
<arg>aria-label</arg>
<doc>Returns the value of ``attribute`` from the element ``locator``.</doc>
<status status="PASS" start="2025-09-25T08:55:45.015031" elapsed="0.012543"/>
</kw>
<kw name="Get Text" owner="SeleniumLibrary">
<msg time="2025-09-25T08:55:45.035637" level="INFO">${segments} = </msg>
<var>${segments}</var>
<arg>(${table_row})[${index}]//td[8]//div</arg>
<doc>Returns the text value of the element identified by ``locator``.</doc>
<status status="PASS" start="2025-09-25T08:55:45.027671" elapsed="0.007990"/>
</kw>
<kw name="Run Keyword If" owner="BuiltIn">
<kw name="Set Variable" owner="BuiltIn">
<arg>N/A</arg>
<doc>Returns the given values which can then be assigned to a variables.</doc>
<status status="PASS" start="2025-09-25T08:55:45.035886" elapsed="0.000047"/>
</kw>
<msg time="2025-09-25T08:55:45.035972" level="INFO">${latest_purchase} = N/A</msg>
<var>${latest_purchase}</var>
<arg>'${latest_purchase}' == ''</arg>
<arg>Set Variable</arg>
<arg>N/A</arg>
<arg>ELSE</arg>
<arg>Set Variable</arg>
<arg>${latest_purchase}</arg>
<doc>Runs the given keyword with the given arguments, if ``condition`` is true.</doc>
<status status="PASS" start="2025-09-25T08:55:45.035748" elapsed="0.000235"/>
</kw>
<kw name="Run Keyword And Ignore Error" owner="BuiltIn">
<kw name="Get WebElement" owner="SeleniumLibrary">
<msg time="2025-09-25T08:55:45.155826" level="INFO" html="true">&lt;/td&gt;&lt;/tr&gt;&lt;tr&gt;&lt;td colspan="3"&gt;&lt;a href="selenium-screenshot-39.png"&gt;&lt;img src="selenium-screenshot-39.png" width="800px"&gt;&lt;/a&gt;</msg>
<msg time="2025-09-25T08:55:45.155937" level="FAIL">Element with locator '(//table//tbody//tr)[25]//td[8]//span' not found.</msg>
<arg>(${table_row})[${index}]//td[8]//span</arg>
<doc>Returns the first WebElement matching the given ``locator``.</doc>
<status status="FAIL" start="2025-09-25T08:55:45.036085" elapsed="0.120136">Element with locator '(//table//tbody//tr)[25]//td[8]//span' not found.</status>
</kw>
<msg time="2025-09-25T08:55:45.156297" level="INFO">${segment_element} = ('FAIL', "Element with locator '(//table//tbody//tr)[25]//td[8]//span' not found.")</msg>
<var>${segment_element}</var>
<arg>Get WebElement</arg>
<arg>(${table_row})[${index}]//td[8]//span</arg>
<doc>Runs the given keyword with the given arguments and ignores possible error.</doc>
<status status="PASS" start="2025-09-25T08:55:45.036032" elapsed="0.120278"/>
</kw>
<kw name="Run Keyword If" owner="BuiltIn">
<kw name="Set Variable" owner="BuiltIn">
<arg>N/A</arg>
<doc>Returns the given values which can then be assigned to a variables.</doc>
<status status="PASS" start="2025-09-25T08:55:45.156757" elapsed="0.000048"/>
</kw>
<msg time="2025-09-25T08:55:45.156842" level="INFO">${segments} = N/A</msg>
<var>${segments}</var>
<arg>'${segment_element[0]}' == 'FAIL'</arg>
<arg>Set Variable</arg>
<arg>N/A</arg>
<arg>ELSE</arg>
<arg>Get Text</arg>
<arg>${segment_element[1]}</arg>
<doc>Runs the given keyword with the given arguments, if ``condition`` is true.</doc>
<status status="PASS" start="2025-09-25T08:55:45.156395" elapsed="0.000458"/>
</kw>
<if>
<branch type="IF" condition="&quot;\\n&quot; in &quot;&quot;&quot;${fetched_name}&quot;&quot;&quot;">
<kw name="Evaluate" owner="BuiltIn">
<msg time="2025-09-25T08:55:45.157156" level="INFO">${fetched_name} = Anabel Swaniawski</msg>
<var>${fetched_name}</var>
<arg>"""${fetched_name}""".replace("\\n","")[1:]</arg>
<doc>Evaluates the given expression in Python and returns the result.</doc>
<status status="PASS" start="2025-09-25T08:55:45.157049" elapsed="0.000121"/>
</kw>
<status status="PASS" start="2025-09-25T08:55:45.156938" elapsed="0.000254"/>
</branch>
<status status="PASS" start="2025-09-25T08:55:45.156919" elapsed="0.000293"/>
</if>
<kw name="Log To Console" owner="BuiltIn">
<arg>Name : ${fetched_name}</arg>
<doc>Logs the given message to the console.</doc>
<status status="PASS" start="2025-09-25T08:55:45.157252" elapsed="0.000078"/>
</kw>
<kw name="Log To Console" owner="BuiltIn">
<arg>Last Seen : ${last_seen}</arg>
<doc>Logs the given message to the console.</doc>
<status status="PASS" start="2025-09-25T08:55:45.157372" elapsed="0.000057"/>
</kw>
<kw name="Log To Console" owner="BuiltIn">
<arg>Orders : ${orders}</arg>
<doc>Logs the given message to the console.</doc>
<status status="PASS" start="2025-09-25T08:55:45.157467" elapsed="0.000055"/>
</kw>
<kw name="Log To Console" owner="BuiltIn">
<arg>Total Spent : ${total_spent}</arg>
<doc>Logs the given message to the console.</doc>
<status status="PASS" start="2025-09-25T08:55:45.157559" elapsed="0.000050"/>
</kw>
<kw name="Log To Console" owner="BuiltIn">
<arg>Latest Purchase : ${latest_purchase}</arg>
<doc>Logs the given message to the console.</doc>
<status status="PASS" start="2025-09-25T08:55:45.157644" elapsed="0.000050"/>
</kw>
<kw name="Log To Console" owner="BuiltIn">
<arg>Newsletter : ${newsletter}</arg>
<doc>Logs the given message to the console.</doc>
<status status="PASS" start="2025-09-25T08:55:45.157763" elapsed="0.000071"/>
</kw>
<kw name="Log To Console" owner="BuiltIn">
<arg>Segments : ${segments}</arg>
<doc>Logs the given message to the console.</doc>
<status status="PASS" start="2025-09-25T08:55:45.157875" elapsed="0.000057"/>
</kw>
<kw name="Log To Console" owner="BuiltIn">
<arg>${SPACE}</arg>
<doc>Logs the given message to the console.</doc>
<status status="PASS" start="2025-09-25T08:55:45.157969" elapsed="0.000047"/>
</kw>
<var name="${index}">25</var>
<status status="PASS" start="2025-09-25T08:55:44.944275" elapsed="0.213757"/>
</iter>
<var>${index}</var>
<value>1</value>
<value>${row_count + 1}</value>
<status status="PASS" start="2025-09-25T08:55:41.001136" elapsed="4.156921"/>
</for>
<status status="PASS" start="2025-09-25T08:55:40.904808" elapsed="4.253292"/>
</kw>
<status status="PASS" start="2025-09-25T08:55:40.904489" elapsed="4.253677"/>
</test>
<test id="s1-t4" name="TEST-000004" line="23">
<kw name="Log Customers With Spending" owner="CustomerPage">
<kw name="Go To Customers Page" owner="CustomerPage">
<kw name="Click Element" owner="SeleniumLibrary">
<msg time="2025-09-25T08:55:45.158749" level="INFO">Clicking element '(//p[text()="Customers"])[2]'.</msg>
<arg>${nav_btn_customers}</arg>
<doc>Click the element identified by ``locator``.</doc>
<status status="PASS" start="2025-09-25T08:55:45.158663" elapsed="0.033762"/>
</kw>
<kw name="Wait Until Element Is Visible" owner="SeleniumLibrary">
<arg>//table//tbody//tr</arg>
<doc>Waits until the element ``locator`` is visible.</doc>
<status status="PASS" start="2025-09-25T08:55:45.192595" elapsed="0.009355"/>
</kw>
<status status="PASS" start="2025-09-25T08:55:45.158582" elapsed="0.043449"/>
</kw>
<kw name="Wait Until Element Is Visible" owner="SeleniumLibrary">
<arg>${table_row}</arg>
<doc>Waits until the element ``locator`` is visible.</doc>
<status status="PASS" start="2025-09-25T08:55:45.202115" elapsed="0.006324"/>
</kw>
<kw name="Get Element Count" owner="SeleniumLibrary">
<msg time="2025-09-25T08:55:45.212313" level="INFO">${row_count} = 25</msg>
<var>${row_count}</var>
<arg>${table_row}</arg>
<doc>Returns the number of elements matching ``locator``.</doc>
<status status="PASS" start="2025-09-25T08:55:45.208527" elapsed="0.003808"/>
</kw>
<kw name="Create List" owner="BuiltIn">
<msg time="2025-09-25T08:55:45.212474" level="INFO">${users_with_spending} = []</msg>
<var>${users_with_spending}</var>
<doc>Returns a list containing given items.</doc>
<status status="PASS" start="2025-09-25T08:55:45.212409" elapsed="0.000076"/>
</kw>
<for flavor="IN RANGE">
<iter>
<kw name="Get Text" owner="SeleniumLibrary">
<msg time="2025-09-25T08:55:45.220011" level="INFO">${fetched_name} = C
Chelsey Dietrich</msg>
<var>${fetched_name}</var>
<arg>(${table_row})[${index}]//td[2][1]</arg>
<doc>Returns the text value of the element identified by ``locator``.</doc>
<status status="PASS" start="2025-09-25T08:55:45.212948" elapsed="0.007087"/>
</kw>
<kw name="Get Text" owner="SeleniumLibrary">
<msg time="2025-09-25T08:55:45.226714" level="INFO">${total_spent_text} = $0.00</msg>
<var>${total_spent_text}</var>
<arg>(${table_row})[${index}]//td[5]</arg>
<doc>Returns the text value of the element identified by ``locator``.</doc>
<status status="PASS" start="2025-09-25T08:55:45.220120" elapsed="0.006616"/>
</kw>
<kw name="Replace String">
<msg time="2025-09-25T08:55:45.227792" level="FAIL">No keyword with name 'Replace String' found.</msg>
<var>${clean_name}</var>
<arg>${fetched_name}</arg>
<arg>\n</arg>
<arg>' '</arg>
<status status="FAIL" start="2025-09-25T08:55:45.227761" elapsed="0.000058">No keyword with name 'Replace String' found.</status>
</kw>
<kw name="Parse Total Spent" owner="CustomLibrary">
<var>${amount}</var>
<arg>${total_spent_text}</arg>
<status status="NOT RUN" start="2025-09-25T08:55:45.227887" elapsed="0.000013"/>
</kw>
<kw name="Run Keyword If" owner="BuiltIn">
<arg>${amount} &gt; 0</arg>
<arg>${user_dict}=</arg>
<arg>Create Dictionary</arg>
<arg>name=${clean_name}</arg>
<arg>spent=${amount}</arg>
<arg>Append To List</arg>
<arg>${users_with_spending}</arg>
<arg>${user_dict}</arg>
<doc>Runs the given keyword with the given arguments, if ``condition`` is true.</doc>
<status status="NOT RUN" start="2025-09-25T08:55:45.227950" elapsed="0.000015"/>
</kw>
<var name="${index}">1</var>
<status status="FAIL" start="2025-09-25T08:55:45.212898" elapsed="0.015105">No keyword with name 'Replace String' found.</status>
</iter>
<var>${index}</var>
<value>1</value>
<value>${row_count + 1}</value>
<status status="FAIL" start="2025-09-25T08:55:45.212524" elapsed="0.015518">No keyword with name 'Replace String' found.</status>
</for>
<kw name="Set Variable" owner="BuiltIn">
<var>${counter}</var>
<arg>1</arg>
<doc>Returns the given values which can then be assigned to a variables.</doc>
<status status="NOT RUN" start="2025-09-25T08:55:45.228132" elapsed="0.000011"/>
</kw>
<kw name="Log To Console" owner="BuiltIn">
<arg>===================== CUSTOMERS WITH SPENDING =====================</arg>
<doc>Logs the given message to the console.</doc>
<status status="NOT RUN" start="2025-09-25T08:55:45.228181" elapsed="0.000009"/>
</kw>
<for flavor="IN">
<iter>
<kw name="Get From Dictionary" owner="Collections">
<var>${name}</var>
<arg>${user}</arg>
<arg>name</arg>
<doc>Returns a value from the given ``dictionary`` based on the given ``key``.</doc>
<status status="NOT RUN" start="2025-09-25T08:55:45.228297" elapsed="0.000010"/>
</kw>
<kw name="Get From Dictionary" owner="Collections">
<var>${spent}</var>
<arg>${user}</arg>
<arg>spent</arg>
<doc>Returns a value from the given ``dictionary`` based on the given ``key``.</doc>
<status status="NOT RUN" start="2025-09-25T08:55:45.228340" elapsed="0.000009"/>
</kw>
<kw name="Log To Console" owner="BuiltIn">
<arg>${counter}. ${name}: $${spent:,.2f}</arg>
<doc>Logs the given message to the console.</doc>
<status status="NOT RUN" start="2025-09-25T08:55:45.228382" elapsed="0.000009"/>
</kw>
<kw name="Evaluate" owner="BuiltIn">
<var>${counter}</var>
<arg>${counter} + 1</arg>
<doc>Evaluates the given expression in Python and returns the result.</doc>
<status status="NOT RUN" start="2025-09-25T08:55:45.228422" elapsed="0.000008"/>
</kw>
<var name="${user}"/>
<status status="NOT RUN" start="2025-09-25T08:55:45.228257" elapsed="0.000186"/>
</iter>
<var>${user}</var>
<value>@{users_with_spending}</value>
<status status="NOT RUN" start="2025-09-25T08:55:45.228215" elapsed="0.000244"/>
</for>
<kw name="Log To Console" owner="BuiltIn">
<arg>===============================================================</arg>
<doc>Logs the given message to the console.</doc>
<status status="NOT RUN" start="2025-09-25T08:55:45.228495" elapsed="0.000009"/>
</kw>
<return>
<value>${users_with_spending}</value>
<status status="NOT RUN" start="2025-09-25T08:55:45.228531" elapsed="0.000026"/>
</return>
<status status="FAIL" start="2025-09-25T08:55:45.158478" elapsed="0.070136">No keyword with name 'Replace String' found.</status>
</kw>
<status status="FAIL" start="2025-09-25T08:55:45.158256" elapsed="0.070471">No keyword with name 'Replace String' found.</status>
</test>
<kw name="Close Browser" owner="SeleniumLibrary" type="TEARDOWN">
<doc>Closes the current browser.</doc>
<status status="PASS" start="2025-09-25T08:55:45.229048" elapsed="0.107739"/>
</kw>
<status status="FAIL" start="2025-09-25T08:54:13.573333" elapsed="91.763514"/>
</suite>
<statistics>
<total>
<stat pass="3" fail="1" skip="0">All Tests</stat>
</total>
<tag>
</tag>
<suite>
<stat name="Test" id="s1" pass="3" fail="1" skip="0">Test</stat>
</suite>
</statistics>
<errors>
</errors>
</robot>
