<?xml version="1.0" encoding="UTF-8"?>
<robot generator="Robot 7.1.1 (Python 3.12.3 on darwin)" generated="2025-09-25T15:18:12.656544" rpa="false" schemaversion="5">
<suite id="s1" name="Test" source="/Users/jrosenueva/Documents/GitHub/QA-Training/Tests/test.robot">
<kw name="Launch And Login" type="SETUP">
<kw name="Launch Browser">
<kw name="Open Browser" owner="SeleniumLibrary">
<msg time="2025-09-25T15:18:12.802006" level="INFO">Opening browser 'chrome' to base url 'https://marmelab.com/react-admin-demo'.</msg>
<arg>${url}</arg>
<arg>chrome</arg>
<arg>options=add_argument("--start-maximized")</arg>
<doc>Opens a new browser instance to the optional ``url``.</doc>
<status status="PASS" start="2025-09-25T15:18:12.801886" elapsed="3.146573"/>
</kw>
<kw name="Wait Until Element Is Visible" owner="SeleniumLibrary">
<arg>${element_to_wait}</arg>
<arg>timeout=20s</arg>
<doc>Waits until the element ``locator`` is visible.</doc>
<status status="PASS" start="2025-09-25T15:18:15.955781" elapsed="1.337667"/>
</kw>
<arg>${URL}</arg>
<arg>${login_txt_username}</arg>
<status status="PASS" start="2025-09-25T15:18:12.801497" elapsed="4.492063"/>
</kw>
<kw name="Login User">
<kw name="Input Text" owner="SeleniumLibrary">
<msg time="2025-09-25T15:18:17.294589" level="INFO">Typing text 'demo' into text field '//input[@name="username"]'.</msg>
<arg>${login_txt_username}</arg>
<arg>${username}</arg>
<doc>Types the given ``text`` into the text field identified by ``locator``.</doc>
<status status="PASS" start="2025-09-25T15:18:17.294450" elapsed="0.096385"/>
</kw>
<kw name="Input Text" owner="SeleniumLibrary">
<msg time="2025-09-25T15:18:17.391082" level="INFO">Typing text 'demo' into text field '//input[@name="password"]'.</msg>
<arg>${login_txt_password}</arg>
<arg>${password}</arg>
<doc>Types the given ``text`` into the text field identified by ``locator``.</doc>
<status status="PASS" start="2025-09-25T15:18:17.390946" elapsed="0.039055"/>
</kw>
<kw name="Capture Page Screenshot" owner="SeleniumLibrary">
<msg time="2025-09-25T15:18:17.549213" level="INFO" html="true">&lt;/td&gt;&lt;/tr&gt;&lt;tr&gt;&lt;td colspan="3"&gt;&lt;a href="selenium-screenshot-4.png"&gt;&lt;img src="selenium-screenshot-4.png" width="800px"&gt;&lt;/a&gt;</msg>
<doc>Takes a screenshot of the current page and embeds it into a log file.</doc>
<status status="PASS" start="2025-09-25T15:18:17.430736" elapsed="0.118534"/>
</kw>
<kw name="Click Button" owner="SeleniumLibrary">
<msg time="2025-09-25T15:18:17.549479" level="INFO">Clicking button '//button[@type="submit"]'.</msg>
<arg>${login_btn_submit}</arg>
<doc>Clicks the button identified by ``locator``.</doc>
<status status="PASS" start="2025-09-25T15:18:17.549368" elapsed="0.039338"/>
</kw>
<kw name="Wait Until Element Is Visible" owner="SeleniumLibrary">
<arg>${dashboard_hdr}</arg>
<arg>error=Dashboard not found. Login Failed</arg>
<doc>Waits until the element ``locator`` is visible.</doc>
<status status="PASS" start="2025-09-25T15:18:17.588818" elapsed="0.218077"/>
</kw>
<kw name="Run Keyword And Return Status" owner="BuiltIn">
<kw name="Wait Until Element Is Visible" owner="SeleniumLibrary">
<arg>${dashboard_hdr}</arg>
<doc>Waits until the element ``locator`` is visible.</doc>
<status status="PASS" start="2025-09-25T15:18:17.807183" elapsed="0.005736"/>
</kw>
<msg time="2025-09-25T15:18:17.813008" level="INFO">${status} = True</msg>
<var>${status}</var>
<arg>Wait Until Element Is Visible</arg>
<arg>${dashboard_hdr}</arg>
<doc>Runs the given keyword with given arguments and returns the status as a Boolean value.</doc>
<status status="PASS" start="2025-09-25T15:18:17.807044" elapsed="0.005978"/>
</kw>
<if>
<branch type="IF" condition="${status}">
<kw name="Log To Console" owner="BuiltIn">
<arg>LOGIN SUCCESSFUL</arg>
<doc>Logs the given message to the console.</doc>
<status status="PASS" start="2025-09-25T15:18:17.813199" elapsed="0.000094"/>
</kw>
<status status="PASS" start="2025-09-25T15:18:17.813100" elapsed="0.000213"/>
</branch>
<branch type="ELSE">
<kw name="Log To Console" owner="BuiltIn">
<arg>LOGIN FAILED</arg>
<doc>Logs the given message to the console.</doc>
<status status="NOT RUN" start="2025-09-25T15:18:17.813389" elapsed="0.000010"/>
</kw>
<status status="NOT RUN" start="2025-09-25T15:18:17.813343" elapsed="0.000073"/>
</branch>
<status status="PASS" start="2025-09-25T15:18:17.813077" elapsed="0.000354"/>
</if>
<kw name="Sleep" owner="BuiltIn">
<msg time="2025-09-25T15:18:20.818604" level="INFO">Slept 3 seconds.</msg>
<arg>3s</arg>
<doc>Pauses the test executed for the given time.</doc>
<status status="PASS" start="2025-09-25T15:18:17.813473" elapsed="3.015344"/>
</kw>
<arg>${USERNAME}</arg>
<arg>${PASSWORD}</arg>
<status status="PASS" start="2025-09-25T15:18:17.293875" elapsed="3.536253"/>
</kw>
<status status="PASS" start="2025-09-25T15:18:12.801357" elapsed="8.028998"/>
</kw>
<test id="s1-t1" name="TEST-000001" line="15">
<kw name="Add And Verify First Five Customers" owner="CustomerPage">
<kw name="Get Random Users" owner="CustomLibrary">
<msg time="2025-09-25T15:18:21.039548" level="INFO">[{'id': 1, 'name': 'Leanne Graham', 'username': 'Bret', 'email': 'Sincere@april.biz', 'address': {'street': 'Kulas Light', 'suite': 'Apt. 556', 'city': 'Gwenborough', 'zipcode': '92998-3874', 'geo': {'lat': '-37.3159', 'lng': '81.1496'}}, 'phone': '1-770-736-8031 x56442', 'website': 'hildegard.org', 'company': {'name': 'Romaguera-Crona', 'catchPhrase': 'Multi-layered client-server neural-net', 'bs': 'harness real-time e-markets'}, 'birthday': '07022006', 'password': 'DmKZIzPs', 'stateAbbr': 'KAGG'}, {'id': 2, 'name': 'Ervin Howell', 'username': 'Antonette', 'email': 'Shanna@melissa.tv', 'address': {'street': 'Victor Plains', 'suite': 'Suite 879', 'city': 'Wisokyburgh', 'zipcode': '90566-7771', 'geo': {'lat': '-43.9509', 'lng': '-34.4618'}}, 'phone': '010-692-6593 x09125', 'website': 'anastasia.net', 'company': {'name': 'Deckow-Crist', 'catchPhrase': 'Proactive didactic contingency', 'bs': 'synergize scalable supply-chains'}, 'birthday': '11112001', 'password': 'BMpwgmks', 'stateAbbr': 'VSWW'}, {'id': 3, 'name': 'Clementine Bauch', 'username': 'Samantha', 'email': 'Nathan@yesenia.net', 'address': {'street': 'Douglas Extension', 'suite': 'Suite 847', 'city': 'McKenziehaven', 'zipcode': '59590-4157', 'geo': {'lat': '-68.6102', 'lng': '-47.0653'}}, 'phone': '1-463-123-4447', 'website': 'ramiro.info', 'company': {'name': 'Romaguera-Jacobson', 'catchPhrase': 'Face to face bifurcated interface', 'bs': 'e-enable strategic applications'}, 'birthday': '10082001', 'password': 'BT5zI3@N', 'stateAbbr': 'DSMM'}, {'id': 4, 'name': 'Patricia Lebsack', 'username': 'Karianne', 'email': 'Julianne.OConner@kory.org', 'address': {'street': 'Hoeger Mall', 'suite': 'Apt. 692', 'city': 'South Elvis', 'zipcode': '53919-4257', 'geo': {'lat': '29.4572', 'lng': '-164.2990'}}, 'phone': '493-170-9623 x156', 'website': 'kale.biz', 'company': {'name': 'Robel-Corkery', 'catchPhrase': 'Multi-tiered zero tolerance productivity', 'bs': 'transition cutting-edge web services'}, 'birthday': '06032001', 'password': 'aHxZgko3', 'stateAbbr': 'HASS'}, {'id': 5, 'name': 'Chelsey Dietrich', 'username': 'Kamren', 'email': 'Lucio_Hettinger@annie.ca', 'address': {'street': 'Skiles Walks', 'suite': 'Suite 351', 'city': 'Roscoeview', 'zipcode': '33263', 'geo': {'lat': '-31.8129', 'lng': '62.5342'}}, 'phone': '(254)954-1289', 'website': 'demarco.info', 'company': {'name': 'Keebler LLC', 'catchPhrase': 'User-centric fault-tolerant solution', 'bs': 'revolutionize end-to-end systems'}, 'birthday': '07092004', 'password': '2Qz@X629', 'stateAbbr': 'SSRR'}, {'id': 6, 'name': 'Mrs. Dennis Schulist', 'username': 'Leopoldo_Corkery', 'email': 'Karley_Dach@jasper.info', 'address': {'street': 'Norberto Crossing', 'suite': 'Apt. 950', 'city': 'South Christy', 'zipcode': '23505-1337', 'geo': {'lat': '-71.4197', 'lng': '71.7478'}}, 'phone': '1-477-935-8478 x6430', 'website': 'ola.org', 'company': {'name': 'Considine-Lockman', 'catchPhrase': 'Synchronised bottom-line interface', 'bs': 'e-enable innovative applications'}, 'birthday': '07082000', 'password': 'FXI89NGx', 'stateAbbr': 'NASS'}, {'id': 7, 'name': 'Kurtis Weissnat', 'username': 'Elwyn.Skiles', 'email': 'Telly.Hoeger@billy.biz', 'address': {'street': 'Rex Trail', 'suite': 'Suite 280', 'city': 'Howemouth', 'zipcode': '58804-1099', 'geo': {'lat': '24.8918', 'lng': '21.8984'}}, 'phone': '210.067.6132', 'website': 'elvis.io', 'company': {'name': 'Johns Group', 'catchPhrase': 'Configurable multimedia task-force', 'bs': 'generate enterprise e-tailers'}, 'birthday': '07052004', 'password': 'VZZUApMm', 'stateAbbr': 'RSHH'}, {'id': 8, 'name': 'Nicholas Runolfsdottir V', 'username': 'Maxime_Nienow', 'email': 'Sherwood@rosamond.me', 'address': {'street': 'Ellsworth Summit', 'suite': 'Suite 729', 'city': 'Aliyaview', 'zipcode': '45169', 'geo': {'lat': '-14.3990', 'lng': '-120.7677'}}, 'phone': '586.493.6943 x140', 'website': 'jacynthe.com', 'company': {'name': 'Abernathy Group', 'catchPhrase': 'Implemented secondary concept', 'bs': 'e-enable extensible e-tailers'}, 'birthday': '05072002', 'password': 'uxi!hJSs', 'stateAbbr': 'ESAA'}, {'id': 9, 'name': 'Glenna Reichert', 'username': 'Delphine', 'email': 'Chaim_McDermott@dana.io', 'address': {'street': 'Dayna Park', 'suite': 'Suite 449', 'city': 'Bartholomebury', 'zipcode': '76495-3109', 'geo': {'lat': '24.6463', 'lng': '-168.8889'}}, 'phone': '(775)976-6794 x41206', 'website': 'conrad.com', 'company': {'name': 'Yost and Sons', 'catchPhrase': 'Switchable contextually-based project', 'bs': 'aggregate real-time technologies'}, 'birthday': '06102005', 'password': 'asnfMJkD', 'stateAbbr': 'DSBB'}, {'id': 10, 'name': 'Clementina DuBuque', 'username': 'Moriah.Stanton', 'email': 'Rey.Padberg@karina.biz', 'address': {'street': 'Kattie Turnpike', 'suite': 'Suite 198', 'city': 'Lebsackbury', 'zipcode': '31428-2261', 'geo': {'lat': '-38.2386', 'lng': '57.2232'}}, 'phone': '024-648-3804', 'website': 'ambrose.net', 'company': {'name': 'Hoeger LLC', 'catchPhrase': 'Centralized empowering task-force', 'bs': 'target end-to-end models'}, 'birthday': '04242003', 'password': 'usNC#eQ$', 'stateAbbr': 'KSLL'}]</msg>
<msg time="2025-09-25T15:18:21.040057" level="INFO">/Library/Frameworks/Python.framework/Versions/3.12/lib/python3.12/site-packages/urllib3/connectionpool.py:1099: InsecureRequestWarning: Unverified HTTPS request is being made to host 'jsonplaceholder.typicode.com'. Adding certificate verification is strongly advised. See: https://urllib3.readthedocs.io/en/latest/advanced-usage.html#tls-warnings
  warnings.warn(</msg>
<msg time="2025-09-25T15:18:21.040443" level="INFO">${customers} = [{'id': 1, 'name': 'Leanne Graham', 'username': 'Bret', 'email': 'Sincere@april.biz', 'address': {'street': 'Kulas Light', 'suite': 'Apt. 556', 'city': 'Gwenborough', 'zipcode': '92998-3874', 'geo': {...</msg>
<var>${customers}</var>
<status status="PASS" start="2025-09-25T15:18:20.833579" elapsed="0.206912"/>
</kw>
<for flavor="IN">
<iter>
<kw name="Go To Customers Page" owner="CustomerPage">
<kw name="Click Element" owner="SeleniumLibrary">
<msg time="2025-09-25T15:18:21.043165" level="INFO">Clicking element '(//p[text()="Customers"])[2]'.</msg>
<arg>${nav_btn_customers}</arg>
<doc>Click the element identified by ``locator``.</doc>
<status status="PASS" start="2025-09-25T15:18:21.042487" elapsed="0.099999"/>
</kw>
<kw name="Wait Until Element Is Visible" owner="SeleniumLibrary">
<arg>//table//tbody//tr</arg>
<doc>Waits until the element ``locator`` is visible.</doc>
<status status="PASS" start="2025-09-25T15:18:21.142916" elapsed="0.431224"/>
</kw>
<doc>Navigate to the customers page and wait until the customer table is visible</doc>
<status status="PASS" start="2025-09-25T15:18:21.041825" elapsed="0.532386"/>
</kw>
<kw name="Create User" owner="CustomerPage">
<kw name="Click Element" owner="SeleniumLibrary">
<msg time="2025-09-25T15:18:21.574610" level="INFO">Clicking element '//a[@aria-label="Create"]'.</msg>
<arg>${customers_btn_create}</arg>
<doc>Click the element identified by ``locator``.</doc>
<status status="PASS" start="2025-09-25T15:18:21.574508" elapsed="0.030362"/>
</kw>
<kw name="Wait Until Element Is Visible" owner="SeleniumLibrary">
<arg>${customers_txt_firstname}</arg>
<doc>Waits until the element ``locator`` is visible.</doc>
<status status="PASS" start="2025-09-25T15:18:21.604983" elapsed="0.222523"/>
</kw>
<kw name="Evaluate" owner="BuiltIn">
<msg time="2025-09-25T15:18:21.828734" level="INFO">${first} = Leanne</msg>
<var>${first}</var>
<arg>"${customer['name']}".split(" ")[0]</arg>
<doc>Evaluates the given expression in Python and returns the result.</doc>
<status status="PASS" start="2025-09-25T15:18:21.827691" elapsed="0.001068"/>
</kw>
<kw name="Evaluate" owner="BuiltIn">
<msg time="2025-09-25T15:18:21.829291" level="INFO">${last} = Graham</msg>
<var>${last}</var>
<arg>"${customer['name']}".split(" ")[1]</arg>
<doc>Evaluates the given expression in Python and returns the result.</doc>
<status status="PASS" start="2025-09-25T15:18:21.828886" elapsed="0.000423"/>
</kw>
<kw name="Input Text" owner="SeleniumLibrary">
<msg time="2025-09-25T15:18:21.829514" level="INFO">Typing text 'Leanne' into text field '//input[@name="first_name"]'.</msg>
<arg>${customers_txt_firstname}</arg>
<arg>${first}</arg>
<doc>Types the given ``text`` into the text field identified by ``locator``.</doc>
<status status="PASS" start="2025-09-25T15:18:21.829388" elapsed="0.038829"/>
</kw>
<kw name="Input Text" owner="SeleniumLibrary">
<msg time="2025-09-25T15:18:21.868464" level="INFO">Typing text 'Graham' into text field '//input[@name="last_name"]'.</msg>
<arg>${customers_txt_lastname}</arg>
<arg>${last}</arg>
<doc>Types the given ``text`` into the text field identified by ``locator``.</doc>
<status status="PASS" start="2025-09-25T15:18:21.868327" elapsed="0.035153"/>
</kw>
<kw name="Input Text" owner="SeleniumLibrary">
<msg time="2025-09-25T15:18:21.904048" level="INFO">Typing text 'Sincere@april.biz' into text field '//input[@name="email"]'.</msg>
<arg>${customers_txt_email}</arg>
<arg>${customer["email"]}</arg>
<doc>Types the given ``text`` into the text field identified by ``locator``.</doc>
<status status="PASS" start="2025-09-25T15:18:21.903632" elapsed="0.036871"/>
</kw>
<kw name="Input Text" owner="SeleniumLibrary">
<msg time="2025-09-25T15:18:21.940943" level="INFO">Typing text '07022006' into text field '//input[@name="birthday"]'.</msg>
<arg>${customers_txt_birthday}</arg>
<arg>${customer["birthday"]}</arg>
<doc>Types the given ``text`` into the text field identified by ``locator``.</doc>
<status status="PASS" start="2025-09-25T15:18:21.940608" elapsed="0.036784"/>
</kw>
<kw name="Input Text" owner="SeleniumLibrary">
<msg time="2025-09-25T15:18:21.978016" level="INFO">Typing text 'Kulas Light Apt. 556' into text field '//textarea[@name="address"]'.</msg>
<arg>${customers_txt_address}</arg>
<arg>${customer["address"]["street"]} ${customer["address"]["suite"]}</arg>
<doc>Types the given ``text`` into the text field identified by ``locator``.</doc>
<status status="PASS" start="2025-09-25T15:18:21.977511" elapsed="0.038572"/>
</kw>
<kw name="Input Text" owner="SeleniumLibrary">
<msg time="2025-09-25T15:18:22.016620" level="INFO">Typing text 'Gwenborough' into text field '//input[@name="city"]'.</msg>
<arg>${customers_txt_city}</arg>
<arg>${customer["address"]["city"]}</arg>
<doc>Types the given ``text`` into the text field identified by ``locator``.</doc>
<status status="PASS" start="2025-09-25T15:18:22.016228" elapsed="0.038957"/>
</kw>
<kw name="Input Text" owner="SeleniumLibrary">
<msg time="2025-09-25T15:18:22.055720" level="INFO">Typing text 'KAGG' into text field '//input[@name="stateAbbr"]'.</msg>
<arg>${customers_txt_stateAbbr}</arg>
<arg>${customer["stateAbbr"]}</arg>
<doc>Types the given ``text`` into the text field identified by ``locator``.</doc>
<status status="PASS" start="2025-09-25T15:18:22.055297" elapsed="0.034771"/>
</kw>
<kw name="Input Text" owner="SeleniumLibrary">
<msg time="2025-09-25T15:18:22.090489" level="INFO">Typing text '92998-3874' into text field '//input[@name="zipcode"]'.</msg>
<arg>${customers_txt_zipcode}</arg>
<arg>${customer["address"]["zipcode"]}</arg>
<doc>Types the given ``text`` into the text field identified by ``locator``.</doc>
<status status="PASS" start="2025-09-25T15:18:22.090179" elapsed="0.037336"/>
</kw>
<kw name="Input Text" owner="SeleniumLibrary">
<msg time="2025-09-25T15:18:22.128048" level="INFO">Typing text 'DmKZIzPs' into text field '//input[@name="password"]'.</msg>
<arg>${customers_txt_password}</arg>
<arg>${customer["password"]}</arg>
<doc>Types the given ``text`` into the text field identified by ``locator``.</doc>
<status status="PASS" start="2025-09-25T15:18:22.127650" elapsed="0.040255"/>
</kw>
<kw name="Input Text" owner="SeleniumLibrary">
<msg time="2025-09-25T15:18:22.168404" level="INFO">Typing text 'DmKZIzPs' into text field '//input[@name="confirm_password"]'.</msg>
<arg>${customers_txt_confirm_password}</arg>
<arg>${customer["password"]}</arg>
<doc>Types the given ``text`` into the text field identified by ``locator``.</doc>
<status status="PASS" start="2025-09-25T15:18:22.168024" elapsed="0.045141"/>
</kw>
<kw name="Click Button" owner="SeleniumLibrary">
<msg time="2025-09-25T15:18:22.213421" level="INFO">Clicking button '//button[@aria-label="Save"]'.</msg>
<arg>${customers_btn_save}</arg>
<doc>Clicks the button identified by ``locator``.</doc>
<status status="PASS" start="2025-09-25T15:18:22.213289" elapsed="0.041337"/>
</kw>
<kw name="Wait Until Page Contains" owner="SeleniumLibrary">
<arg>Customer created</arg>
<doc>Waits until ``text`` appears on the current page.</doc>
<status status="PASS" start="2025-09-25T15:18:22.254738" elapsed="0.431655"/>
</kw>
<arg>${customer}</arg>
<doc>Create a new customer using the provided customer dictionary.</doc>
<status status="PASS" start="2025-09-25T15:18:21.574338" elapsed="1.112144"/>
</kw>
<kw name="Verify Customer Details Match" owner="CustomerPage">
<kw name="Go To Customers Page" owner="CustomerPage">
<kw name="Click Element" owner="SeleniumLibrary">
<msg time="2025-09-25T15:18:22.687110" level="INFO">Clicking element '(//p[text()="Customers"])[2]'.</msg>
<arg>${nav_btn_customers}</arg>
<doc>Click the element identified by ``locator``.</doc>
<status status="PASS" start="2025-09-25T15:18:22.686994" elapsed="0.027867"/>
</kw>
<kw name="Wait Until Element Is Visible" owner="SeleniumLibrary">
<arg>//table//tbody//tr</arg>
<doc>Waits until the element ``locator`` is visible.</doc>
<status status="PASS" start="2025-09-25T15:18:22.714969" elapsed="0.215096"/>
</kw>
<doc>Navigate to the customers page and wait until the customer table is visible</doc>
<status status="PASS" start="2025-09-25T15:18:22.686863" elapsed="0.243283"/>
</kw>
<kw name="Refresh Current Page" owner="App">
<kw name="Click Button" owner="SeleniumLibrary">
<msg time="2025-09-25T15:18:22.930574" level="INFO">Clicking button '//button[@aria-label="Refresh"]'.</msg>
<arg>${btn_refresh}</arg>
<doc>Clicks the button identified by ``locator``.</doc>
<status status="PASS" start="2025-09-25T15:18:22.930453" elapsed="0.215798"/>
</kw>
<kw name="Wait Until Element Is Visible" owner="SeleniumLibrary">
<arg>${loading_icon}</arg>
<doc>Waits until the element ``locator`` is visible.</doc>
<status status="PASS" start="2025-09-25T15:18:23.146371" elapsed="0.215706"/>
</kw>
<kw name="Wait Until Element Is Not Visible" owner="SeleniumLibrary">
<arg>${loading_icon}</arg>
<doc>Waits until the element ``locator`` is not visible.</doc>
<status status="PASS" start="2025-09-25T15:18:23.362207" elapsed="0.231536"/>
</kw>
<status status="PASS" start="2025-09-25T15:18:22.930284" elapsed="0.663578"/>
</kw>
<kw name="Click Element" owner="SeleniumLibrary">
<msg time="2025-09-25T15:18:23.594793" level="INFO">Clicking element '//a[.//div[contains(normalize-space(.),"Leanne Graham")]]'.</msg>
<arg>//a[.//div[contains(normalize-space(.),"${customer["name"]}")]]</arg>
<doc>Click the element identified by ``locator``.</doc>
<status status="PASS" start="2025-09-25T15:18:23.594011" elapsed="0.053422"/>
</kw>
<kw name="Wait Until Element Is Visible" owner="SeleniumLibrary">
<arg>${customers_txt_firstname}</arg>
<doc>Waits until the element ``locator`` is visible.</doc>
<status status="PASS" start="2025-09-25T15:18:23.647566" elapsed="0.042043"/>
</kw>
<kw name="Evaluate" owner="BuiltIn">
<msg time="2025-09-25T15:18:23.690055" level="INFO">${first} = Leanne</msg>
<var>${first}</var>
<arg>"${customer['name']}".split(" ")[0]</arg>
<doc>Evaluates the given expression in Python and returns the result.</doc>
<status status="PASS" start="2025-09-25T15:18:23.689718" elapsed="0.000350"/>
</kw>
<kw name="Evaluate" owner="BuiltIn">
<msg time="2025-09-25T15:18:23.690356" level="INFO">${last} = Graham</msg>
<var>${last}</var>
<arg>"${customer['name']}".split(" ")[1]</arg>
<doc>Evaluates the given expression in Python and returns the result.</doc>
<status status="PASS" start="2025-09-25T15:18:23.690121" elapsed="0.000245"/>
</kw>
<kw name="Reformat Birthday" owner="CustomLibrary">
<msg time="2025-09-25T15:18:23.690628" level="INFO">${birthday} = 2006-07-02</msg>
<var>${birthday}</var>
<arg>${customer["birthday"]}</arg>
<status status="PASS" start="2025-09-25T15:18:23.690407" elapsed="0.000230"/>
</kw>
<kw name="Get Element Attribute" owner="SeleniumLibrary">
<msg time="2025-09-25T15:18:23.696747" level="INFO">${firstname} = Leanne</msg>
<var>${firstname}</var>
<arg>${customers_txt_firstname}</arg>
<arg>value</arg>
<doc>Returns the value of ``attribute`` from the element ``locator``.</doc>
<status status="PASS" start="2025-09-25T15:18:23.690729" elapsed="0.006033"/>
</kw>
<kw name="Should Be Equal As Strings" owner="BuiltIn">
<arg>${firstname}</arg>
<arg>${first}</arg>
<doc>Fails if objects are unequal after converting them to strings.</doc>
<status status="PASS" start="2025-09-25T15:18:23.696842" elapsed="0.000109"/>
</kw>
<kw name="Get Element Attribute" owner="SeleniumLibrary">
<msg time="2025-09-25T15:18:23.701641" level="INFO">${lastname} = Graham</msg>
<var>${lastname}</var>
<arg>${customers_txt_lastname}</arg>
<arg>value</arg>
<doc>Returns the value of ``attribute`` from the element ``locator``.</doc>
<status status="PASS" start="2025-09-25T15:18:23.696997" elapsed="0.004658"/>
</kw>
<kw name="Should Be Equal As Strings" owner="BuiltIn">
<arg>${lastname}</arg>
<arg>${last}</arg>
<doc>Fails if objects are unequal after converting them to strings.</doc>
<status status="PASS" start="2025-09-25T15:18:23.701710" elapsed="0.000072"/>
</kw>
<kw name="Get Element Attribute" owner="SeleniumLibrary">
<msg time="2025-09-25T15:18:23.706461" level="INFO">${email} = Sincere@april.biz</msg>
<var>${email}</var>
<arg>${customers_txt_email}</arg>
<arg>value</arg>
<doc>Returns the value of ``attribute`` from the element ``locator``.</doc>
<status status="PASS" start="2025-09-25T15:18:23.701825" elapsed="0.004649"/>
</kw>
<kw name="Should Be Equal As Strings" owner="BuiltIn">
<arg>${email}</arg>
<arg>${customer["email"]}</arg>
<doc>Fails if objects are unequal after converting them to strings.</doc>
<status status="PASS" start="2025-09-25T15:18:23.706524" elapsed="0.000282"/>
</kw>
<kw name="Get Element Attribute" owner="SeleniumLibrary">
<msg time="2025-09-25T15:18:23.711696" level="INFO">${bday} = 2006-07-02</msg>
<var>${bday}</var>
<arg>${customers_txt_birthday}</arg>
<arg>value</arg>
<doc>Returns the value of ``attribute`` from the element ``locator``.</doc>
<status status="PASS" start="2025-09-25T15:18:23.706851" elapsed="0.004858"/>
</kw>
<kw name="Should Be Equal As Strings" owner="BuiltIn">
<arg>${bday}</arg>
<arg>${birthday}</arg>
<doc>Fails if objects are unequal after converting them to strings.</doc>
<status status="PASS" start="2025-09-25T15:18:23.711763" elapsed="0.000071"/>
</kw>
<kw name="Get Element Attribute" owner="SeleniumLibrary">
<msg time="2025-09-25T15:18:23.716434" level="INFO">${address} = Kulas Light Apt. 556</msg>
<var>${address}</var>
<arg>${customers_txt_address}</arg>
<arg>value</arg>
<doc>Returns the value of ``attribute`` from the element ``locator``.</doc>
<status status="PASS" start="2025-09-25T15:18:23.711877" elapsed="0.004569"/>
</kw>
<kw name="Should Be Equal As Strings" owner="BuiltIn">
<arg>${address}</arg>
<arg>${customer["address"]["street"]} ${customer["address"]["suite"]}</arg>
<doc>Fails if objects are unequal after converting them to strings.</doc>
<status status="PASS" start="2025-09-25T15:18:23.716497" elapsed="0.000376"/>
</kw>
<kw name="Get Element Attribute" owner="SeleniumLibrary">
<msg time="2025-09-25T15:18:23.721497" level="INFO">${city} = Gwenborough</msg>
<var>${city}</var>
<arg>${customers_txt_city}</arg>
<arg>value</arg>
<doc>Returns the value of ``attribute`` from the element ``locator``.</doc>
<status status="PASS" start="2025-09-25T15:18:23.716919" elapsed="0.004590"/>
</kw>
<kw name="Should Be Equal As Strings" owner="BuiltIn">
<arg>${city}</arg>
<arg>${customer["address"]["city"]}</arg>
<doc>Fails if objects are unequal after converting them to strings.</doc>
<status status="PASS" start="2025-09-25T15:18:23.721558" elapsed="0.000229"/>
</kw>
<kw name="Get Element Attribute" owner="SeleniumLibrary">
<msg time="2025-09-25T15:18:23.726917" level="INFO">${state} = KAGG</msg>
<var>${state}</var>
<arg>${customers_txt_stateAbbr}</arg>
<arg>value</arg>
<doc>Returns the value of ``attribute`` from the element ``locator``.</doc>
<status status="PASS" start="2025-09-25T15:18:23.721832" elapsed="0.005099"/>
</kw>
<kw name="Should Be Equal As Strings" owner="BuiltIn">
<arg>${state}</arg>
<arg>${customer["stateAbbr"]}</arg>
<doc>Fails if objects are unequal after converting them to strings.</doc>
<status status="PASS" start="2025-09-25T15:18:23.726998" elapsed="0.000266"/>
</kw>
<kw name="Get Element Attribute" owner="SeleniumLibrary">
<msg time="2025-09-25T15:18:23.731617" level="INFO">${zipcode} = 92998-3874</msg>
<var>${zipcode}</var>
<arg>${customers_txt_zipcode}</arg>
<arg>value</arg>
<doc>Returns the value of ``attribute`` from the element ``locator``.</doc>
<status status="PASS" start="2025-09-25T15:18:23.727309" elapsed="0.004320"/>
</kw>
<kw name="Should Be Equal As Strings" owner="BuiltIn">
<arg>${zipcode}</arg>
<arg>${customer["address"]["zipcode"]}</arg>
<doc>Fails if objects are unequal after converting them to strings.</doc>
<status status="PASS" start="2025-09-25T15:18:23.731678" elapsed="0.000227"/>
</kw>
<kw name="Get Element Attribute" owner="SeleniumLibrary">
<msg time="2025-09-25T15:18:23.736433" level="INFO">${password} = DmKZIzPs</msg>
<var>${password}</var>
<arg>${customers_txt_password}</arg>
<arg>value</arg>
<doc>Returns the value of ``attribute`` from the element ``locator``.</doc>
<status status="PASS" start="2025-09-25T15:18:23.731950" elapsed="0.004495"/>
</kw>
<kw name="Should Be Equal As Strings" owner="BuiltIn">
<arg>${password}</arg>
<arg>${customer["password"]}</arg>
<doc>Fails if objects are unequal after converting them to strings.</doc>
<status status="PASS" start="2025-09-25T15:18:23.736494" elapsed="0.000274"/>
</kw>
<arg>${customer}</arg>
<status status="PASS" start="2025-09-25T15:18:22.686664" elapsed="1.050138"/>
</kw>
<var name="${customer}">{'id': 1, 'name': 'Leanne Graham', 'username': 'Bret', 'email': 'Sincere@april.biz', 'address': {'street': 'Kulas Light', 'suite': 'Apt. 556', 'city': 'Gwenborough', 'zipcode': '92998-3874', 'geo': {'...</var>
<status status="PASS" start="2025-09-25T15:18:21.041393" elapsed="2.695429"/>
</iter>
<iter>
<kw name="Go To Customers Page" owner="CustomerPage">
<kw name="Click Element" owner="SeleniumLibrary">
<msg time="2025-09-25T15:18:23.737191" level="INFO">Clicking element '(//p[text()="Customers"])[2]'.</msg>
<arg>${nav_btn_customers}</arg>
<doc>Click the element identified by ``locator``.</doc>
<status status="PASS" start="2025-09-25T15:18:23.737052" elapsed="0.024525"/>
</kw>
<kw name="Wait Until Element Is Visible" owner="SeleniumLibrary">
<arg>//table//tbody//tr</arg>
<doc>Waits until the element ``locator`` is visible.</doc>
<status status="PASS" start="2025-09-25T15:18:23.761702" elapsed="0.255380"/>
</kw>
<doc>Navigate to the customers page and wait until the customer table is visible</doc>
<status status="PASS" start="2025-09-25T15:18:23.736961" elapsed="0.280214"/>
</kw>
<kw name="Create User" owner="CustomerPage">
<kw name="Click Element" owner="SeleniumLibrary">
<msg time="2025-09-25T15:18:24.017706" level="INFO">Clicking element '//a[@aria-label="Create"]'.</msg>
<arg>${customers_btn_create}</arg>
<doc>Click the element identified by ``locator``.</doc>
<status status="PASS" start="2025-09-25T15:18:24.017573" elapsed="0.031484"/>
</kw>
<kw name="Wait Until Element Is Visible" owner="SeleniumLibrary">
<arg>${customers_txt_firstname}</arg>
<doc>Waits until the element ``locator`` is visible.</doc>
<status status="PASS" start="2025-09-25T15:18:24.049172" elapsed="0.027310"/>
</kw>
<kw name="Evaluate" owner="BuiltIn">
<msg time="2025-09-25T15:18:24.076917" level="INFO">${first} = Ervin</msg>
<var>${first}</var>
<arg>"${customer['name']}".split(" ")[0]</arg>
<doc>Evaluates the given expression in Python and returns the result.</doc>
<status status="PASS" start="2025-09-25T15:18:24.076583" elapsed="0.000347"/>
</kw>
<kw name="Evaluate" owner="BuiltIn">
<msg time="2025-09-25T15:18:24.077215" level="INFO">${last} = Howell</msg>
<var>${last}</var>
<arg>"${customer['name']}".split(" ")[1]</arg>
<doc>Evaluates the given expression in Python and returns the result.</doc>
<status status="PASS" start="2025-09-25T15:18:24.076981" elapsed="0.000245"/>
</kw>
<kw name="Input Text" owner="SeleniumLibrary">
<msg time="2025-09-25T15:18:24.077410" level="INFO">Typing text 'Ervin' into text field '//input[@name="first_name"]'.</msg>
<arg>${customers_txt_firstname}</arg>
<arg>${first}</arg>
<doc>Types the given ``text`` into the text field identified by ``locator``.</doc>
<status status="PASS" start="2025-09-25T15:18:24.077324" elapsed="0.030651"/>
</kw>
<kw name="Input Text" owner="SeleniumLibrary">
<msg time="2025-09-25T15:18:24.108181" level="INFO">Typing text 'Howell' into text field '//input[@name="last_name"]'.</msg>
<arg>${customers_txt_lastname}</arg>
<arg>${last}</arg>
<doc>Types the given ``text`` into the text field identified by ``locator``.</doc>
<status status="PASS" start="2025-09-25T15:18:24.108067" elapsed="0.035674"/>
</kw>
<kw name="Input Text" owner="SeleniumLibrary">
<msg time="2025-09-25T15:18:24.144201" level="INFO">Typing text 'Shanna@melissa.tv' into text field '//input[@name="email"]'.</msg>
<arg>${customers_txt_email}</arg>
<arg>${customer["email"]}</arg>
<doc>Types the given ``text`` into the text field identified by ``locator``.</doc>
<status status="PASS" start="2025-09-25T15:18:24.143847" elapsed="0.035950"/>
</kw>
<kw name="Input Text" owner="SeleniumLibrary">
<msg time="2025-09-25T15:18:24.180297" level="INFO">Typing text '11112001' into text field '//input[@name="birthday"]'.</msg>
<arg>${customers_txt_birthday}</arg>
<arg>${customer["birthday"]}</arg>
<doc>Types the given ``text`` into the text field identified by ``locator``.</doc>
<status status="PASS" start="2025-09-25T15:18:24.179908" elapsed="0.032367"/>
</kw>
<kw name="Input Text" owner="SeleniumLibrary">
<msg time="2025-09-25T15:18:24.212908" level="INFO">Typing text 'Victor Plains Suite 879' into text field '//textarea[@name="address"]'.</msg>
<arg>${customers_txt_address}</arg>
<arg>${customer["address"]["street"]} ${customer["address"]["suite"]}</arg>
<doc>Types the given ``text`` into the text field identified by ``locator``.</doc>
<status status="PASS" start="2025-09-25T15:18:24.212392" elapsed="0.043503"/>
</kw>
<kw name="Input Text" owner="SeleniumLibrary">
<msg time="2025-09-25T15:18:24.256376" level="INFO">Typing text 'Wisokyburgh' into text field '//input[@name="city"]'.</msg>
<arg>${customers_txt_city}</arg>
<arg>${customer["address"]["city"]}</arg>
<doc>Types the given ``text`` into the text field identified by ``locator``.</doc>
<status status="PASS" start="2025-09-25T15:18:24.256014" elapsed="0.046081"/>
</kw>
<kw name="Input Text" owner="SeleniumLibrary">
<msg time="2025-09-25T15:18:24.302594" level="INFO">Typing text 'VSWW' into text field '//input[@name="stateAbbr"]'.</msg>
<arg>${customers_txt_stateAbbr}</arg>
<arg>${customer["stateAbbr"]}</arg>
<doc>Types the given ``text`` into the text field identified by ``locator``.</doc>
<status status="PASS" start="2025-09-25T15:18:24.302223" elapsed="0.037481"/>
</kw>
<kw name="Input Text" owner="SeleniumLibrary">
<msg time="2025-09-25T15:18:24.340194" level="INFO">Typing text '90566-7771' into text field '//input[@name="zipcode"]'.</msg>
<arg>${customers_txt_zipcode}</arg>
<arg>${customer["address"]["zipcode"]}</arg>
<doc>Types the given ``text`` into the text field identified by ``locator``.</doc>
<status status="PASS" start="2025-09-25T15:18:24.339831" elapsed="0.034735"/>
</kw>
<kw name="Input Text" owner="SeleniumLibrary">
<msg time="2025-09-25T15:18:24.375053" level="INFO">Typing text 'BMpwgmks' into text field '//input[@name="password"]'.</msg>
<arg>${customers_txt_password}</arg>
<arg>${customer["password"]}</arg>
<doc>Types the given ``text`` into the text field identified by ``locator``.</doc>
<status status="PASS" start="2025-09-25T15:18:24.374676" elapsed="0.039117"/>
</kw>
<kw name="Input Text" owner="SeleniumLibrary">
<msg time="2025-09-25T15:18:24.414303" level="INFO">Typing text 'BMpwgmks' into text field '//input[@name="confirm_password"]'.</msg>
<arg>${customers_txt_confirm_password}</arg>
<arg>${customer["password"]}</arg>
<doc>Types the given ``text`` into the text field identified by ``locator``.</doc>
<status status="PASS" start="2025-09-25T15:18:24.413916" elapsed="0.034165"/>
</kw>
<kw name="Click Button" owner="SeleniumLibrary">
<msg time="2025-09-25T15:18:24.448294" level="INFO">Clicking button '//button[@aria-label="Save"]'.</msg>
<arg>${customers_btn_save}</arg>
<doc>Clicks the button identified by ``locator``.</doc>
<status status="PASS" start="2025-09-25T15:18:24.448182" elapsed="0.034668"/>
</kw>
<kw name="Wait Until Page Contains" owner="SeleniumLibrary">
<arg>Customer created</arg>
<doc>Waits until ``text`` appears on the current page.</doc>
<status status="PASS" start="2025-09-25T15:18:24.482965" elapsed="0.413974"/>
</kw>
<arg>${customer}</arg>
<doc>Create a new customer using the provided customer dictionary.</doc>
<status status="PASS" start="2025-09-25T15:18:24.017352" elapsed="0.879663"/>
</kw>
<kw name="Verify Customer Details Match" owner="CustomerPage">
<kw name="Go To Customers Page" owner="CustomerPage">
<kw name="Click Element" owner="SeleniumLibrary">
<msg time="2025-09-25T15:18:24.897556" level="INFO">Clicking element '(//p[text()="Customers"])[2]'.</msg>
<arg>${nav_btn_customers}</arg>
<doc>Click the element identified by ``locator``.</doc>
<status status="PASS" start="2025-09-25T15:18:24.897454" elapsed="0.025300"/>
</kw>
<kw name="Wait Until Element Is Visible" owner="SeleniumLibrary">
<arg>//table//tbody//tr</arg>
<doc>Waits until the element ``locator`` is visible.</doc>
<status status="PASS" start="2025-09-25T15:18:24.922858" elapsed="0.223322"/>
</kw>
<doc>Navigate to the customers page and wait until the customer table is visible</doc>
<status status="PASS" start="2025-09-25T15:18:24.897346" elapsed="0.248920"/>
</kw>
<kw name="Refresh Current Page" owner="App">
<kw name="Click Button" owner="SeleniumLibrary">
<msg time="2025-09-25T15:18:25.146722" level="INFO">Clicking button '//button[@aria-label="Refresh"]'.</msg>
<arg>${btn_refresh}</arg>
<doc>Clicks the button identified by ``locator``.</doc>
<status status="PASS" start="2025-09-25T15:18:25.146589" elapsed="0.175650"/>
</kw>
<kw name="Wait Until Element Is Visible" owner="SeleniumLibrary">
<arg>${loading_icon}</arg>
<doc>Waits until the element ``locator`` is visible.</doc>
<status status="PASS" start="2025-09-25T15:18:25.322351" elapsed="0.014380"/>
</kw>
<kw name="Wait Until Element Is Not Visible" owner="SeleniumLibrary">
<arg>${loading_icon}</arg>
<doc>Waits until the element ``locator`` is not visible.</doc>
<status status="PASS" start="2025-09-25T15:18:25.336830" elapsed="0.429958"/>
</kw>
<status status="PASS" start="2025-09-25T15:18:25.146395" elapsed="0.620694"/>
</kw>
<kw name="Click Element" owner="SeleniumLibrary">
<msg time="2025-09-25T15:18:25.768332" level="INFO">Clicking element '//a[.//div[contains(normalize-space(.),"Ervin Howell")]]'.</msg>
<arg>//a[.//div[contains(normalize-space(.),"${customer["name"]}")]]</arg>
<doc>Click the element identified by ``locator``.</doc>
<status status="PASS" start="2025-09-25T15:18:25.767391" elapsed="0.043264"/>
</kw>
<kw name="Wait Until Element Is Visible" owner="SeleniumLibrary">
<arg>${customers_txt_firstname}</arg>
<doc>Waits until the element ``locator`` is visible.</doc>
<status status="PASS" start="2025-09-25T15:18:25.810825" elapsed="0.037140"/>
</kw>
<kw name="Evaluate" owner="BuiltIn">
<msg time="2025-09-25T15:18:25.848463" level="INFO">${first} = Ervin</msg>
<var>${first}</var>
<arg>"${customer['name']}".split(" ")[0]</arg>
<doc>Evaluates the given expression in Python and returns the result.</doc>
<status status="PASS" start="2025-09-25T15:18:25.848079" elapsed="0.000398"/>
</kw>
<kw name="Evaluate" owner="BuiltIn">
<msg time="2025-09-25T15:18:25.848782" level="INFO">${last} = Howell</msg>
<var>${last}</var>
<arg>"${customer['name']}".split(" ")[1]</arg>
<doc>Evaluates the given expression in Python and returns the result.</doc>
<status status="PASS" start="2025-09-25T15:18:25.848533" elapsed="0.000259"/>
</kw>
<kw name="Reformat Birthday" owner="CustomLibrary">
<msg time="2025-09-25T15:18:25.849120" level="INFO">${birthday} = 2001-11-11</msg>
<var>${birthday}</var>
<arg>${customer["birthday"]}</arg>
<status status="PASS" start="2025-09-25T15:18:25.848884" elapsed="0.000246"/>
</kw>
<kw name="Get Element Attribute" owner="SeleniumLibrary">
<msg time="2025-09-25T15:18:25.854517" level="INFO">${firstname} = Ervin</msg>
<var>${firstname}</var>
<arg>${customers_txt_firstname}</arg>
<arg>value</arg>
<doc>Returns the value of ``attribute`` from the element ``locator``.</doc>
<status status="PASS" start="2025-09-25T15:18:25.849183" elapsed="0.005351"/>
</kw>
<kw name="Should Be Equal As Strings" owner="BuiltIn">
<arg>${firstname}</arg>
<arg>${first}</arg>
<doc>Fails if objects are unequal after converting them to strings.</doc>
<status status="PASS" start="2025-09-25T15:18:25.854604" elapsed="0.000093"/>
</kw>
<kw name="Get Element Attribute" owner="SeleniumLibrary">
<msg time="2025-09-25T15:18:25.859483" level="INFO">${lastname} = Howell</msg>
<var>${lastname}</var>
<arg>${customers_txt_lastname}</arg>
<arg>value</arg>
<doc>Returns the value of ``attribute`` from the element ``locator``.</doc>
<status status="PASS" start="2025-09-25T15:18:25.854744" elapsed="0.004753"/>
</kw>
<kw name="Should Be Equal As Strings" owner="BuiltIn">
<arg>${lastname}</arg>
<arg>${last}</arg>
<doc>Fails if objects are unequal after converting them to strings.</doc>
<status status="PASS" start="2025-09-25T15:18:25.859556" elapsed="0.000077"/>
</kw>
<kw name="Get Element Attribute" owner="SeleniumLibrary">
<msg time="2025-09-25T15:18:25.864233" level="INFO">${email} = Shanna@melissa.tv</msg>
<var>${email}</var>
<arg>${customers_txt_email}</arg>
<arg>value</arg>
<doc>Returns the value of ``attribute`` from the element ``locator``.</doc>
<status status="PASS" start="2025-09-25T15:18:25.859678" elapsed="0.004567"/>
</kw>
<kw name="Should Be Equal As Strings" owner="BuiltIn">
<arg>${email}</arg>
<arg>${customer["email"]}</arg>
<doc>Fails if objects are unequal after converting them to strings.</doc>
<status status="PASS" start="2025-09-25T15:18:25.864298" elapsed="0.000306"/>
</kw>
<kw name="Get Element Attribute" owner="SeleniumLibrary">
<msg time="2025-09-25T15:18:25.868939" level="INFO">${bday} = 2001-11-11</msg>
<var>${bday}</var>
<arg>${customers_txt_birthday}</arg>
<arg>value</arg>
<doc>Returns the value of ``attribute`` from the element ``locator``.</doc>
<status status="PASS" start="2025-09-25T15:18:25.864650" elapsed="0.004303"/>
</kw>
<kw name="Should Be Equal As Strings" owner="BuiltIn">
<arg>${bday}</arg>
<arg>${birthday}</arg>
<doc>Fails if objects are unequal after converting them to strings.</doc>
<status status="PASS" start="2025-09-25T15:18:25.869006" elapsed="0.000071"/>
</kw>
<kw name="Get Element Attribute" owner="SeleniumLibrary">
<msg time="2025-09-25T15:18:25.873293" level="INFO">${address} = Victor Plains Suite 879</msg>
<var>${address}</var>
<arg>${customers_txt_address}</arg>
<arg>value</arg>
<doc>Returns the value of ``attribute`` from the element ``locator``.</doc>
<status status="PASS" start="2025-09-25T15:18:25.869121" elapsed="0.004184"/>
</kw>
<kw name="Should Be Equal As Strings" owner="BuiltIn">
<arg>${address}</arg>
<arg>${customer["address"]["street"]} ${customer["address"]["suite"]}</arg>
<doc>Fails if objects are unequal after converting them to strings.</doc>
<status status="PASS" start="2025-09-25T15:18:25.873355" elapsed="0.000394"/>
</kw>
<kw name="Get Element Attribute" owner="SeleniumLibrary">
<msg time="2025-09-25T15:18:25.878179" level="INFO">${city} = Wisokyburgh</msg>
<var>${city}</var>
<arg>${customers_txt_city}</arg>
<arg>value</arg>
<doc>Returns the value of ``attribute`` from the element ``locator``.</doc>
<status status="PASS" start="2025-09-25T15:18:25.873796" elapsed="0.004396"/>
</kw>
<kw name="Should Be Equal As Strings" owner="BuiltIn">
<arg>${city}</arg>
<arg>${customer["address"]["city"]}</arg>
<doc>Fails if objects are unequal after converting them to strings.</doc>
<status status="PASS" start="2025-09-25T15:18:25.878246" elapsed="0.000240"/>
</kw>
<kw name="Get Element Attribute" owner="SeleniumLibrary">
<msg time="2025-09-25T15:18:25.882799" level="INFO">${state} = VSWW</msg>
<var>${state}</var>
<arg>${customers_txt_stateAbbr}</arg>
<arg>value</arg>
<doc>Returns the value of ``attribute`` from the element ``locator``.</doc>
<status status="PASS" start="2025-09-25T15:18:25.878532" elapsed="0.004279"/>
</kw>
<kw name="Should Be Equal As Strings" owner="BuiltIn">
<arg>${state}</arg>
<arg>${customer["stateAbbr"]}</arg>
<doc>Fails if objects are unequal after converting them to strings.</doc>
<status status="PASS" start="2025-09-25T15:18:25.882860" elapsed="0.000243"/>
</kw>
<kw name="Get Element Attribute" owner="SeleniumLibrary">
<msg time="2025-09-25T15:18:25.887609" level="INFO">${zipcode} = 90566-7771</msg>
<var>${zipcode}</var>
<arg>${customers_txt_zipcode}</arg>
<arg>value</arg>
<doc>Returns the value of ``attribute`` from the element ``locator``.</doc>
<status status="PASS" start="2025-09-25T15:18:25.883148" elapsed="0.004473"/>
</kw>
<kw name="Should Be Equal As Strings" owner="BuiltIn">
<arg>${zipcode}</arg>
<arg>${customer["address"]["zipcode"]}</arg>
<doc>Fails if objects are unequal after converting them to strings.</doc>
<status status="PASS" start="2025-09-25T15:18:25.887669" elapsed="0.000223"/>
</kw>
<kw name="Get Element Attribute" owner="SeleniumLibrary">
<msg time="2025-09-25T15:18:25.892565" level="INFO">${password} = BMpwgmks</msg>
<var>${password}</var>
<arg>${customers_txt_password}</arg>
<arg>value</arg>
<doc>Returns the value of ``attribute`` from the element ``locator``.</doc>
<status status="PASS" start="2025-09-25T15:18:25.887936" elapsed="0.004643"/>
</kw>
<kw name="Should Be Equal As Strings" owner="BuiltIn">
<arg>${password}</arg>
<arg>${customer["password"]}</arg>
<doc>Fails if objects are unequal after converting them to strings.</doc>
<status status="PASS" start="2025-09-25T15:18:25.892633" elapsed="0.000257"/>
</kw>
<arg>${customer}</arg>
<status status="PASS" start="2025-09-25T15:18:24.897169" elapsed="0.995754"/>
</kw>
<var name="${customer}">{'id': 2, 'name': 'Ervin Howell', 'username': 'Antonette', 'email': 'Shanna@melissa.tv', 'address': {'street': 'Victor Plains', 'suite': 'Suite 879', 'city': 'Wisokyburgh', 'zipcode': '90566-7771', 'g...</var>
<status status="PASS" start="2025-09-25T15:18:23.736903" elapsed="2.156039"/>
</iter>
<iter>
<kw name="Go To Customers Page" owner="CustomerPage">
<kw name="Click Element" owner="SeleniumLibrary">
<msg time="2025-09-25T15:18:25.893218" level="INFO">Clicking element '(//p[text()="Customers"])[2]'.</msg>
<arg>${nav_btn_customers}</arg>
<doc>Click the element identified by ``locator``.</doc>
<status status="PASS" start="2025-09-25T15:18:25.893159" elapsed="0.024748"/>
</kw>
<kw name="Wait Until Element Is Visible" owner="SeleniumLibrary">
<arg>//table//tbody//tr</arg>
<doc>Waits until the element ``locator`` is visible.</doc>
<status status="PASS" start="2025-09-25T15:18:25.918069" elapsed="0.216642"/>
</kw>
<doc>Navigate to the customers page and wait until the customer table is visible</doc>
<status status="PASS" start="2025-09-25T15:18:25.893067" elapsed="0.241729"/>
</kw>
<kw name="Create User" owner="CustomerPage">
<kw name="Click Element" owner="SeleniumLibrary">
<msg time="2025-09-25T15:18:26.135298" level="INFO">Clicking element '//a[@aria-label="Create"]'.</msg>
<arg>${customers_btn_create}</arg>
<doc>Click the element identified by ``locator``.</doc>
<status status="PASS" start="2025-09-25T15:18:26.135185" elapsed="0.046301"/>
</kw>
<kw name="Wait Until Element Is Visible" owner="SeleniumLibrary">
<arg>${customers_txt_firstname}</arg>
<doc>Waits until the element ``locator`` is visible.</doc>
<status status="PASS" start="2025-09-25T15:18:26.181609" elapsed="0.027707"/>
</kw>
<kw name="Evaluate" owner="BuiltIn">
<msg time="2025-09-25T15:18:26.209782" level="INFO">${first} = Clementine</msg>
<var>${first}</var>
<arg>"${customer['name']}".split(" ")[0]</arg>
<doc>Evaluates the given expression in Python and returns the result.</doc>
<status status="PASS" start="2025-09-25T15:18:26.209426" elapsed="0.000370"/>
</kw>
<kw name="Evaluate" owner="BuiltIn">
<msg time="2025-09-25T15:18:26.210938" level="INFO">${last} = Bauch</msg>
<var>${last}</var>
<arg>"${customer['name']}".split(" ")[1]</arg>
<doc>Evaluates the given expression in Python and returns the result.</doc>
<status status="PASS" start="2025-09-25T15:18:26.210637" elapsed="0.000312"/>
</kw>
<kw name="Input Text" owner="SeleniumLibrary">
<msg time="2025-09-25T15:18:26.211089" level="INFO">Typing text 'Clementine' into text field '//input[@name="first_name"]'.</msg>
<arg>${customers_txt_firstname}</arg>
<arg>${first}</arg>
<doc>Types the given ``text`` into the text field identified by ``locator``.</doc>
<status status="PASS" start="2025-09-25T15:18:26.211002" elapsed="0.033565"/>
</kw>
<kw name="Input Text" owner="SeleniumLibrary">
<msg time="2025-09-25T15:18:26.244869" level="INFO">Typing text 'Bauch' into text field '//input[@name="last_name"]'.</msg>
<arg>${customers_txt_lastname}</arg>
<arg>${last}</arg>
<doc>Types the given ``text`` into the text field identified by ``locator``.</doc>
<status status="PASS" start="2025-09-25T15:18:26.244708" elapsed="0.034877"/>
</kw>
<kw name="Input Text" owner="SeleniumLibrary">
<msg time="2025-09-25T15:18:26.280090" level="INFO">Typing text 'Nathan@yesenia.net' into text field '//input[@name="email"]'.</msg>
<arg>${customers_txt_email}</arg>
<arg>${customer["email"]}</arg>
<doc>Types the given ``text`` into the text field identified by ``locator``.</doc>
<status status="PASS" start="2025-09-25T15:18:26.279730" elapsed="0.037338"/>
</kw>
<kw name="Input Text" owner="SeleniumLibrary">
<msg time="2025-09-25T15:18:26.317966" level="INFO">Typing text '10082001' into text field '//input[@name="birthday"]'.</msg>
<arg>${customers_txt_birthday}</arg>
<arg>${customer["birthday"]}</arg>
<doc>Types the given ``text`` into the text field identified by ``locator``.</doc>
<status status="PASS" start="2025-09-25T15:18:26.317401" elapsed="0.036025"/>
</kw>
<kw name="Input Text" owner="SeleniumLibrary">
<msg time="2025-09-25T15:18:26.354017" level="INFO">Typing text 'Douglas Extension Suite 847' into text field '//textarea[@name="address"]'.</msg>
<arg>${customers_txt_address}</arg>
<arg>${customer["address"]["street"]} ${customer["address"]["suite"]}</arg>
<doc>Types the given ``text`` into the text field identified by ``locator``.</doc>
<status status="PASS" start="2025-09-25T15:18:26.353538" elapsed="0.043396"/>
</kw>
<kw name="Input Text" owner="SeleniumLibrary">
<msg time="2025-09-25T15:18:26.397573" level="INFO">Typing text 'McKenziehaven' into text field '//input[@name="city"]'.</msg>
<arg>${customers_txt_city}</arg>
<arg>${customer["address"]["city"]}</arg>
<doc>Types the given ``text`` into the text field identified by ``locator``.</doc>
<status status="PASS" start="2025-09-25T15:18:26.397079" elapsed="0.039852"/>
</kw>
<kw name="Input Text" owner="SeleniumLibrary">
<msg time="2025-09-25T15:18:26.437354" level="INFO">Typing text 'DSMM' into text field '//input[@name="stateAbbr"]'.</msg>
<arg>${customers_txt_stateAbbr}</arg>
<arg>${customer["stateAbbr"]}</arg>
<doc>Types the given ``text`` into the text field identified by ``locator``.</doc>
<status status="PASS" start="2025-09-25T15:18:26.437031" elapsed="0.034934"/>
</kw>
<kw name="Input Text" owner="SeleniumLibrary">
<msg time="2025-09-25T15:18:26.472377" level="INFO">Typing text '59590-4157' into text field '//input[@name="zipcode"]'.</msg>
<arg>${customers_txt_zipcode}</arg>
<arg>${customer["address"]["zipcode"]}</arg>
<doc>Types the given ``text`` into the text field identified by ``locator``.</doc>
<status status="PASS" start="2025-09-25T15:18:26.472068" elapsed="0.037406"/>
</kw>
<kw name="Input Text" owner="SeleniumLibrary">
<msg time="2025-09-25T15:18:26.509948" level="INFO">Typing text 'BT5zI3@N' into text field '//input[@name="password"]'.</msg>
<arg>${customers_txt_password}</arg>
<arg>${customer["password"]}</arg>
<doc>Types the given ``text`` into the text field identified by ``locator``.</doc>
<status status="PASS" start="2025-09-25T15:18:26.509584" elapsed="0.040056"/>
</kw>
<kw name="Input Text" owner="SeleniumLibrary">
<msg time="2025-09-25T15:18:26.550154" level="INFO">Typing text 'BT5zI3@N' into text field '//input[@name="confirm_password"]'.</msg>
<arg>${customers_txt_confirm_password}</arg>
<arg>${customer["password"]}</arg>
<doc>Types the given ``text`` into the text field identified by ``locator``.</doc>
<status status="PASS" start="2025-09-25T15:18:26.549777" elapsed="0.034037"/>
</kw>
<kw name="Click Button" owner="SeleniumLibrary">
<msg time="2025-09-25T15:18:26.584024" level="INFO">Clicking button '//button[@aria-label="Save"]'.</msg>
<arg>${customers_btn_save}</arg>
<doc>Clicks the button identified by ``locator``.</doc>
<status status="PASS" start="2025-09-25T15:18:26.583914" elapsed="0.032573"/>
</kw>
<kw name="Wait Until Page Contains" owner="SeleniumLibrary">
<arg>Customer created</arg>
<doc>Waits until ``text`` appears on the current page.</doc>
<status status="PASS" start="2025-09-25T15:18:26.616601" elapsed="0.420767"/>
</kw>
<arg>${customer}</arg>
<doc>Create a new customer using the provided customer dictionary.</doc>
<status status="PASS" start="2025-09-25T15:18:26.134953" elapsed="0.902480"/>
</kw>
<kw name="Verify Customer Details Match" owner="CustomerPage">
<kw name="Go To Customers Page" owner="CustomerPage">
<kw name="Click Element" owner="SeleniumLibrary">
<msg time="2025-09-25T15:18:27.037918" level="INFO">Clicking element '(//p[text()="Customers"])[2]'.</msg>
<arg>${nav_btn_customers}</arg>
<doc>Click the element identified by ``locator``.</doc>
<status status="PASS" start="2025-09-25T15:18:27.037828" elapsed="0.027555"/>
</kw>
<kw name="Wait Until Element Is Visible" owner="SeleniumLibrary">
<arg>//table//tbody//tr</arg>
<doc>Waits until the element ``locator`` is visible.</doc>
<status status="PASS" start="2025-09-25T15:18:27.065492" elapsed="0.048320"/>
</kw>
<doc>Navigate to the customers page and wait until the customer table is visible</doc>
<status status="PASS" start="2025-09-25T15:18:27.037723" elapsed="0.076151"/>
</kw>
<kw name="Refresh Current Page" owner="App">
<kw name="Click Button" owner="SeleniumLibrary">
<msg time="2025-09-25T15:18:27.114169" level="INFO">Clicking button '//button[@aria-label="Refresh"]'.</msg>
<arg>${btn_refresh}</arg>
<doc>Clicks the button identified by ``locator``.</doc>
<status status="PASS" start="2025-09-25T15:18:27.114083" elapsed="0.353987"/>
</kw>
<kw name="Wait Until Element Is Visible" owner="SeleniumLibrary">
<arg>${loading_icon}</arg>
<doc>Waits until the element ``locator`` is visible.</doc>
<status status="PASS" start="2025-09-25T15:18:27.468198" elapsed="0.008532"/>
</kw>
<kw name="Wait Until Element Is Not Visible" owner="SeleniumLibrary">
<arg>${loading_icon}</arg>
<doc>Waits until the element ``locator`` is not visible.</doc>
<status status="PASS" start="2025-09-25T15:18:27.476827" elapsed="0.441984"/>
</kw>
<status status="PASS" start="2025-09-25T15:18:27.113960" elapsed="0.805110"/>
</kw>
<kw name="Click Element" owner="SeleniumLibrary">
<msg time="2025-09-25T15:18:27.920454" level="INFO">Clicking element '//a[.//div[contains(normalize-space(.),"Clementine Bauch")]]'.</msg>
<arg>//a[.//div[contains(normalize-space(.),"${customer["name"]}")]]</arg>
<doc>Click the element identified by ``locator``.</doc>
<status status="PASS" start="2025-09-25T15:18:27.919411" elapsed="0.050135"/>
</kw>
<kw name="Wait Until Element Is Visible" owner="SeleniumLibrary">
<arg>${customers_txt_firstname}</arg>
<doc>Waits until the element ``locator`` is visible.</doc>
<status status="PASS" start="2025-09-25T15:18:27.969681" elapsed="0.041923"/>
</kw>
<kw name="Evaluate" owner="BuiltIn">
<msg time="2025-09-25T15:18:28.012064" level="INFO">${first} = Clementine</msg>
<var>${first}</var>
<arg>"${customer['name']}".split(" ")[0]</arg>
<doc>Evaluates the given expression in Python and returns the result.</doc>
<status status="PASS" start="2025-09-25T15:18:28.011714" elapsed="0.000364"/>
</kw>
<kw name="Evaluate" owner="BuiltIn">
<msg time="2025-09-25T15:18:28.012632" level="INFO">${last} = Bauch</msg>
<var>${last}</var>
<arg>"${customer['name']}".split(" ")[1]</arg>
<doc>Evaluates the given expression in Python and returns the result.</doc>
<status status="PASS" start="2025-09-25T15:18:28.012384" elapsed="0.000259"/>
</kw>
<kw name="Reformat Birthday" owner="CustomLibrary">
<msg time="2025-09-25T15:18:28.012909" level="INFO">${birthday} = 2001-10-08</msg>
<var>${birthday}</var>
<arg>${customer["birthday"]}</arg>
<status status="PASS" start="2025-09-25T15:18:28.012687" elapsed="0.000231"/>
</kw>
<kw name="Get Element Attribute" owner="SeleniumLibrary">
<msg time="2025-09-25T15:18:28.017914" level="INFO">${firstname} = Clementine</msg>
<var>${firstname}</var>
<arg>${customers_txt_firstname}</arg>
<arg>value</arg>
<doc>Returns the value of ``attribute`` from the element ``locator``.</doc>
<status status="PASS" start="2025-09-25T15:18:28.012964" elapsed="0.004968"/>
</kw>
<kw name="Should Be Equal As Strings" owner="BuiltIn">
<arg>${firstname}</arg>
<arg>${first}</arg>
<doc>Fails if objects are unequal after converting them to strings.</doc>
<status status="PASS" start="2025-09-25T15:18:28.018004" elapsed="0.000091"/>
</kw>
<kw name="Get Element Attribute" owner="SeleniumLibrary">
<msg time="2025-09-25T15:18:28.022056" level="INFO">${lastname} = Bauch</msg>
<var>${lastname}</var>
<arg>${customers_txt_lastname}</arg>
<arg>value</arg>
<doc>Returns the value of ``attribute`` from the element ``locator``.</doc>
<status status="PASS" start="2025-09-25T15:18:28.018143" elapsed="0.003928"/>
</kw>
<kw name="Should Be Equal As Strings" owner="BuiltIn">
<arg>${lastname}</arg>
<arg>${last}</arg>
<doc>Fails if objects are unequal after converting them to strings.</doc>
<status status="PASS" start="2025-09-25T15:18:28.022130" elapsed="0.000079"/>
</kw>
<kw name="Get Element Attribute" owner="SeleniumLibrary">
<msg time="2025-09-25T15:18:28.026806" level="INFO">${email} = Nathan@yesenia.net</msg>
<var>${email}</var>
<arg>${customers_txt_email}</arg>
<arg>value</arg>
<doc>Returns the value of ``attribute`` from the element ``locator``.</doc>
<status status="PASS" start="2025-09-25T15:18:28.022254" elapsed="0.004567"/>
</kw>
<kw name="Should Be Equal As Strings" owner="BuiltIn">
<arg>${email}</arg>
<arg>${customer["email"]}</arg>
<doc>Fails if objects are unequal after converting them to strings.</doc>
<status status="PASS" start="2025-09-25T15:18:28.026880" elapsed="0.000282"/>
</kw>
<kw name="Get Element Attribute" owner="SeleniumLibrary">
<msg time="2025-09-25T15:18:28.031646" level="INFO">${bday} = 2001-10-08</msg>
<var>${bday}</var>
<arg>${customers_txt_birthday}</arg>
<arg>value</arg>
<doc>Returns the value of ``attribute`` from the element ``locator``.</doc>
<status status="PASS" start="2025-09-25T15:18:28.027208" elapsed="0.004451"/>
</kw>
<kw name="Should Be Equal As Strings" owner="BuiltIn">
<arg>${bday}</arg>
<arg>${birthday}</arg>
<doc>Fails if objects are unequal after converting them to strings.</doc>
<status status="PASS" start="2025-09-25T15:18:28.031711" elapsed="0.000069"/>
</kw>
<kw name="Get Element Attribute" owner="SeleniumLibrary">
<msg time="2025-09-25T15:18:28.036379" level="INFO">${address} = Douglas Extension Suite 847</msg>
<var>${address}</var>
<arg>${customers_txt_address}</arg>
<arg>value</arg>
<doc>Returns the value of ``attribute`` from the element ``locator``.</doc>
<status status="PASS" start="2025-09-25T15:18:28.031823" elapsed="0.004569"/>
</kw>
<kw name="Should Be Equal As Strings" owner="BuiltIn">
<arg>${address}</arg>
<arg>${customer["address"]["street"]} ${customer["address"]["suite"]}</arg>
<doc>Fails if objects are unequal after converting them to strings.</doc>
<status status="PASS" start="2025-09-25T15:18:28.036443" elapsed="0.000394"/>
</kw>
<kw name="Get Element Attribute" owner="SeleniumLibrary">
<msg time="2025-09-25T15:18:28.041522" level="INFO">${city} = McKenziehaven</msg>
<var>${city}</var>
<arg>${customers_txt_city}</arg>
<arg>value</arg>
<doc>Returns the value of ``attribute`` from the element ``locator``.</doc>
<status status="PASS" start="2025-09-25T15:18:28.036883" elapsed="0.004651"/>
</kw>
<kw name="Should Be Equal As Strings" owner="BuiltIn">
<arg>${city}</arg>
<arg>${customer["address"]["city"]}</arg>
<doc>Fails if objects are unequal after converting them to strings.</doc>
<status status="PASS" start="2025-09-25T15:18:28.041590" elapsed="0.000319"/>
</kw>
<kw name="Get Element Attribute" owner="SeleniumLibrary">
<msg time="2025-09-25T15:18:28.046715" level="INFO">${state} = DSMM</msg>
<var>${state}</var>
<arg>${customers_txt_stateAbbr}</arg>
<arg>value</arg>
<doc>Returns the value of ``attribute`` from the element ``locator``.</doc>
<status status="PASS" start="2025-09-25T15:18:28.041971" elapsed="0.004760"/>
</kw>
<kw name="Should Be Equal As Strings" owner="BuiltIn">
<arg>${state}</arg>
<arg>${customer["stateAbbr"]}</arg>
<doc>Fails if objects are unequal after converting them to strings.</doc>
<status status="PASS" start="2025-09-25T15:18:28.046810" elapsed="0.000302"/>
</kw>
<kw name="Get Element Attribute" owner="SeleniumLibrary">
<msg time="2025-09-25T15:18:28.051365" level="INFO">${zipcode} = 59590-4157</msg>
<var>${zipcode}</var>
<arg>${customers_txt_zipcode}</arg>
<arg>value</arg>
<doc>Returns the value of ``attribute`` from the element ``locator``.</doc>
<status status="PASS" start="2025-09-25T15:18:28.047163" elapsed="0.004216"/>
</kw>
<kw name="Should Be Equal As Strings" owner="BuiltIn">
<arg>${zipcode}</arg>
<arg>${customer["address"]["zipcode"]}</arg>
<doc>Fails if objects are unequal after converting them to strings.</doc>
<status status="PASS" start="2025-09-25T15:18:28.051437" elapsed="0.000260"/>
</kw>
<kw name="Get Element Attribute" owner="SeleniumLibrary">
<msg time="2025-09-25T15:18:28.055742" level="INFO">${password} = BT5zI3@N</msg>
<var>${password}</var>
<arg>${customers_txt_password}</arg>
<arg>value</arg>
<doc>Returns the value of ``attribute`` from the element ``locator``.</doc>
<status status="PASS" start="2025-09-25T15:18:28.051747" elapsed="0.004008"/>
</kw>
<kw name="Should Be Equal As Strings" owner="BuiltIn">
<arg>${password}</arg>
<arg>${customer["password"]}</arg>
<doc>Fails if objects are unequal after converting them to strings.</doc>
<status status="PASS" start="2025-09-25T15:18:28.055806" elapsed="0.000265"/>
</kw>
<arg>${customer}</arg>
<status status="PASS" start="2025-09-25T15:18:27.037567" elapsed="1.018539"/>
</kw>
<var name="${customer}">{'id': 3, 'name': 'Clementine Bauch', 'username': 'Samantha', 'email': 'Nathan@yesenia.net', 'address': {'street': 'Douglas Extension', 'suite': 'Suite 847', 'city': 'McKenziehaven', 'zipcode': '59590...</var>
<status status="PASS" start="2025-09-25T15:18:25.893010" elapsed="2.163115"/>
</iter>
<iter>
<kw name="Go To Customers Page" owner="CustomerPage">
<kw name="Click Element" owner="SeleniumLibrary">
<msg time="2025-09-25T15:18:28.056469" level="INFO">Clicking element '(//p[text()="Customers"])[2]'.</msg>
<arg>${nav_btn_customers}</arg>
<doc>Click the element identified by ``locator``.</doc>
<status status="PASS" start="2025-09-25T15:18:28.056331" elapsed="0.025510"/>
</kw>
<kw name="Wait Until Element Is Visible" owner="SeleniumLibrary">
<arg>//table//tbody//tr</arg>
<doc>Waits until the element ``locator`` is visible.</doc>
<status status="PASS" start="2025-09-25T15:18:28.082013" elapsed="0.217725"/>
</kw>
<doc>Navigate to the customers page and wait until the customer table is visible</doc>
<status status="PASS" start="2025-09-25T15:18:28.056245" elapsed="0.243586"/>
</kw>
<kw name="Create User" owner="CustomerPage">
<kw name="Click Element" owner="SeleniumLibrary">
<msg time="2025-09-25T15:18:28.300364" level="INFO">Clicking element '//a[@aria-label="Create"]'.</msg>
<arg>${customers_btn_create}</arg>
<doc>Click the element identified by ``locator``.</doc>
<status status="PASS" start="2025-09-25T15:18:28.300234" elapsed="0.048130"/>
</kw>
<kw name="Wait Until Element Is Visible" owner="SeleniumLibrary">
<arg>${customers_txt_firstname}</arg>
<doc>Waits until the element ``locator`` is visible.</doc>
<status status="PASS" start="2025-09-25T15:18:28.348482" elapsed="0.027340"/>
</kw>
<kw name="Evaluate" owner="BuiltIn">
<msg time="2025-09-25T15:18:28.376330" level="INFO">${first} = Patricia</msg>
<var>${first}</var>
<arg>"${customer['name']}".split(" ")[0]</arg>
<doc>Evaluates the given expression in Python and returns the result.</doc>
<status status="PASS" start="2025-09-25T15:18:28.375976" elapsed="0.000369"/>
</kw>
<kw name="Evaluate" owner="BuiltIn">
<msg time="2025-09-25T15:18:28.376649" level="INFO">${last} = Lebsack</msg>
<var>${last}</var>
<arg>"${customer['name']}".split(" ")[1]</arg>
<doc>Evaluates the given expression in Python and returns the result.</doc>
<status status="PASS" start="2025-09-25T15:18:28.376400" elapsed="0.000260"/>
</kw>
<kw name="Input Text" owner="SeleniumLibrary">
<msg time="2025-09-25T15:18:28.376801" level="INFO">Typing text 'Patricia' into text field '//input[@name="first_name"]'.</msg>
<arg>${customers_txt_firstname}</arg>
<arg>${first}</arg>
<doc>Types the given ``text`` into the text field identified by ``locator``.</doc>
<status status="PASS" start="2025-09-25T15:18:28.376710" elapsed="0.032315"/>
</kw>
<kw name="Input Text" owner="SeleniumLibrary">
<msg time="2025-09-25T15:18:28.409447" level="INFO">Typing text 'Lebsack' into text field '//input[@name="last_name"]'.</msg>
<arg>${customers_txt_lastname}</arg>
<arg>${last}</arg>
<doc>Types the given ``text`` into the text field identified by ``locator``.</doc>
<status status="PASS" start="2025-09-25T15:18:28.409190" elapsed="0.031370"/>
</kw>
<kw name="Input Text" owner="SeleniumLibrary">
<msg time="2025-09-25T15:18:28.440998" level="INFO">Typing text 'Julianne.OConner@kory.org' into text field '//input[@name="email"]'.</msg>
<arg>${customers_txt_email}</arg>
<arg>${customer["email"]}</arg>
<doc>Types the given ``text`` into the text field identified by ``locator``.</doc>
<status status="PASS" start="2025-09-25T15:18:28.440667" elapsed="0.041630"/>
</kw>
<kw name="Input Text" owner="SeleniumLibrary">
<msg time="2025-09-25T15:18:28.483609" level="INFO">Typing text '06032001' into text field '//input[@name="birthday"]'.</msg>
<arg>${customers_txt_birthday}</arg>
<arg>${customer["birthday"]}</arg>
<doc>Types the given ``text`` into the text field identified by ``locator``.</doc>
<status status="PASS" start="2025-09-25T15:18:28.482640" elapsed="0.046627"/>
</kw>
<kw name="Input Text" owner="SeleniumLibrary">
<msg time="2025-09-25T15:18:28.529890" level="INFO">Typing text 'Hoeger Mall Apt. 692' into text field '//textarea[@name="address"]'.</msg>
<arg>${customers_txt_address}</arg>
<arg>${customer["address"]["street"]} ${customer["address"]["suite"]}</arg>
<doc>Types the given ``text`` into the text field identified by ``locator``.</doc>
<status status="PASS" start="2025-09-25T15:18:28.529396" elapsed="0.041159"/>
</kw>
<kw name="Input Text" owner="SeleniumLibrary">
<msg time="2025-09-25T15:18:28.571018" level="INFO">Typing text 'South Elvis' into text field '//input[@name="city"]'.</msg>
<arg>${customers_txt_city}</arg>
<arg>${customer["address"]["city"]}</arg>
<doc>Types the given ``text`` into the text field identified by ``locator``.</doc>
<status status="PASS" start="2025-09-25T15:18:28.570669" elapsed="0.050562"/>
</kw>
<kw name="Input Text" owner="SeleniumLibrary">
<msg time="2025-09-25T15:18:28.621995" level="INFO">Typing text 'HASS' into text field '//input[@name="stateAbbr"]'.</msg>
<arg>${customers_txt_stateAbbr}</arg>
<arg>${customer["stateAbbr"]}</arg>
<doc>Types the given ``text`` into the text field identified by ``locator``.</doc>
<status status="PASS" start="2025-09-25T15:18:28.621469" elapsed="0.041007"/>
</kw>
<kw name="Input Text" owner="SeleniumLibrary">
<msg time="2025-09-25T15:18:28.662926" level="INFO">Typing text '53919-4257' into text field '//input[@name="zipcode"]'.</msg>
<arg>${customers_txt_zipcode}</arg>
<arg>${customer["address"]["zipcode"]}</arg>
<doc>Types the given ``text`` into the text field identified by ``locator``.</doc>
<status status="PASS" start="2025-09-25T15:18:28.662584" elapsed="0.038127"/>
</kw>
<kw name="Input Text" owner="SeleniumLibrary">
<msg time="2025-09-25T15:18:28.701203" level="INFO">Typing text 'aHxZgko3' into text field '//input[@name="password"]'.</msg>
<arg>${customers_txt_password}</arg>
<arg>${customer["password"]}</arg>
<doc>Types the given ``text`` into the text field identified by ``locator``.</doc>
<status status="PASS" start="2025-09-25T15:18:28.700826" elapsed="0.047282"/>
</kw>
<kw name="Input Text" owner="SeleniumLibrary">
<msg time="2025-09-25T15:18:28.748657" level="INFO">Typing text 'aHxZgko3' into text field '//input[@name="confirm_password"]'.</msg>
<arg>${customers_txt_confirm_password}</arg>
<arg>${customer["password"]}</arg>
<doc>Types the given ``text`` into the text field identified by ``locator``.</doc>
<status status="PASS" start="2025-09-25T15:18:28.748252" elapsed="0.037919"/>
</kw>
<kw name="Click Button" owner="SeleniumLibrary">
<msg time="2025-09-25T15:18:28.786399" level="INFO">Clicking button '//button[@aria-label="Save"]'.</msg>
<arg>${customers_btn_save}</arg>
<doc>Clicks the button identified by ``locator``.</doc>
<status status="PASS" start="2025-09-25T15:18:28.786280" elapsed="0.036738"/>
</kw>
<kw name="Wait Until Page Contains" owner="SeleniumLibrary">
<arg>Customer created</arg>
<doc>Waits until ``text`` appears on the current page.</doc>
<status status="PASS" start="2025-09-25T15:18:28.823168" elapsed="0.426278"/>
</kw>
<arg>${customer}</arg>
<doc>Create a new customer using the provided customer dictionary.</doc>
<status status="PASS" start="2025-09-25T15:18:28.300003" elapsed="0.949510"/>
</kw>
<kw name="Verify Customer Details Match" owner="CustomerPage">
<kw name="Go To Customers Page" owner="CustomerPage">
<kw name="Click Element" owner="SeleniumLibrary">
<msg time="2025-09-25T15:18:29.249972" level="INFO">Clicking element '(//p[text()="Customers"])[2]'.</msg>
<arg>${nav_btn_customers}</arg>
<doc>Click the element identified by ``locator``.</doc>
<status status="PASS" start="2025-09-25T15:18:29.249886" elapsed="0.043775"/>
</kw>
<kw name="Wait Until Element Is Visible" owner="SeleniumLibrary">
<arg>//table//tbody//tr</arg>
<doc>Waits until the element ``locator`` is visible.</doc>
<status status="PASS" start="2025-09-25T15:18:29.294069" elapsed="0.255210"/>
</kw>
<doc>Navigate to the customers page and wait until the customer table is visible</doc>
<status status="PASS" start="2025-09-25T15:18:29.249797" elapsed="0.299546"/>
</kw>
<kw name="Refresh Current Page" owner="App">
<kw name="Click Button" owner="SeleniumLibrary">
<msg time="2025-09-25T15:18:29.549693" level="INFO">Clicking button '//button[@aria-label="Refresh"]'.</msg>
<arg>${btn_refresh}</arg>
<doc>Clicks the button identified by ``locator``.</doc>
<status status="PASS" start="2025-09-25T15:18:29.549593" elapsed="0.139389"/>
</kw>
<kw name="Wait Until Element Is Visible" owner="SeleniumLibrary">
<arg>${loading_icon}</arg>
<doc>Waits until the element ``locator`` is visible.</doc>
<status status="PASS" start="2025-09-25T15:18:29.689100" elapsed="0.013347"/>
</kw>
<kw name="Wait Until Element Is Not Visible" owner="SeleniumLibrary">
<arg>${loading_icon}</arg>
<doc>Waits until the element ``locator`` is not visible.</doc>
<status status="PASS" start="2025-09-25T15:18:29.702553" elapsed="0.428829"/>
</kw>
<status status="PASS" start="2025-09-25T15:18:29.549452" elapsed="0.582016"/>
</kw>
<kw name="Click Element" owner="SeleniumLibrary">
<msg time="2025-09-25T15:18:30.132057" level="INFO">Clicking element '//a[.//div[contains(normalize-space(.),"Patricia Lebsack")]]'.</msg>
<arg>//a[.//div[contains(normalize-space(.),"${customer["name"]}")]]</arg>
<doc>Click the element identified by ``locator``.</doc>
<status status="PASS" start="2025-09-25T15:18:30.131572" elapsed="0.031810"/>
</kw>
<kw name="Wait Until Element Is Visible" owner="SeleniumLibrary">
<arg>${customers_txt_firstname}</arg>
<doc>Waits until the element ``locator`` is visible.</doc>
<status status="PASS" start="2025-09-25T15:18:30.163503" elapsed="0.047548"/>
</kw>
<kw name="Evaluate" owner="BuiltIn">
<msg time="2025-09-25T15:18:30.211533" level="INFO">${first} = Patricia</msg>
<var>${first}</var>
<arg>"${customer['name']}".split(" ")[0]</arg>
<doc>Evaluates the given expression in Python and returns the result.</doc>
<status status="PASS" start="2025-09-25T15:18:30.211196" elapsed="0.000350"/>
</kw>
<kw name="Evaluate" owner="BuiltIn">
<msg time="2025-09-25T15:18:30.211834" level="INFO">${last} = Lebsack</msg>
<var>${last}</var>
<arg>"${customer['name']}".split(" ")[1]</arg>
<doc>Evaluates the given expression in Python and returns the result.</doc>
<status status="PASS" start="2025-09-25T15:18:30.211598" elapsed="0.000247"/>
</kw>
<kw name="Reformat Birthday" owner="CustomLibrary">
<msg time="2025-09-25T15:18:30.212114" level="INFO">${birthday} = 2001-06-03</msg>
<var>${birthday}</var>
<arg>${customer["birthday"]}</arg>
<status status="PASS" start="2025-09-25T15:18:30.211888" elapsed="0.000236"/>
</kw>
<kw name="Get Element Attribute" owner="SeleniumLibrary">
<msg time="2025-09-25T15:18:30.217184" level="INFO">${firstname} = Patricia</msg>
<var>${firstname}</var>
<arg>${customers_txt_firstname}</arg>
<arg>value</arg>
<doc>Returns the value of ``attribute`` from the element ``locator``.</doc>
<status status="PASS" start="2025-09-25T15:18:30.212170" elapsed="0.005029"/>
</kw>
<kw name="Should Be Equal As Strings" owner="BuiltIn">
<arg>${firstname}</arg>
<arg>${first}</arg>
<doc>Fails if objects are unequal after converting them to strings.</doc>
<status status="PASS" start="2025-09-25T15:18:30.217273" elapsed="0.000096"/>
</kw>
<kw name="Get Element Attribute" owner="SeleniumLibrary">
<msg time="2025-09-25T15:18:30.221898" level="INFO">${lastname} = Lebsack</msg>
<var>${lastname}</var>
<arg>${customers_txt_lastname}</arg>
<arg>value</arg>
<doc>Returns the value of ``attribute`` from the element ``locator``.</doc>
<status status="PASS" start="2025-09-25T15:18:30.217420" elapsed="0.004492"/>
</kw>
<kw name="Should Be Equal As Strings" owner="BuiltIn">
<arg>${lastname}</arg>
<arg>${last}</arg>
<doc>Fails if objects are unequal after converting them to strings.</doc>
<status status="PASS" start="2025-09-25T15:18:30.221967" elapsed="0.000072"/>
</kw>
<kw name="Get Element Attribute" owner="SeleniumLibrary">
<msg time="2025-09-25T15:18:30.226869" level="INFO">${email} = Julianne.OConner@kory.org</msg>
<var>${email}</var>
<arg>${customers_txt_email}</arg>
<arg>value</arg>
<doc>Returns the value of ``attribute`` from the element ``locator``.</doc>
<status status="PASS" start="2025-09-25T15:18:30.222083" elapsed="0.004799"/>
</kw>
<kw name="Should Be Equal As Strings" owner="BuiltIn">
<arg>${email}</arg>
<arg>${customer["email"]}</arg>
<doc>Fails if objects are unequal after converting them to strings.</doc>
<status status="PASS" start="2025-09-25T15:18:30.226937" elapsed="0.000263"/>
</kw>
<kw name="Get Element Attribute" owner="SeleniumLibrary">
<msg time="2025-09-25T15:18:30.231887" level="INFO">${bday} = 2001-06-03</msg>
<var>${bday}</var>
<arg>${customers_txt_birthday}</arg>
<arg>value</arg>
<doc>Returns the value of ``attribute`` from the element ``locator``.</doc>
<status status="PASS" start="2025-09-25T15:18:30.227247" elapsed="0.004653"/>
</kw>
<kw name="Should Be Equal As Strings" owner="BuiltIn">
<arg>${bday}</arg>
<arg>${birthday}</arg>
<doc>Fails if objects are unequal after converting them to strings.</doc>
<status status="PASS" start="2025-09-25T15:18:30.231949" elapsed="0.000069"/>
</kw>
<kw name="Get Element Attribute" owner="SeleniumLibrary">
<msg time="2025-09-25T15:18:30.236514" level="INFO">${address} = Hoeger Mall Apt. 692</msg>
<var>${address}</var>
<arg>${customers_txt_address}</arg>
<arg>value</arg>
<doc>Returns the value of ``attribute`` from the element ``locator``.</doc>
<status status="PASS" start="2025-09-25T15:18:30.232061" elapsed="0.004465"/>
</kw>
<kw name="Should Be Equal As Strings" owner="BuiltIn">
<arg>${address}</arg>
<arg>${customer["address"]["street"]} ${customer["address"]["suite"]}</arg>
<doc>Fails if objects are unequal after converting them to strings.</doc>
<status status="PASS" start="2025-09-25T15:18:30.236577" elapsed="0.000374"/>
</kw>
<kw name="Get Element Attribute" owner="SeleniumLibrary">
<msg time="2025-09-25T15:18:30.241250" level="INFO">${city} = South Elvis</msg>
<var>${city}</var>
<arg>${customers_txt_city}</arg>
<arg>value</arg>
<doc>Returns the value of ``attribute`` from the element ``locator``.</doc>
<status status="PASS" start="2025-09-25T15:18:30.236998" elapsed="0.004264"/>
</kw>
<kw name="Should Be Equal As Strings" owner="BuiltIn">
<arg>${city}</arg>
<arg>${customer["address"]["city"]}</arg>
<doc>Fails if objects are unequal after converting them to strings.</doc>
<status status="PASS" start="2025-09-25T15:18:30.241312" elapsed="0.000229"/>
</kw>
<kw name="Get Element Attribute" owner="SeleniumLibrary">
<msg time="2025-09-25T15:18:30.246201" level="INFO">${state} = HASS</msg>
<var>${state}</var>
<arg>${customers_txt_stateAbbr}</arg>
<arg>value</arg>
<doc>Returns the value of ``attribute`` from the element ``locator``.</doc>
<status status="PASS" start="2025-09-25T15:18:30.241596" elapsed="0.004619"/>
</kw>
<kw name="Should Be Equal As Strings" owner="BuiltIn">
<arg>${state}</arg>
<arg>${customer["stateAbbr"]}</arg>
<doc>Fails if objects are unequal after converting them to strings.</doc>
<status status="PASS" start="2025-09-25T15:18:30.246269" elapsed="0.000251"/>
</kw>
<kw name="Get Element Attribute" owner="SeleniumLibrary">
<msg time="2025-09-25T15:18:30.250876" level="INFO">${zipcode} = 53919-4257</msg>
<var>${zipcode}</var>
<arg>${customers_txt_zipcode}</arg>
<arg>value</arg>
<doc>Returns the value of ``attribute`` from the element ``locator``.</doc>
<status status="PASS" start="2025-09-25T15:18:30.246567" elapsed="0.004321"/>
</kw>
<kw name="Should Be Equal As Strings" owner="BuiltIn">
<arg>${zipcode}</arg>
<arg>${customer["address"]["zipcode"]}</arg>
<doc>Fails if objects are unequal after converting them to strings.</doc>
<status status="PASS" start="2025-09-25T15:18:30.250936" elapsed="0.000222"/>
</kw>
<kw name="Get Element Attribute" owner="SeleniumLibrary">
<msg time="2025-09-25T15:18:30.255457" level="INFO">${password} = aHxZgko3</msg>
<var>${password}</var>
<arg>${customers_txt_password}</arg>
<arg>value</arg>
<doc>Returns the value of ``attribute`` from the element ``locator``.</doc>
<status status="PASS" start="2025-09-25T15:18:30.251205" elapsed="0.004265"/>
</kw>
<kw name="Should Be Equal As Strings" owner="BuiltIn">
<arg>${password}</arg>
<arg>${customer["password"]}</arg>
<doc>Fails if objects are unequal after converting them to strings.</doc>
<status status="PASS" start="2025-09-25T15:18:30.255517" elapsed="0.000245"/>
</kw>
<arg>${customer}</arg>
<status status="PASS" start="2025-09-25T15:18:29.249643" elapsed="1.006151"/>
</kw>
<var name="${customer}">{'id': 4, 'name': 'Patricia Lebsack', 'username': 'Karianne', 'email': 'Julianne.OConner@kory.org', 'address': {'street': 'Hoeger Mall', 'suite': 'Apt. 692', 'city': 'South Elvis', 'zipcode': '53919-4...</var>
<status status="PASS" start="2025-09-25T15:18:28.056190" elapsed="2.199622"/>
</iter>
<iter>
<kw name="Go To Customers Page" owner="CustomerPage">
<kw name="Click Element" owner="SeleniumLibrary">
<msg time="2025-09-25T15:18:30.256085" level="INFO">Clicking element '(//p[text()="Customers"])[2]'.</msg>
<arg>${nav_btn_customers}</arg>
<doc>Click the element identified by ``locator``.</doc>
<status status="PASS" start="2025-09-25T15:18:30.256028" elapsed="0.025744"/>
</kw>
<kw name="Wait Until Element Is Visible" owner="SeleniumLibrary">
<arg>//table//tbody//tr</arg>
<doc>Waits until the element ``locator`` is visible.</doc>
<status status="PASS" start="2025-09-25T15:18:30.281877" elapsed="0.047609"/>
</kw>
<doc>Navigate to the customers page and wait until the customer table is visible</doc>
<status status="PASS" start="2025-09-25T15:18:30.255943" elapsed="0.073603"/>
</kw>
<kw name="Create User" owner="CustomerPage">
<kw name="Click Element" owner="SeleniumLibrary">
<msg time="2025-09-25T15:18:30.329874" level="INFO">Clicking element '//a[@aria-label="Create"]'.</msg>
<arg>${customers_btn_create}</arg>
<doc>Click the element identified by ``locator``.</doc>
<status status="PASS" start="2025-09-25T15:18:30.329793" elapsed="0.024842"/>
</kw>
<kw name="Wait Until Element Is Visible" owner="SeleniumLibrary">
<arg>${customers_txt_firstname}</arg>
<doc>Waits until the element ``locator`` is visible.</doc>
<status status="PASS" start="2025-09-25T15:18:30.354822" elapsed="0.210319"/>
</kw>
<kw name="Evaluate" owner="BuiltIn">
<msg time="2025-09-25T15:18:30.565738" level="INFO">${first} = Chelsey</msg>
<var>${first}</var>
<arg>"${customer['name']}".split(" ")[0]</arg>
<doc>Evaluates the given expression in Python and returns the result.</doc>
<status status="PASS" start="2025-09-25T15:18:30.565346" elapsed="0.000406"/>
</kw>
<kw name="Evaluate" owner="BuiltIn">
<msg time="2025-09-25T15:18:30.566069" level="INFO">${last} = Dietrich</msg>
<var>${last}</var>
<arg>"${customer['name']}".split(" ")[1]</arg>
<doc>Evaluates the given expression in Python and returns the result.</doc>
<status status="PASS" start="2025-09-25T15:18:30.565821" elapsed="0.000259"/>
</kw>
<kw name="Input Text" owner="SeleniumLibrary">
<msg time="2025-09-25T15:18:30.566235" level="INFO">Typing text 'Chelsey' into text field '//input[@name="first_name"]'.</msg>
<arg>${customers_txt_firstname}</arg>
<arg>${first}</arg>
[...]
<var>${total_spent}</var>
<arg>((${table_row})[${i}]//td)[5]</arg>
<doc>Returns the text value of the element identified by ``locator``.</doc>
<status status="PASS" start="2025-09-25T15:18:43.559687" elapsed="0.007399"/>
</kw>
<kw name="Run Keyword If" owner="BuiltIn">
<kw name="Evaluate" owner="BuiltIn">
<arg>"""${fetched_name}"""</arg>
<doc>Evaluates the given expression in Python and returns the result.</doc>
<status status="PASS" start="2025-09-25T15:18:43.567224" elapsed="0.000062"/>
</kw>
<msg time="2025-09-25T15:18:43.567317" level="INFO">${formatted_name} = M
Mariela Jacobs</msg>
<var>${formatted_name}</var>
<arg>True</arg>
<arg>Evaluate</arg>
<arg>"""${fetched_name}"""</arg>
<doc>Runs the given keyword with the given arguments, if ``condition`` is true.</doc>
<status status="PASS" start="2025-09-25T15:18:43.567145" elapsed="0.000181"/>
</kw>
<kw name="Evaluate" owner="BuiltIn">
<msg time="2025-09-25T15:18:43.567447" level="INFO">${clean_amount} = 0.00</msg>
<var>${clean_amount}</var>
<arg>"""${total_spent}""".replace("$", "").replace(",", "")</arg>
<doc>Evaluates the given expression in Python and returns the result.</doc>
<status status="PASS" start="2025-09-25T15:18:43.567365" elapsed="0.000091"/>
</kw>
<if>
<branch type="IF" condition="&quot;${clean_amount}&quot; != &quot;0.00&quot;">
<kw name="Evaluate" owner="BuiltIn">
<var>${users_total}</var>
<arg>${users_total} + float("${clean_amount}")</arg>
<doc>Evaluates the given expression in Python and returns the result.</doc>
<status status="NOT RUN" start="2025-09-25T15:18:43.567580" elapsed="0.000009"/>
</kw>
<kw name="Log To Console" owner="BuiltIn">
<arg>${counter}. ${formatted_name}: ${total_spent}</arg>
<doc>Logs the given message to the console.</doc>
<status status="NOT RUN" start="2025-09-25T15:18:43.567622" elapsed="0.000009"/>
</kw>
<kw name="Evaluate" owner="BuiltIn">
<var>${counter}</var>
<arg>${counter} + 1</arg>
<doc>Evaluates the given expression in Python and returns the result.</doc>
<status status="NOT RUN" start="2025-09-25T15:18:43.567663" elapsed="0.000006"/>
</kw>
<status status="NOT RUN" start="2025-09-25T15:18:43.567486" elapsed="0.000197"/>
</branch>
<status status="PASS" start="2025-09-25T15:18:43.567478" elapsed="0.000218"/>
</if>
<var name="${i}">20</var>
<status status="PASS" start="2025-09-25T15:18:43.552079" elapsed="0.015627"/>
</iter>
<iter>
<kw name="Get Text" owner="SeleniumLibrary">
<msg time="2025-09-25T15:18:43.575661" level="INFO">${fetched_name} = P
Pierce Williamson</msg>
<var>${fetched_name}</var>
<arg>((${table_row})[${i}]//td)[2]</arg>
<doc>Returns the text value of the element identified by ``locator``.</doc>
<status status="PASS" start="2025-09-25T15:18:43.567804" elapsed="0.007872"/>
</kw>
<kw name="Get Text" owner="SeleniumLibrary">
<msg time="2025-09-25T15:18:43.583089" level="INFO">${total_spent} = $0.00</msg>
<var>${total_spent}</var>
<arg>((${table_row})[${i}]//td)[5]</arg>
<doc>Returns the text value of the element identified by ``locator``.</doc>
<status status="PASS" start="2025-09-25T15:18:43.575735" elapsed="0.007368"/>
</kw>
<kw name="Run Keyword If" owner="BuiltIn">
<kw name="Evaluate" owner="BuiltIn">
<arg>"""${fetched_name}"""</arg>
<doc>Evaluates the given expression in Python and returns the result.</doc>
<status status="PASS" start="2025-09-25T15:18:43.583241" elapsed="0.000063"/>
</kw>
<msg time="2025-09-25T15:18:43.583334" level="INFO">${formatted_name} = P
Pierce Williamson</msg>
<var>${formatted_name}</var>
<arg>True</arg>
<arg>Evaluate</arg>
<arg>"""${fetched_name}"""</arg>
<doc>Runs the given keyword with the given arguments, if ``condition`` is true.</doc>
<status status="PASS" start="2025-09-25T15:18:43.583162" elapsed="0.000180"/>
</kw>
<kw name="Evaluate" owner="BuiltIn">
<msg time="2025-09-25T15:18:43.583461" level="INFO">${clean_amount} = 0.00</msg>
<var>${clean_amount}</var>
<arg>"""${total_spent}""".replace("$", "").replace(",", "")</arg>
<doc>Evaluates the given expression in Python and returns the result.</doc>
<status status="PASS" start="2025-09-25T15:18:43.583381" elapsed="0.000089"/>
</kw>
<if>
<branch type="IF" condition="&quot;${clean_amount}&quot; != &quot;0.00&quot;">
<kw name="Evaluate" owner="BuiltIn">
<var>${users_total}</var>
<arg>${users_total} + float("${clean_amount}")</arg>
<doc>Evaluates the given expression in Python and returns the result.</doc>
<status status="NOT RUN" start="2025-09-25T15:18:43.583559" elapsed="0.000009"/>
</kw>
<kw name="Log To Console" owner="BuiltIn">
<arg>${counter}. ${formatted_name}: ${total_spent}</arg>
<doc>Logs the given message to the console.</doc>
<status status="NOT RUN" start="2025-09-25T15:18:43.583601" elapsed="0.000008"/>
</kw>
<kw name="Evaluate" owner="BuiltIn">
<var>${counter}</var>
<arg>${counter} + 1</arg>
<doc>Evaluates the given expression in Python and returns the result.</doc>
<status status="NOT RUN" start="2025-09-25T15:18:43.583639" elapsed="0.000007"/>
</kw>
<status status="NOT RUN" start="2025-09-25T15:18:43.583502" elapsed="0.000157"/>
</branch>
<status status="PASS" start="2025-09-25T15:18:43.583494" elapsed="0.000178"/>
</if>
<var name="${i}">21</var>
<status status="PASS" start="2025-09-25T15:18:43.567771" elapsed="0.015910"/>
</iter>
<iter>
<kw name="Get Text" owner="SeleniumLibrary">
<msg time="2025-09-25T15:18:43.591614" level="INFO">${fetched_name} = M
Madeline Jerde</msg>
<var>${fetched_name}</var>
<arg>((${table_row})[${i}]//td)[2]</arg>
<doc>Returns the text value of the element identified by ``locator``.</doc>
<status status="PASS" start="2025-09-25T15:18:43.583782" elapsed="0.007855"/>
</kw>
<kw name="Get Text" owner="SeleniumLibrary">
<msg time="2025-09-25T15:18:43.599298" level="INFO">${total_spent} = $0.00</msg>
<var>${total_spent}</var>
<arg>((${table_row})[${i}]//td)[5]</arg>
<doc>Returns the text value of the element identified by ``locator``.</doc>
<status status="PASS" start="2025-09-25T15:18:43.591705" elapsed="0.007606"/>
</kw>
<kw name="Run Keyword If" owner="BuiltIn">
<kw name="Evaluate" owner="BuiltIn">
<arg>"""${fetched_name}"""</arg>
<doc>Evaluates the given expression in Python and returns the result.</doc>
<status status="PASS" start="2025-09-25T15:18:43.599451" elapsed="0.000060"/>
</kw>
<msg time="2025-09-25T15:18:43.599542" level="INFO">${formatted_name} = M
Madeline Jerde</msg>
<var>${formatted_name}</var>
<arg>True</arg>
<arg>Evaluate</arg>
<arg>"""${fetched_name}"""</arg>
<doc>Runs the given keyword with the given arguments, if ``condition`` is true.</doc>
<status status="PASS" start="2025-09-25T15:18:43.599375" elapsed="0.000175"/>
</kw>
<kw name="Evaluate" owner="BuiltIn">
<msg time="2025-09-25T15:18:43.599718" level="INFO">${clean_amount} = 0.00</msg>
<var>${clean_amount}</var>
<arg>"""${total_spent}""".replace("$", "").replace(",", "")</arg>
<doc>Evaluates the given expression in Python and returns the result.</doc>
<status status="PASS" start="2025-09-25T15:18:43.599636" elapsed="0.000091"/>
</kw>
<if>
<branch type="IF" condition="&quot;${clean_amount}&quot; != &quot;0.00&quot;">
<kw name="Evaluate" owner="BuiltIn">
<var>${users_total}</var>
<arg>${users_total} + float("${clean_amount}")</arg>
<doc>Evaluates the given expression in Python and returns the result.</doc>
<status status="NOT RUN" start="2025-09-25T15:18:43.599814" elapsed="0.000009"/>
</kw>
<kw name="Log To Console" owner="BuiltIn">
<arg>${counter}. ${formatted_name}: ${total_spent}</arg>
<doc>Logs the given message to the console.</doc>
<status status="NOT RUN" start="2025-09-25T15:18:43.599861" elapsed="0.000010"/>
</kw>
<kw name="Evaluate" owner="BuiltIn">
<var>${counter}</var>
<arg>${counter} + 1</arg>
<doc>Evaluates the given expression in Python and returns the result.</doc>
<status status="NOT RUN" start="2025-09-25T15:18:43.599903" elapsed="0.000012"/>
</kw>
<status status="NOT RUN" start="2025-09-25T15:18:43.599757" elapsed="0.000172"/>
</branch>
<status status="PASS" start="2025-09-25T15:18:43.599750" elapsed="0.000192"/>
</if>
<var name="${i}">22</var>
<status status="PASS" start="2025-09-25T15:18:43.583750" elapsed="0.016201"/>
</iter>
<iter>
<kw name="Get Text" owner="SeleniumLibrary">
<msg time="2025-09-25T15:18:43.607678" level="INFO">${fetched_name} = Adrianna Stiedemann</msg>
<var>${fetched_name}</var>
<arg>((${table_row})[${i}]//td)[2]</arg>
<doc>Returns the text value of the element identified by ``locator``.</doc>
<status status="PASS" start="2025-09-25T15:18:43.600045" elapsed="0.007647"/>
</kw>
<kw name="Get Text" owner="SeleniumLibrary">
<msg time="2025-09-25T15:18:43.615307" level="INFO">${total_spent} = $0.00</msg>
<var>${total_spent}</var>
<arg>((${table_row})[${i}]//td)[5]</arg>
<doc>Returns the text value of the element identified by ``locator``.</doc>
<status status="PASS" start="2025-09-25T15:18:43.607743" elapsed="0.007578"/>
</kw>
<kw name="Run Keyword If" owner="BuiltIn">
<kw name="Evaluate" owner="BuiltIn">
<arg>"""${fetched_name}"""</arg>
<doc>Evaluates the given expression in Python and returns the result.</doc>
<status status="PASS" start="2025-09-25T15:18:43.615454" elapsed="0.000061"/>
</kw>
<msg time="2025-09-25T15:18:43.615552" level="INFO">${formatted_name} = Adrianna Stiedemann</msg>
<var>${formatted_name}</var>
<arg>True</arg>
<arg>Evaluate</arg>
<arg>"""${fetched_name}"""</arg>
<doc>Runs the given keyword with the given arguments, if ``condition`` is true.</doc>
<status status="PASS" start="2025-09-25T15:18:43.615379" elapsed="0.000182"/>
</kw>
<kw name="Evaluate" owner="BuiltIn">
<msg time="2025-09-25T15:18:43.615681" level="INFO">${clean_amount} = 0.00</msg>
<var>${clean_amount}</var>
<arg>"""${total_spent}""".replace("$", "").replace(",", "")</arg>
<doc>Evaluates the given expression in Python and returns the result.</doc>
<status status="PASS" start="2025-09-25T15:18:43.615601" elapsed="0.000089"/>
</kw>
<if>
<branch type="IF" condition="&quot;${clean_amount}&quot; != &quot;0.00&quot;">
<kw name="Evaluate" owner="BuiltIn">
<var>${users_total}</var>
<arg>${users_total} + float("${clean_amount}")</arg>
<doc>Evaluates the given expression in Python and returns the result.</doc>
<status status="NOT RUN" start="2025-09-25T15:18:43.615803" elapsed="0.000009"/>
</kw>
<kw name="Log To Console" owner="BuiltIn">
<arg>${counter}. ${formatted_name}: ${total_spent}</arg>
<doc>Logs the given message to the console.</doc>
<status status="NOT RUN" start="2025-09-25T15:18:43.615846" elapsed="0.000007"/>
</kw>
<kw name="Evaluate" owner="BuiltIn">
<var>${counter}</var>
<arg>${counter} + 1</arg>
<doc>Evaluates the given expression in Python and returns the result.</doc>
<status status="NOT RUN" start="2025-09-25T15:18:43.615884" elapsed="0.000007"/>
</kw>
<status status="NOT RUN" start="2025-09-25T15:18:43.615747" elapsed="0.000157"/>
</branch>
<status status="PASS" start="2025-09-25T15:18:43.615739" elapsed="0.000179"/>
</if>
<var name="${i}">23</var>
<status status="PASS" start="2025-09-25T15:18:43.600013" elapsed="0.015913"/>
</iter>
<iter>
<kw name="Get Text" owner="SeleniumLibrary">
<msg time="2025-09-25T15:18:43.623579" level="INFO">${fetched_name} = M
Michale Willms</msg>
<var>${fetched_name}</var>
<arg>((${table_row})[${i}]//td)[2]</arg>
<doc>Returns the text value of the element identified by ``locator``.</doc>
<status status="PASS" start="2025-09-25T15:18:43.616033" elapsed="0.007560"/>
</kw>
<kw name="Get Text" owner="SeleniumLibrary">
<msg time="2025-09-25T15:18:43.631760" level="INFO">${total_spent} = $0.00</msg>
<var>${total_spent}</var>
<arg>((${table_row})[${i}]//td)[5]</arg>
<doc>Returns the text value of the element identified by ``locator``.</doc>
<status status="PASS" start="2025-09-25T15:18:43.623643" elapsed="0.008136"/>
</kw>
<kw name="Run Keyword If" owner="BuiltIn">
<kw name="Evaluate" owner="BuiltIn">
<arg>"""${fetched_name}"""</arg>
<doc>Evaluates the given expression in Python and returns the result.</doc>
<status status="PASS" start="2025-09-25T15:18:43.631962" elapsed="0.000074"/>
</kw>
<msg time="2025-09-25T15:18:43.632071" level="INFO">${formatted_name} = M
Michale Willms</msg>
<var>${formatted_name}</var>
<arg>True</arg>
<arg>Evaluate</arg>
<arg>"""${fetched_name}"""</arg>
<doc>Runs the given keyword with the given arguments, if ``condition`` is true.</doc>
<status status="PASS" start="2025-09-25T15:18:43.631860" elapsed="0.000221"/>
</kw>
<kw name="Evaluate" owner="BuiltIn">
<msg time="2025-09-25T15:18:43.632216" level="INFO">${clean_amount} = 0.00</msg>
<var>${clean_amount}</var>
<arg>"""${total_spent}""".replace("$", "").replace(",", "")</arg>
<doc>Evaluates the given expression in Python and returns the result.</doc>
<status status="PASS" start="2025-09-25T15:18:43.632123" elapsed="0.000103"/>
</kw>
<if>
<branch type="IF" condition="&quot;${clean_amount}&quot; != &quot;0.00&quot;">
<kw name="Evaluate" owner="BuiltIn">
<var>${users_total}</var>
<arg>${users_total} + float("${clean_amount}")</arg>
<doc>Evaluates the given expression in Python and returns the result.</doc>
<status status="NOT RUN" start="2025-09-25T15:18:43.632323" elapsed="0.000009"/>
</kw>
<kw name="Log To Console" owner="BuiltIn">
<arg>${counter}. ${formatted_name}: ${total_spent}</arg>
<doc>Logs the given message to the console.</doc>
<status status="NOT RUN" start="2025-09-25T15:18:43.632368" elapsed="0.000009"/>
</kw>
<kw name="Evaluate" owner="BuiltIn">
<var>${counter}</var>
<arg>${counter} + 1</arg>
<doc>Evaluates the given expression in Python and returns the result.</doc>
<status status="NOT RUN" start="2025-09-25T15:18:43.632408" elapsed="0.000007"/>
</kw>
<status status="NOT RUN" start="2025-09-25T15:18:43.632261" elapsed="0.000167"/>
</branch>
<status status="PASS" start="2025-09-25T15:18:43.632252" elapsed="0.000191"/>
</if>
<var name="${i}">24</var>
<status status="PASS" start="2025-09-25T15:18:43.615985" elapsed="0.016468"/>
</iter>
<iter>
<kw name="Get Text" owner="SeleniumLibrary">
<msg time="2025-09-25T15:18:43.640385" level="INFO">${fetched_name} = V
Verlie Lindgren</msg>
<var>${fetched_name}</var>
<arg>((${table_row})[${i}]//td)[2]</arg>
<doc>Returns the text value of the element identified by ``locator``.</doc>
<status status="PASS" start="2025-09-25T15:18:43.632560" elapsed="0.007841"/>
</kw>
<kw name="Get Text" owner="SeleniumLibrary">
<msg time="2025-09-25T15:18:43.650478" level="INFO">${total_spent} = $0.00</msg>
<var>${total_spent}</var>
<arg>((${table_row})[${i}]//td)[5]</arg>
<doc>Returns the text value of the element identified by ``locator``.</doc>
<status status="PASS" start="2025-09-25T15:18:43.640460" elapsed="0.010037"/>
</kw>
<kw name="Run Keyword If" owner="BuiltIn">
<kw name="Evaluate" owner="BuiltIn">
<arg>"""${fetched_name}"""</arg>
<doc>Evaluates the given expression in Python and returns the result.</doc>
<status status="PASS" start="2025-09-25T15:18:43.650713" elapsed="0.000069"/>
</kw>
<msg time="2025-09-25T15:18:43.650815" level="INFO">${formatted_name} = V
Verlie Lindgren</msg>
<var>${formatted_name}</var>
<arg>True</arg>
<arg>Evaluate</arg>
<arg>"""${fetched_name}"""</arg>
<doc>Runs the given keyword with the given arguments, if ``condition`` is true.</doc>
<status status="PASS" start="2025-09-25T15:18:43.650581" elapsed="0.000243"/>
</kw>
<kw name="Evaluate" owner="BuiltIn">
<msg time="2025-09-25T15:18:43.650954" level="INFO">${clean_amount} = 0.00</msg>
<var>${clean_amount}</var>
<arg>"""${total_spent}""".replace("$", "").replace(",", "")</arg>
<doc>Evaluates the given expression in Python and returns the result.</doc>
<status status="PASS" start="2025-09-25T15:18:43.650866" elapsed="0.000096"/>
</kw>
<if>
<branch type="IF" condition="&quot;${clean_amount}&quot; != &quot;0.00&quot;">
<kw name="Evaluate" owner="BuiltIn">
<var>${users_total}</var>
<arg>${users_total} + float("${clean_amount}")</arg>
<doc>Evaluates the given expression in Python and returns the result.</doc>
<status status="NOT RUN" start="2025-09-25T15:18:43.651058" elapsed="0.000009"/>
</kw>
<kw name="Log To Console" owner="BuiltIn">
<arg>${counter}. ${formatted_name}: ${total_spent}</arg>
<doc>Logs the given message to the console.</doc>
<status status="NOT RUN" start="2025-09-25T15:18:43.651102" elapsed="0.000008"/>
</kw>
<kw name="Evaluate" owner="BuiltIn">
<var>${counter}</var>
<arg>${counter} + 1</arg>
<doc>Evaluates the given expression in Python and returns the result.</doc>
<status status="NOT RUN" start="2025-09-25T15:18:43.651141" elapsed="0.000007"/>
</kw>
<status status="NOT RUN" start="2025-09-25T15:18:43.650996" elapsed="0.000165"/>
</branch>
<status status="PASS" start="2025-09-25T15:18:43.650987" elapsed="0.000189"/>
</if>
<var name="${i}">25</var>
<status status="PASS" start="2025-09-25T15:18:43.632525" elapsed="0.018660"/>
</iter>
<var>${i}</var>
<value>1</value>
<value>${end}</value>
<status status="PASS" start="2025-09-25T15:18:43.237685" elapsed="0.413520"/>
</for>
<kw name="Evaluate" owner="BuiltIn">
<msg time="2025-09-25T15:18:43.651323" level="INFO">${formatted_total} = 4500.91</msg>
<var>${formatted_total}</var>
<arg>"{:.2f}".format(${users_total})</arg>
<doc>Evaluates the given expression in Python and returns the result.</doc>
<status status="PASS" start="2025-09-25T15:18:43.651252" elapsed="0.000080"/>
</kw>
<kw name="Log To Console" owner="BuiltIn">
<arg>\n=======================================</arg>
<doc>Logs the given message to the console.</doc>
<status status="PASS" start="2025-09-25T15:18:43.651367" elapsed="0.000131"/>
</kw>
<kw name="Log To Console" owner="BuiltIn">
<arg>Total Customer Spending: $${formatted_total}</arg>
<doc>Logs the given message to the console.</doc>
<status status="PASS" start="2025-09-25T15:18:43.651537" elapsed="0.000059"/>
</kw>
<kw name="Log To Console" owner="BuiltIn">
<arg>=======================================</arg>
<doc>Logs the given message to the console.</doc>
<status status="PASS" start="2025-09-25T15:18:43.651657" elapsed="0.000044"/>
</kw>
<kw name="Verify Spent Amount" owner="CustomerPage">
<if>
<branch type="IF" condition="${formatted_total} &lt; 3500">
<kw name="Log To Console" owner="BuiltIn">
<arg>"FAIL: Total spending($${formatted_total}) is below minimum ($3,500)"</arg>
<doc>Logs the given message to the console.</doc>
<status status="NOT RUN" start="2025-09-25T15:18:43.651987" elapsed="0.000008"/>
</kw>
<kw name="Fail" owner="BuiltIn">
<doc>Fails the test with the given message and optionally alters its tags.</doc>
<status status="NOT RUN" start="2025-09-25T15:18:43.652032" elapsed="0.000008"/>
</kw>
<status status="NOT RUN" start="2025-09-25T15:18:43.651933" elapsed="0.000119"/>
</branch>
<branch type="ELSE">
<kw name="Log To Console" owner="BuiltIn">
<arg>"PASS: Total spending ($${formatted_total}) meets minimum threshold ($3,500)"</arg>
<doc>Logs the given message to the console.</doc>
<status status="PASS" start="2025-09-25T15:18:43.652094" elapsed="0.000050"/>
</kw>
<status status="PASS" start="2025-09-25T15:18:43.652065" elapsed="0.000098"/>
</branch>
<status status="PASS" start="2025-09-25T15:18:43.651926" elapsed="0.000253"/>
</if>
<arg>${formatted_total}</arg>
<status status="PASS" start="2025-09-25T15:18:43.651815" elapsed="0.000383"/>
</kw>
<arg>${end}</arg>
<status status="PASS" start="2025-09-25T15:18:43.237375" elapsed="0.414846"/>
</kw>
<arg>26</arg>
<status status="PASS" start="2025-09-25T15:18:43.201772" elapsed="0.450468"/>
</kw>
<status status="PASS" start="2025-09-25T15:18:43.201638" elapsed="0.450665"/>
</test>
<kw name="Close Browser" owner="SeleniumLibrary" type="TEARDOWN">
<doc>Closes the current browser.</doc>
<status status="PASS" start="2025-09-25T15:18:43.652599" elapsed="0.097136"/>
</kw>
<status status="PASS" start="2025-09-25T15:18:12.657810" elapsed="31.091982"/>
</suite>
<statistics>
<total>
<stat pass="4" fail="0" skip="0">All Tests</stat>
</total>
<tag>
</tag>
<suite>
<stat pass="4" fail="0" skip="0" id="s1" name="Test">Test</stat>
</suite>
</statistics>
<errors>
</errors>
</robot>
